[2025-03-07T06:11:29.817+0000] {processor.py:186} INFO - Started process (PID=34) to work on /opt/airflow/dags/driver/clickhouse-jdbc-0.4.6-all.jar
[2025-03-07T06:11:29.819+0000] {processor.py:914} INFO - Processing file /opt/airflow/dags/driver/clickhouse-jdbc-0.4.6-all.jar for tasks to queue
[2025-03-07T06:11:29.822+0000] {logging_mixin.py:190} INFO - [2025-03-07T06:11:29.822+0000] {dagbag.py:588} INFO - Filling up the DagBag from /opt/airflow/dags/driver/clickhouse-jdbc-0.4.6-all.jar
[2025-03-07T06:11:29.941+0000] {processor.py:927} WARNING - No viable dags retrieved from /opt/airflow/dags/driver/clickhouse-jdbc-0.4.6-all.jar
[2025-03-07T06:11:29.955+0000] {processor.py:208} INFO - Processing /opt/airflow/dags/driver/clickhouse-jdbc-0.4.6-all.jar took 0.146 seconds
[2025-03-07T06:12:01.079+0000] {processor.py:186} INFO - Started process (PID=40) to work on /opt/airflow/dags/driver/clickhouse-jdbc-0.4.6-all.jar
[2025-03-07T06:12:01.080+0000] {processor.py:914} INFO - Processing file /opt/airflow/dags/driver/clickhouse-jdbc-0.4.6-all.jar for tasks to queue
[2025-03-07T06:12:01.082+0000] {logging_mixin.py:190} INFO - [2025-03-07T06:12:01.082+0000] {dagbag.py:588} INFO - Filling up the DagBag from /opt/airflow/dags/driver/clickhouse-jdbc-0.4.6-all.jar
[2025-03-07T06:12:01.165+0000] {processor.py:927} WARNING - No viable dags retrieved from /opt/airflow/dags/driver/clickhouse-jdbc-0.4.6-all.jar
[2025-03-07T06:12:01.177+0000] {processor.py:208} INFO - Processing /opt/airflow/dags/driver/clickhouse-jdbc-0.4.6-all.jar took 0.103 seconds
[2025-03-07T06:12:32.136+0000] {processor.py:186} INFO - Started process (PID=46) to work on /opt/airflow/dags/driver/clickhouse-jdbc-0.4.6-all.jar
[2025-03-07T06:12:32.137+0000] {processor.py:914} INFO - Processing file /opt/airflow/dags/driver/clickhouse-jdbc-0.4.6-all.jar for tasks to queue
[2025-03-07T06:12:32.139+0000] {logging_mixin.py:190} INFO - [2025-03-07T06:12:32.139+0000] {dagbag.py:588} INFO - Filling up the DagBag from /opt/airflow/dags/driver/clickhouse-jdbc-0.4.6-all.jar
[2025-03-07T06:12:32.209+0000] {processor.py:927} WARNING - No viable dags retrieved from /opt/airflow/dags/driver/clickhouse-jdbc-0.4.6-all.jar
[2025-03-07T06:12:32.223+0000] {processor.py:208} INFO - Processing /opt/airflow/dags/driver/clickhouse-jdbc-0.4.6-all.jar took 0.090 seconds
[2025-03-07T06:13:03.214+0000] {processor.py:186} INFO - Started process (PID=52) to work on /opt/airflow/dags/driver/clickhouse-jdbc-0.4.6-all.jar
[2025-03-07T06:13:03.215+0000] {processor.py:914} INFO - Processing file /opt/airflow/dags/driver/clickhouse-jdbc-0.4.6-all.jar for tasks to queue
[2025-03-07T06:13:03.218+0000] {logging_mixin.py:190} INFO - [2025-03-07T06:13:03.218+0000] {dagbag.py:588} INFO - Filling up the DagBag from /opt/airflow/dags/driver/clickhouse-jdbc-0.4.6-all.jar
[2025-03-07T06:13:03.290+0000] {processor.py:927} WARNING - No viable dags retrieved from /opt/airflow/dags/driver/clickhouse-jdbc-0.4.6-all.jar
[2025-03-07T06:13:03.299+0000] {processor.py:208} INFO - Processing /opt/airflow/dags/driver/clickhouse-jdbc-0.4.6-all.jar took 0.089 seconds
[2025-03-07T06:13:34.224+0000] {processor.py:186} INFO - Started process (PID=58) to work on /opt/airflow/dags/driver/clickhouse-jdbc-0.4.6-all.jar
[2025-03-07T06:13:34.225+0000] {processor.py:914} INFO - Processing file /opt/airflow/dags/driver/clickhouse-jdbc-0.4.6-all.jar for tasks to queue
[2025-03-07T06:13:34.227+0000] {logging_mixin.py:190} INFO - [2025-03-07T06:13:34.226+0000] {dagbag.py:588} INFO - Filling up the DagBag from /opt/airflow/dags/driver/clickhouse-jdbc-0.4.6-all.jar
[2025-03-07T06:13:34.297+0000] {processor.py:927} WARNING - No viable dags retrieved from /opt/airflow/dags/driver/clickhouse-jdbc-0.4.6-all.jar
[2025-03-07T06:13:34.306+0000] {processor.py:208} INFO - Processing /opt/airflow/dags/driver/clickhouse-jdbc-0.4.6-all.jar took 0.086 seconds
[2025-03-07T06:14:05.702+0000] {processor.py:186} INFO - Started process (PID=64) to work on /opt/airflow/dags/driver/clickhouse-jdbc-0.4.6-all.jar
[2025-03-07T06:14:05.705+0000] {processor.py:914} INFO - Processing file /opt/airflow/dags/driver/clickhouse-jdbc-0.4.6-all.jar for tasks to queue
[2025-03-07T06:14:05.710+0000] {logging_mixin.py:190} INFO - [2025-03-07T06:14:05.709+0000] {dagbag.py:588} INFO - Filling up the DagBag from /opt/airflow/dags/driver/clickhouse-jdbc-0.4.6-all.jar
[2025-03-07T06:14:05.780+0000] {processor.py:927} WARNING - No viable dags retrieved from /opt/airflow/dags/driver/clickhouse-jdbc-0.4.6-all.jar
[2025-03-07T06:14:05.792+0000] {processor.py:208} INFO - Processing /opt/airflow/dags/driver/clickhouse-jdbc-0.4.6-all.jar took 0.098 seconds
[2025-03-07T06:14:37.124+0000] {processor.py:186} INFO - Started process (PID=70) to work on /opt/airflow/dags/driver/clickhouse-jdbc-0.4.6-all.jar
[2025-03-07T06:14:37.126+0000] {processor.py:914} INFO - Processing file /opt/airflow/dags/driver/clickhouse-jdbc-0.4.6-all.jar for tasks to queue
[2025-03-07T06:14:37.129+0000] {logging_mixin.py:190} INFO - [2025-03-07T06:14:37.129+0000] {dagbag.py:588} INFO - Filling up the DagBag from /opt/airflow/dags/driver/clickhouse-jdbc-0.4.6-all.jar
[2025-03-07T06:14:37.228+0000] {processor.py:927} WARNING - No viable dags retrieved from /opt/airflow/dags/driver/clickhouse-jdbc-0.4.6-all.jar
[2025-03-07T06:14:37.246+0000] {processor.py:208} INFO - Processing /opt/airflow/dags/driver/clickhouse-jdbc-0.4.6-all.jar took 0.141 seconds
[2025-03-07T06:15:08.433+0000] {processor.py:186} INFO - Started process (PID=76) to work on /opt/airflow/dags/driver/clickhouse-jdbc-0.4.6-all.jar
[2025-03-07T06:15:08.434+0000] {processor.py:914} INFO - Processing file /opt/airflow/dags/driver/clickhouse-jdbc-0.4.6-all.jar for tasks to queue
[2025-03-07T06:15:08.436+0000] {logging_mixin.py:190} INFO - [2025-03-07T06:15:08.436+0000] {dagbag.py:588} INFO - Filling up the DagBag from /opt/airflow/dags/driver/clickhouse-jdbc-0.4.6-all.jar
[2025-03-07T06:15:08.966+0000] {processor.py:927} WARNING - No viable dags retrieved from /opt/airflow/dags/driver/clickhouse-jdbc-0.4.6-all.jar
[2025-03-07T06:15:08.986+0000] {processor.py:208} INFO - Processing /opt/airflow/dags/driver/clickhouse-jdbc-0.4.6-all.jar took 0.559 seconds
[2025-03-07T06:15:40.379+0000] {processor.py:186} INFO - Started process (PID=82) to work on /opt/airflow/dags/driver/clickhouse-jdbc-0.4.6-all.jar
[2025-03-07T06:15:40.381+0000] {processor.py:914} INFO - Processing file /opt/airflow/dags/driver/clickhouse-jdbc-0.4.6-all.jar for tasks to queue
[2025-03-07T06:15:40.385+0000] {logging_mixin.py:190} INFO - [2025-03-07T06:15:40.384+0000] {dagbag.py:588} INFO - Filling up the DagBag from /opt/airflow/dags/driver/clickhouse-jdbc-0.4.6-all.jar
[2025-03-07T06:15:40.489+0000] {processor.py:927} WARNING - No viable dags retrieved from /opt/airflow/dags/driver/clickhouse-jdbc-0.4.6-all.jar
[2025-03-07T06:15:40.503+0000] {processor.py:208} INFO - Processing /opt/airflow/dags/driver/clickhouse-jdbc-0.4.6-all.jar took 0.140 seconds
[2025-03-07T06:16:11.594+0000] {processor.py:186} INFO - Started process (PID=88) to work on /opt/airflow/dags/driver/clickhouse-jdbc-0.4.6-all.jar
[2025-03-07T06:16:11.595+0000] {processor.py:914} INFO - Processing file /opt/airflow/dags/driver/clickhouse-jdbc-0.4.6-all.jar for tasks to queue
[2025-03-07T06:16:11.597+0000] {logging_mixin.py:190} INFO - [2025-03-07T06:16:11.597+0000] {dagbag.py:588} INFO - Filling up the DagBag from /opt/airflow/dags/driver/clickhouse-jdbc-0.4.6-all.jar
[2025-03-07T06:16:11.670+0000] {processor.py:927} WARNING - No viable dags retrieved from /opt/airflow/dags/driver/clickhouse-jdbc-0.4.6-all.jar
[2025-03-07T06:16:11.682+0000] {processor.py:208} INFO - Processing /opt/airflow/dags/driver/clickhouse-jdbc-0.4.6-all.jar took 0.093 seconds
[2025-03-07T06:16:42.258+0000] {processor.py:186} INFO - Started process (PID=95) to work on /opt/airflow/dags/driver/clickhouse-jdbc-0.4.6-all.jar
[2025-03-07T06:16:42.258+0000] {processor.py:914} INFO - Processing file /opt/airflow/dags/driver/clickhouse-jdbc-0.4.6-all.jar for tasks to queue
[2025-03-07T06:16:42.260+0000] {logging_mixin.py:190} INFO - [2025-03-07T06:16:42.260+0000] {dagbag.py:588} INFO - Filling up the DagBag from /opt/airflow/dags/driver/clickhouse-jdbc-0.4.6-all.jar
[2025-03-07T06:16:42.312+0000] {processor.py:927} WARNING - No viable dags retrieved from /opt/airflow/dags/driver/clickhouse-jdbc-0.4.6-all.jar
[2025-03-07T06:16:42.320+0000] {processor.py:208} INFO - Processing /opt/airflow/dags/driver/clickhouse-jdbc-0.4.6-all.jar took 0.066 seconds
[2025-03-07T06:17:13.289+0000] {processor.py:186} INFO - Started process (PID=100) to work on /opt/airflow/dags/driver/clickhouse-jdbc-0.4.6-all.jar
[2025-03-07T06:17:13.290+0000] {processor.py:914} INFO - Processing file /opt/airflow/dags/driver/clickhouse-jdbc-0.4.6-all.jar for tasks to queue
[2025-03-07T06:17:13.292+0000] {logging_mixin.py:190} INFO - [2025-03-07T06:17:13.291+0000] {dagbag.py:588} INFO - Filling up the DagBag from /opt/airflow/dags/driver/clickhouse-jdbc-0.4.6-all.jar
[2025-03-07T06:17:13.369+0000] {processor.py:927} WARNING - No viable dags retrieved from /opt/airflow/dags/driver/clickhouse-jdbc-0.4.6-all.jar
[2025-03-07T06:17:13.380+0000] {processor.py:208} INFO - Processing /opt/airflow/dags/driver/clickhouse-jdbc-0.4.6-all.jar took 0.097 seconds
[2025-03-07T06:18:07.924+0000] {processor.py:186} INFO - Started process (PID=34) to work on /opt/airflow/dags/driver/clickhouse-jdbc-0.4.6-all.jar
[2025-03-07T06:18:07.925+0000] {processor.py:914} INFO - Processing file /opt/airflow/dags/driver/clickhouse-jdbc-0.4.6-all.jar for tasks to queue
[2025-03-07T06:18:07.926+0000] {logging_mixin.py:190} INFO - [2025-03-07T06:18:07.926+0000] {dagbag.py:588} INFO - Filling up the DagBag from /opt/airflow/dags/driver/clickhouse-jdbc-0.4.6-all.jar
[2025-03-07T06:18:07.998+0000] {processor.py:927} WARNING - No viable dags retrieved from /opt/airflow/dags/driver/clickhouse-jdbc-0.4.6-all.jar
[2025-03-07T06:18:08.013+0000] {processor.py:208} INFO - Processing /opt/airflow/dags/driver/clickhouse-jdbc-0.4.6-all.jar took 0.092 seconds
[2025-03-07T06:18:39.084+0000] {processor.py:186} INFO - Started process (PID=40) to work on /opt/airflow/dags/driver/clickhouse-jdbc-0.4.6-all.jar
[2025-03-07T06:18:39.086+0000] {processor.py:914} INFO - Processing file /opt/airflow/dags/driver/clickhouse-jdbc-0.4.6-all.jar for tasks to queue
[2025-03-07T06:18:39.088+0000] {logging_mixin.py:190} INFO - [2025-03-07T06:18:39.087+0000] {dagbag.py:588} INFO - Filling up the DagBag from /opt/airflow/dags/driver/clickhouse-jdbc-0.4.6-all.jar
[2025-03-07T06:18:39.184+0000] {processor.py:927} WARNING - No viable dags retrieved from /opt/airflow/dags/driver/clickhouse-jdbc-0.4.6-all.jar
[2025-03-07T06:18:39.212+0000] {processor.py:208} INFO - Processing /opt/airflow/dags/driver/clickhouse-jdbc-0.4.6-all.jar took 0.132 seconds
[2025-03-07T06:19:11.852+0000] {processor.py:186} INFO - Started process (PID=34) to work on /opt/airflow/dags/driver/clickhouse-jdbc-0.4.6-all.jar
[2025-03-07T06:19:11.853+0000] {processor.py:914} INFO - Processing file /opt/airflow/dags/driver/clickhouse-jdbc-0.4.6-all.jar for tasks to queue
[2025-03-07T06:19:11.854+0000] {logging_mixin.py:190} INFO - [2025-03-07T06:19:11.854+0000] {dagbag.py:588} INFO - Filling up the DagBag from /opt/airflow/dags/driver/clickhouse-jdbc-0.4.6-all.jar
[2025-03-07T06:19:11.912+0000] {processor.py:927} WARNING - No viable dags retrieved from /opt/airflow/dags/driver/clickhouse-jdbc-0.4.6-all.jar
[2025-03-07T06:19:11.922+0000] {processor.py:208} INFO - Processing /opt/airflow/dags/driver/clickhouse-jdbc-0.4.6-all.jar took 0.073 seconds
[2025-03-07T06:19:42.973+0000] {processor.py:186} INFO - Started process (PID=40) to work on /opt/airflow/dags/driver/clickhouse-jdbc-0.4.6-all.jar
[2025-03-07T06:19:42.977+0000] {processor.py:914} INFO - Processing file /opt/airflow/dags/driver/clickhouse-jdbc-0.4.6-all.jar for tasks to queue
[2025-03-07T06:19:42.978+0000] {logging_mixin.py:190} INFO - [2025-03-07T06:19:42.978+0000] {dagbag.py:588} INFO - Filling up the DagBag from /opt/airflow/dags/driver/clickhouse-jdbc-0.4.6-all.jar
[2025-03-07T06:19:43.045+0000] {processor.py:927} WARNING - No viable dags retrieved from /opt/airflow/dags/driver/clickhouse-jdbc-0.4.6-all.jar
[2025-03-07T06:19:43.058+0000] {processor.py:208} INFO - Processing /opt/airflow/dags/driver/clickhouse-jdbc-0.4.6-all.jar took 0.091 seconds
[2025-03-07T06:20:14.044+0000] {processor.py:186} INFO - Started process (PID=46) to work on /opt/airflow/dags/driver/clickhouse-jdbc-0.4.6-all.jar
[2025-03-07T06:20:14.045+0000] {processor.py:914} INFO - Processing file /opt/airflow/dags/driver/clickhouse-jdbc-0.4.6-all.jar for tasks to queue
[2025-03-07T06:20:14.047+0000] {logging_mixin.py:190} INFO - [2025-03-07T06:20:14.047+0000] {dagbag.py:588} INFO - Filling up the DagBag from /opt/airflow/dags/driver/clickhouse-jdbc-0.4.6-all.jar
[2025-03-07T06:20:14.114+0000] {processor.py:927} WARNING - No viable dags retrieved from /opt/airflow/dags/driver/clickhouse-jdbc-0.4.6-all.jar
[2025-03-07T06:20:14.128+0000] {processor.py:208} INFO - Processing /opt/airflow/dags/driver/clickhouse-jdbc-0.4.6-all.jar took 0.090 seconds
[2025-03-07T06:20:45.035+0000] {processor.py:186} INFO - Started process (PID=52) to work on /opt/airflow/dags/driver/clickhouse-jdbc-0.4.6-all.jar
[2025-03-07T06:20:45.036+0000] {processor.py:914} INFO - Processing file /opt/airflow/dags/driver/clickhouse-jdbc-0.4.6-all.jar for tasks to queue
[2025-03-07T06:20:45.038+0000] {logging_mixin.py:190} INFO - [2025-03-07T06:20:45.038+0000] {dagbag.py:588} INFO - Filling up the DagBag from /opt/airflow/dags/driver/clickhouse-jdbc-0.4.6-all.jar
[2025-03-07T06:20:45.119+0000] {processor.py:927} WARNING - No viable dags retrieved from /opt/airflow/dags/driver/clickhouse-jdbc-0.4.6-all.jar
[2025-03-07T06:20:45.130+0000] {processor.py:208} INFO - Processing /opt/airflow/dags/driver/clickhouse-jdbc-0.4.6-all.jar took 0.099 seconds
[2025-03-07T06:21:16.188+0000] {processor.py:186} INFO - Started process (PID=58) to work on /opt/airflow/dags/driver/clickhouse-jdbc-0.4.6-all.jar
[2025-03-07T06:21:16.189+0000] {processor.py:914} INFO - Processing file /opt/airflow/dags/driver/clickhouse-jdbc-0.4.6-all.jar for tasks to queue
[2025-03-07T06:21:16.190+0000] {logging_mixin.py:190} INFO - [2025-03-07T06:21:16.190+0000] {dagbag.py:588} INFO - Filling up the DagBag from /opt/airflow/dags/driver/clickhouse-jdbc-0.4.6-all.jar
[2025-03-07T06:21:16.276+0000] {processor.py:927} WARNING - No viable dags retrieved from /opt/airflow/dags/driver/clickhouse-jdbc-0.4.6-all.jar
[2025-03-07T06:21:16.289+0000] {processor.py:208} INFO - Processing /opt/airflow/dags/driver/clickhouse-jdbc-0.4.6-all.jar took 0.105 seconds
[2025-03-07T06:21:47.462+0000] {processor.py:186} INFO - Started process (PID=64) to work on /opt/airflow/dags/driver/clickhouse-jdbc-0.4.6-all.jar
[2025-03-07T06:21:47.463+0000] {processor.py:914} INFO - Processing file /opt/airflow/dags/driver/clickhouse-jdbc-0.4.6-all.jar for tasks to queue
[2025-03-07T06:21:47.465+0000] {logging_mixin.py:190} INFO - [2025-03-07T06:21:47.464+0000] {dagbag.py:588} INFO - Filling up the DagBag from /opt/airflow/dags/driver/clickhouse-jdbc-0.4.6-all.jar
[2025-03-07T06:21:47.535+0000] {processor.py:927} WARNING - No viable dags retrieved from /opt/airflow/dags/driver/clickhouse-jdbc-0.4.6-all.jar
[2025-03-07T06:21:47.550+0000] {processor.py:208} INFO - Processing /opt/airflow/dags/driver/clickhouse-jdbc-0.4.6-all.jar took 0.092 seconds
[2025-03-07T06:22:18.490+0000] {processor.py:186} INFO - Started process (PID=70) to work on /opt/airflow/dags/driver/clickhouse-jdbc-0.4.6-all.jar
[2025-03-07T06:22:18.491+0000] {processor.py:914} INFO - Processing file /opt/airflow/dags/driver/clickhouse-jdbc-0.4.6-all.jar for tasks to queue
[2025-03-07T06:22:18.494+0000] {logging_mixin.py:190} INFO - [2025-03-07T06:22:18.494+0000] {dagbag.py:588} INFO - Filling up the DagBag from /opt/airflow/dags/driver/clickhouse-jdbc-0.4.6-all.jar
[2025-03-07T06:22:18.866+0000] {processor.py:927} WARNING - No viable dags retrieved from /opt/airflow/dags/driver/clickhouse-jdbc-0.4.6-all.jar
[2025-03-07T06:22:18.873+0000] {processor.py:208} INFO - Processing /opt/airflow/dags/driver/clickhouse-jdbc-0.4.6-all.jar took 0.392 seconds
[2025-03-07T06:22:49.703+0000] {processor.py:186} INFO - Started process (PID=76) to work on /opt/airflow/dags/driver/clickhouse-jdbc-0.4.6-all.jar
[2025-03-07T06:22:49.704+0000] {processor.py:914} INFO - Processing file /opt/airflow/dags/driver/clickhouse-jdbc-0.4.6-all.jar for tasks to queue
[2025-03-07T06:22:49.705+0000] {logging_mixin.py:190} INFO - [2025-03-07T06:22:49.705+0000] {dagbag.py:588} INFO - Filling up the DagBag from /opt/airflow/dags/driver/clickhouse-jdbc-0.4.6-all.jar
[2025-03-07T06:22:49.997+0000] {processor.py:927} WARNING - No viable dags retrieved from /opt/airflow/dags/driver/clickhouse-jdbc-0.4.6-all.jar
[2025-03-07T06:22:50.004+0000] {processor.py:208} INFO - Processing /opt/airflow/dags/driver/clickhouse-jdbc-0.4.6-all.jar took 0.306 seconds
[2025-03-07T06:23:21.079+0000] {processor.py:186} INFO - Started process (PID=82) to work on /opt/airflow/dags/driver/clickhouse-jdbc-0.4.6-all.jar
[2025-03-07T06:23:21.080+0000] {processor.py:914} INFO - Processing file /opt/airflow/dags/driver/clickhouse-jdbc-0.4.6-all.jar for tasks to queue
[2025-03-07T06:23:21.082+0000] {logging_mixin.py:190} INFO - [2025-03-07T06:23:21.082+0000] {dagbag.py:588} INFO - Filling up the DagBag from /opt/airflow/dags/driver/clickhouse-jdbc-0.4.6-all.jar
[2025-03-07T06:23:21.150+0000] {processor.py:927} WARNING - No viable dags retrieved from /opt/airflow/dags/driver/clickhouse-jdbc-0.4.6-all.jar
[2025-03-07T06:23:21.160+0000] {processor.py:208} INFO - Processing /opt/airflow/dags/driver/clickhouse-jdbc-0.4.6-all.jar took 0.090 seconds
[2025-03-07T06:23:52.169+0000] {processor.py:186} INFO - Started process (PID=88) to work on /opt/airflow/dags/driver/clickhouse-jdbc-0.4.6-all.jar
[2025-03-07T06:23:52.170+0000] {processor.py:914} INFO - Processing file /opt/airflow/dags/driver/clickhouse-jdbc-0.4.6-all.jar for tasks to queue
[2025-03-07T06:23:52.172+0000] {logging_mixin.py:190} INFO - [2025-03-07T06:23:52.172+0000] {dagbag.py:588} INFO - Filling up the DagBag from /opt/airflow/dags/driver/clickhouse-jdbc-0.4.6-all.jar
[2025-03-07T06:23:52.252+0000] {processor.py:927} WARNING - No viable dags retrieved from /opt/airflow/dags/driver/clickhouse-jdbc-0.4.6-all.jar
[2025-03-07T06:23:52.264+0000] {processor.py:208} INFO - Processing /opt/airflow/dags/driver/clickhouse-jdbc-0.4.6-all.jar took 0.100 seconds
[2025-03-07T06:24:22.857+0000] {processor.py:186} INFO - Started process (PID=95) to work on /opt/airflow/dags/driver/clickhouse-jdbc-0.4.6-all.jar
[2025-03-07T06:24:22.859+0000] {processor.py:914} INFO - Processing file /opt/airflow/dags/driver/clickhouse-jdbc-0.4.6-all.jar for tasks to queue
[2025-03-07T06:24:22.861+0000] {logging_mixin.py:190} INFO - [2025-03-07T06:24:22.861+0000] {dagbag.py:588} INFO - Filling up the DagBag from /opt/airflow/dags/driver/clickhouse-jdbc-0.4.6-all.jar
[2025-03-07T06:24:22.918+0000] {processor.py:927} WARNING - No viable dags retrieved from /opt/airflow/dags/driver/clickhouse-jdbc-0.4.6-all.jar
[2025-03-07T06:24:22.928+0000] {processor.py:208} INFO - Processing /opt/airflow/dags/driver/clickhouse-jdbc-0.4.6-all.jar took 0.075 seconds
[2025-03-07T06:24:54.077+0000] {processor.py:186} INFO - Started process (PID=100) to work on /opt/airflow/dags/driver/clickhouse-jdbc-0.4.6-all.jar
[2025-03-07T06:24:54.080+0000] {processor.py:914} INFO - Processing file /opt/airflow/dags/driver/clickhouse-jdbc-0.4.6-all.jar for tasks to queue
[2025-03-07T06:24:54.084+0000] {logging_mixin.py:190} INFO - [2025-03-07T06:24:54.084+0000] {dagbag.py:588} INFO - Filling up the DagBag from /opt/airflow/dags/driver/clickhouse-jdbc-0.4.6-all.jar
[2025-03-07T06:24:54.157+0000] {processor.py:927} WARNING - No viable dags retrieved from /opt/airflow/dags/driver/clickhouse-jdbc-0.4.6-all.jar
[2025-03-07T06:24:54.169+0000] {processor.py:208} INFO - Processing /opt/airflow/dags/driver/clickhouse-jdbc-0.4.6-all.jar took 0.098 seconds
[2025-03-07T06:25:25.085+0000] {processor.py:186} INFO - Started process (PID=106) to work on /opt/airflow/dags/driver/clickhouse-jdbc-0.4.6-all.jar
[2025-03-07T06:25:25.087+0000] {processor.py:914} INFO - Processing file /opt/airflow/dags/driver/clickhouse-jdbc-0.4.6-all.jar for tasks to queue
[2025-03-07T06:25:25.089+0000] {logging_mixin.py:190} INFO - [2025-03-07T06:25:25.088+0000] {dagbag.py:588} INFO - Filling up the DagBag from /opt/airflow/dags/driver/clickhouse-jdbc-0.4.6-all.jar
[2025-03-07T06:25:25.164+0000] {processor.py:927} WARNING - No viable dags retrieved from /opt/airflow/dags/driver/clickhouse-jdbc-0.4.6-all.jar
[2025-03-07T06:25:25.180+0000] {processor.py:208} INFO - Processing /opt/airflow/dags/driver/clickhouse-jdbc-0.4.6-all.jar took 0.101 seconds
[2025-03-07T06:25:56.217+0000] {processor.py:186} INFO - Started process (PID=112) to work on /opt/airflow/dags/driver/clickhouse-jdbc-0.4.6-all.jar
[2025-03-07T06:25:56.218+0000] {processor.py:914} INFO - Processing file /opt/airflow/dags/driver/clickhouse-jdbc-0.4.6-all.jar for tasks to queue
[2025-03-07T06:25:56.220+0000] {logging_mixin.py:190} INFO - [2025-03-07T06:25:56.220+0000] {dagbag.py:588} INFO - Filling up the DagBag from /opt/airflow/dags/driver/clickhouse-jdbc-0.4.6-all.jar
[2025-03-07T06:25:56.300+0000] {processor.py:927} WARNING - No viable dags retrieved from /opt/airflow/dags/driver/clickhouse-jdbc-0.4.6-all.jar
[2025-03-07T06:25:56.311+0000] {processor.py:208} INFO - Processing /opt/airflow/dags/driver/clickhouse-jdbc-0.4.6-all.jar took 0.097 seconds
[2025-03-07T06:26:27.384+0000] {processor.py:186} INFO - Started process (PID=118) to work on /opt/airflow/dags/driver/clickhouse-jdbc-0.4.6-all.jar
[2025-03-07T06:26:27.387+0000] {processor.py:914} INFO - Processing file /opt/airflow/dags/driver/clickhouse-jdbc-0.4.6-all.jar for tasks to queue
[2025-03-07T06:26:27.392+0000] {logging_mixin.py:190} INFO - [2025-03-07T06:26:27.392+0000] {dagbag.py:588} INFO - Filling up the DagBag from /opt/airflow/dags/driver/clickhouse-jdbc-0.4.6-all.jar
[2025-03-07T06:26:27.972+0000] {processor.py:927} WARNING - No viable dags retrieved from /opt/airflow/dags/driver/clickhouse-jdbc-0.4.6-all.jar
[2025-03-07T06:26:27.981+0000] {processor.py:208} INFO - Processing /opt/airflow/dags/driver/clickhouse-jdbc-0.4.6-all.jar took 0.610 seconds
[2025-03-07T06:26:58.940+0000] {processor.py:186} INFO - Started process (PID=124) to work on /opt/airflow/dags/driver/clickhouse-jdbc-0.4.6-all.jar
[2025-03-07T06:26:58.942+0000] {processor.py:914} INFO - Processing file /opt/airflow/dags/driver/clickhouse-jdbc-0.4.6-all.jar for tasks to queue
[2025-03-07T06:26:58.943+0000] {logging_mixin.py:190} INFO - [2025-03-07T06:26:58.943+0000] {dagbag.py:588} INFO - Filling up the DagBag from /opt/airflow/dags/driver/clickhouse-jdbc-0.4.6-all.jar
[2025-03-07T06:26:59.010+0000] {processor.py:927} WARNING - No viable dags retrieved from /opt/airflow/dags/driver/clickhouse-jdbc-0.4.6-all.jar
[2025-03-07T06:26:59.021+0000] {processor.py:208} INFO - Processing /opt/airflow/dags/driver/clickhouse-jdbc-0.4.6-all.jar took 0.088 seconds
[2025-03-07T06:27:30.039+0000] {processor.py:186} INFO - Started process (PID=130) to work on /opt/airflow/dags/driver/clickhouse-jdbc-0.4.6-all.jar
[2025-03-07T06:27:30.042+0000] {processor.py:914} INFO - Processing file /opt/airflow/dags/driver/clickhouse-jdbc-0.4.6-all.jar for tasks to queue
[2025-03-07T06:27:30.047+0000] {logging_mixin.py:190} INFO - [2025-03-07T06:27:30.047+0000] {dagbag.py:588} INFO - Filling up the DagBag from /opt/airflow/dags/driver/clickhouse-jdbc-0.4.6-all.jar
[2025-03-07T06:27:30.163+0000] {processor.py:927} WARNING - No viable dags retrieved from /opt/airflow/dags/driver/clickhouse-jdbc-0.4.6-all.jar
[2025-03-07T06:27:30.178+0000] {processor.py:208} INFO - Processing /opt/airflow/dags/driver/clickhouse-jdbc-0.4.6-all.jar took 0.147 seconds
[2025-03-07T06:28:01.172+0000] {processor.py:186} INFO - Started process (PID=136) to work on /opt/airflow/dags/driver/clickhouse-jdbc-0.4.6-all.jar
[2025-03-07T06:28:01.174+0000] {processor.py:914} INFO - Processing file /opt/airflow/dags/driver/clickhouse-jdbc-0.4.6-all.jar for tasks to queue
[2025-03-07T06:28:01.177+0000] {logging_mixin.py:190} INFO - [2025-03-07T06:28:01.176+0000] {dagbag.py:588} INFO - Filling up the DagBag from /opt/airflow/dags/driver/clickhouse-jdbc-0.4.6-all.jar
[2025-03-07T06:28:01.249+0000] {processor.py:927} WARNING - No viable dags retrieved from /opt/airflow/dags/driver/clickhouse-jdbc-0.4.6-all.jar
[2025-03-07T06:28:01.265+0000] {processor.py:208} INFO - Processing /opt/airflow/dags/driver/clickhouse-jdbc-0.4.6-all.jar took 0.100 seconds
[2025-03-07T06:28:44.091+0000] {processor.py:186} INFO - Started process (PID=34) to work on /opt/airflow/dags/driver/clickhouse-jdbc-0.4.6-all.jar
[2025-03-07T06:28:44.092+0000] {processor.py:914} INFO - Processing file /opt/airflow/dags/driver/clickhouse-jdbc-0.4.6-all.jar for tasks to queue
[2025-03-07T06:28:44.095+0000] {logging_mixin.py:190} INFO - [2025-03-07T06:28:44.094+0000] {dagbag.py:588} INFO - Filling up the DagBag from /opt/airflow/dags/driver/clickhouse-jdbc-0.4.6-all.jar
[2025-03-07T06:28:44.168+0000] {processor.py:927} WARNING - No viable dags retrieved from /opt/airflow/dags/driver/clickhouse-jdbc-0.4.6-all.jar
[2025-03-07T06:28:44.178+0000] {processor.py:208} INFO - Processing /opt/airflow/dags/driver/clickhouse-jdbc-0.4.6-all.jar took 0.092 seconds
[2025-03-07T06:29:15.172+0000] {processor.py:186} INFO - Started process (PID=40) to work on /opt/airflow/dags/driver/clickhouse-jdbc-0.4.6-all.jar
[2025-03-07T06:29:15.173+0000] {processor.py:914} INFO - Processing file /opt/airflow/dags/driver/clickhouse-jdbc-0.4.6-all.jar for tasks to queue
[2025-03-07T06:29:15.175+0000] {logging_mixin.py:190} INFO - [2025-03-07T06:29:15.175+0000] {dagbag.py:588} INFO - Filling up the DagBag from /opt/airflow/dags/driver/clickhouse-jdbc-0.4.6-all.jar
[2025-03-07T06:29:15.247+0000] {processor.py:927} WARNING - No viable dags retrieved from /opt/airflow/dags/driver/clickhouse-jdbc-0.4.6-all.jar
[2025-03-07T06:29:15.260+0000] {processor.py:208} INFO - Processing /opt/airflow/dags/driver/clickhouse-jdbc-0.4.6-all.jar took 0.092 seconds
[2025-03-07T06:29:46.210+0000] {processor.py:186} INFO - Started process (PID=46) to work on /opt/airflow/dags/driver/clickhouse-jdbc-0.4.6-all.jar
[2025-03-07T06:29:46.210+0000] {processor.py:914} INFO - Processing file /opt/airflow/dags/driver/clickhouse-jdbc-0.4.6-all.jar for tasks to queue
[2025-03-07T06:29:46.212+0000] {logging_mixin.py:190} INFO - [2025-03-07T06:29:46.212+0000] {dagbag.py:588} INFO - Filling up the DagBag from /opt/airflow/dags/driver/clickhouse-jdbc-0.4.6-all.jar
[2025-03-07T06:29:46.287+0000] {processor.py:927} WARNING - No viable dags retrieved from /opt/airflow/dags/driver/clickhouse-jdbc-0.4.6-all.jar
[2025-03-07T06:29:46.299+0000] {processor.py:208} INFO - Processing /opt/airflow/dags/driver/clickhouse-jdbc-0.4.6-all.jar took 0.094 seconds
[2025-03-07T06:30:17.261+0000] {processor.py:186} INFO - Started process (PID=52) to work on /opt/airflow/dags/driver/clickhouse-jdbc-0.4.6-all.jar
[2025-03-07T06:30:17.262+0000] {processor.py:914} INFO - Processing file /opt/airflow/dags/driver/clickhouse-jdbc-0.4.6-all.jar for tasks to queue
[2025-03-07T06:30:17.264+0000] {logging_mixin.py:190} INFO - [2025-03-07T06:30:17.264+0000] {dagbag.py:588} INFO - Filling up the DagBag from /opt/airflow/dags/driver/clickhouse-jdbc-0.4.6-all.jar
[2025-03-07T06:30:17.345+0000] {processor.py:927} WARNING - No viable dags retrieved from /opt/airflow/dags/driver/clickhouse-jdbc-0.4.6-all.jar
[2025-03-07T06:30:17.358+0000] {processor.py:208} INFO - Processing /opt/airflow/dags/driver/clickhouse-jdbc-0.4.6-all.jar took 0.102 seconds
[2025-03-07T06:30:48.329+0000] {processor.py:186} INFO - Started process (PID=58) to work on /opt/airflow/dags/driver/clickhouse-jdbc-0.4.6-all.jar
[2025-03-07T06:30:48.330+0000] {processor.py:914} INFO - Processing file /opt/airflow/dags/driver/clickhouse-jdbc-0.4.6-all.jar for tasks to queue
[2025-03-07T06:30:48.332+0000] {logging_mixin.py:190} INFO - [2025-03-07T06:30:48.332+0000] {dagbag.py:588} INFO - Filling up the DagBag from /opt/airflow/dags/driver/clickhouse-jdbc-0.4.6-all.jar
[2025-03-07T06:30:48.408+0000] {processor.py:927} WARNING - No viable dags retrieved from /opt/airflow/dags/driver/clickhouse-jdbc-0.4.6-all.jar
[2025-03-07T06:30:48.417+0000] {processor.py:208} INFO - Processing /opt/airflow/dags/driver/clickhouse-jdbc-0.4.6-all.jar took 0.092 seconds
[2025-03-07T07:23:23.936+0000] {processor.py:186} INFO - Started process (PID=68) to work on /opt/airflow/dags/driver/clickhouse-jdbc-0.4.6-all.jar
[2025-03-07T07:23:23.937+0000] {processor.py:914} INFO - Processing file /opt/airflow/dags/driver/clickhouse-jdbc-0.4.6-all.jar for tasks to queue
[2025-03-07T07:23:23.939+0000] {logging_mixin.py:190} INFO - [2025-03-07T07:23:23.939+0000] {dagbag.py:588} INFO - Filling up the DagBag from /opt/airflow/dags/driver/clickhouse-jdbc-0.4.6-all.jar
[2025-03-07T07:23:24.005+0000] {processor.py:927} WARNING - No viable dags retrieved from /opt/airflow/dags/driver/clickhouse-jdbc-0.4.6-all.jar
[2025-03-07T07:23:24.017+0000] {processor.py:208} INFO - Processing /opt/airflow/dags/driver/clickhouse-jdbc-0.4.6-all.jar took 0.084 seconds
