[2025-03-07T06:11:30.089+0000] {processor.py:186} INFO - Started process (PID=37) to work on /opt/airflow/dags/driver/clickhouse-jdbc-0.4.6.jar
[2025-03-07T06:11:30.092+0000] {processor.py:914} INFO - Processing file /opt/airflow/dags/driver/clickhouse-jdbc-0.4.6.jar for tasks to queue
[2025-03-07T06:11:30.099+0000] {logging_mixin.py:190} INFO - [2025-03-07T06:11:30.099+0000] {dagbag.py:588} INFO - Filling up the DagBag from /opt/airflow/dags/driver/clickhouse-jdbc-0.4.6.jar
[2025-03-07T06:11:30.110+0000] {processor.py:927} WARNING - No viable dags retrieved from /opt/airflow/dags/driver/clickhouse-jdbc-0.4.6.jar
[2025-03-07T06:11:30.125+0000] {processor.py:208} INFO - Processing /opt/airflow/dags/driver/clickhouse-jdbc-0.4.6.jar took 0.044 seconds
[2025-03-07T06:12:01.218+0000] {processor.py:186} INFO - Started process (PID=43) to work on /opt/airflow/dags/driver/clickhouse-jdbc-0.4.6.jar
[2025-03-07T06:12:01.219+0000] {processor.py:914} INFO - Processing file /opt/airflow/dags/driver/clickhouse-jdbc-0.4.6.jar for tasks to queue
[2025-03-07T06:12:01.220+0000] {logging_mixin.py:190} INFO - [2025-03-07T06:12:01.220+0000] {dagbag.py:588} INFO - Filling up the DagBag from /opt/airflow/dags/driver/clickhouse-jdbc-0.4.6.jar
[2025-03-07T06:12:01.223+0000] {processor.py:927} WARNING - No viable dags retrieved from /opt/airflow/dags/driver/clickhouse-jdbc-0.4.6.jar
[2025-03-07T06:12:01.230+0000] {processor.py:208} INFO - Processing /opt/airflow/dags/driver/clickhouse-jdbc-0.4.6.jar took 0.015 seconds
[2025-03-07T06:12:32.288+0000] {processor.py:186} INFO - Started process (PID=49) to work on /opt/airflow/dags/driver/clickhouse-jdbc-0.4.6.jar
[2025-03-07T06:12:32.289+0000] {processor.py:914} INFO - Processing file /opt/airflow/dags/driver/clickhouse-jdbc-0.4.6.jar for tasks to queue
[2025-03-07T06:12:32.291+0000] {logging_mixin.py:190} INFO - [2025-03-07T06:12:32.290+0000] {dagbag.py:588} INFO - Filling up the DagBag from /opt/airflow/dags/driver/clickhouse-jdbc-0.4.6.jar
[2025-03-07T06:12:32.298+0000] {processor.py:927} WARNING - No viable dags retrieved from /opt/airflow/dags/driver/clickhouse-jdbc-0.4.6.jar
[2025-03-07T06:12:32.310+0000] {processor.py:208} INFO - Processing /opt/airflow/dags/driver/clickhouse-jdbc-0.4.6.jar took 0.027 seconds
[2025-03-07T06:13:03.339+0000] {processor.py:186} INFO - Started process (PID=55) to work on /opt/airflow/dags/driver/clickhouse-jdbc-0.4.6.jar
[2025-03-07T06:13:03.340+0000] {processor.py:914} INFO - Processing file /opt/airflow/dags/driver/clickhouse-jdbc-0.4.6.jar for tasks to queue
[2025-03-07T06:13:03.341+0000] {logging_mixin.py:190} INFO - [2025-03-07T06:13:03.341+0000] {dagbag.py:588} INFO - Filling up the DagBag from /opt/airflow/dags/driver/clickhouse-jdbc-0.4.6.jar
[2025-03-07T06:13:03.344+0000] {processor.py:927} WARNING - No viable dags retrieved from /opt/airflow/dags/driver/clickhouse-jdbc-0.4.6.jar
[2025-03-07T06:13:03.351+0000] {processor.py:208} INFO - Processing /opt/airflow/dags/driver/clickhouse-jdbc-0.4.6.jar took 0.015 seconds
[2025-03-07T06:13:34.385+0000] {processor.py:186} INFO - Started process (PID=61) to work on /opt/airflow/dags/driver/clickhouse-jdbc-0.4.6.jar
[2025-03-07T06:13:34.386+0000] {processor.py:914} INFO - Processing file /opt/airflow/dags/driver/clickhouse-jdbc-0.4.6.jar for tasks to queue
[2025-03-07T06:13:34.390+0000] {logging_mixin.py:190} INFO - [2025-03-07T06:13:34.390+0000] {dagbag.py:588} INFO - Filling up the DagBag from /opt/airflow/dags/driver/clickhouse-jdbc-0.4.6.jar
[2025-03-07T06:13:34.393+0000] {processor.py:927} WARNING - No viable dags retrieved from /opt/airflow/dags/driver/clickhouse-jdbc-0.4.6.jar
[2025-03-07T06:13:34.401+0000] {processor.py:208} INFO - Processing /opt/airflow/dags/driver/clickhouse-jdbc-0.4.6.jar took 0.021 seconds
[2025-03-07T06:14:05.842+0000] {processor.py:186} INFO - Started process (PID=67) to work on /opt/airflow/dags/driver/clickhouse-jdbc-0.4.6.jar
[2025-03-07T06:14:05.843+0000] {processor.py:914} INFO - Processing file /opt/airflow/dags/driver/clickhouse-jdbc-0.4.6.jar for tasks to queue
[2025-03-07T06:14:05.844+0000] {logging_mixin.py:190} INFO - [2025-03-07T06:14:05.844+0000] {dagbag.py:588} INFO - Filling up the DagBag from /opt/airflow/dags/driver/clickhouse-jdbc-0.4.6.jar
[2025-03-07T06:14:05.847+0000] {processor.py:927} WARNING - No viable dags retrieved from /opt/airflow/dags/driver/clickhouse-jdbc-0.4.6.jar
[2025-03-07T06:14:05.854+0000] {processor.py:208} INFO - Processing /opt/airflow/dags/driver/clickhouse-jdbc-0.4.6.jar took 0.015 seconds
[2025-03-07T06:14:37.299+0000] {processor.py:186} INFO - Started process (PID=73) to work on /opt/airflow/dags/driver/clickhouse-jdbc-0.4.6.jar
[2025-03-07T06:14:37.300+0000] {processor.py:914} INFO - Processing file /opt/airflow/dags/driver/clickhouse-jdbc-0.4.6.jar for tasks to queue
[2025-03-07T06:14:37.302+0000] {logging_mixin.py:190} INFO - [2025-03-07T06:14:37.301+0000] {dagbag.py:588} INFO - Filling up the DagBag from /opt/airflow/dags/driver/clickhouse-jdbc-0.4.6.jar
[2025-03-07T06:14:37.306+0000] {processor.py:927} WARNING - No viable dags retrieved from /opt/airflow/dags/driver/clickhouse-jdbc-0.4.6.jar
[2025-03-07T06:14:37.316+0000] {processor.py:208} INFO - Processing /opt/airflow/dags/driver/clickhouse-jdbc-0.4.6.jar took 0.020 seconds
[2025-03-07T06:15:08.605+0000] {processor.py:186} INFO - Started process (PID=79) to work on /opt/airflow/dags/driver/clickhouse-jdbc-0.4.6.jar
[2025-03-07T06:15:08.606+0000] {processor.py:914} INFO - Processing file /opt/airflow/dags/driver/clickhouse-jdbc-0.4.6.jar for tasks to queue
[2025-03-07T06:15:08.607+0000] {logging_mixin.py:190} INFO - [2025-03-07T06:15:08.607+0000] {dagbag.py:588} INFO - Filling up the DagBag from /opt/airflow/dags/driver/clickhouse-jdbc-0.4.6.jar
[2025-03-07T06:15:08.612+0000] {processor.py:927} WARNING - No viable dags retrieved from /opt/airflow/dags/driver/clickhouse-jdbc-0.4.6.jar
[2025-03-07T06:15:08.621+0000] {processor.py:208} INFO - Processing /opt/airflow/dags/driver/clickhouse-jdbc-0.4.6.jar took 0.028 seconds
[2025-03-07T06:15:40.600+0000] {processor.py:186} INFO - Started process (PID=85) to work on /opt/airflow/dags/driver/clickhouse-jdbc-0.4.6.jar
[2025-03-07T06:15:40.601+0000] {processor.py:914} INFO - Processing file /opt/airflow/dags/driver/clickhouse-jdbc-0.4.6.jar for tasks to queue
[2025-03-07T06:15:40.603+0000] {logging_mixin.py:190} INFO - [2025-03-07T06:15:40.603+0000] {dagbag.py:588} INFO - Filling up the DagBag from /opt/airflow/dags/driver/clickhouse-jdbc-0.4.6.jar
[2025-03-07T06:15:40.610+0000] {processor.py:927} WARNING - No viable dags retrieved from /opt/airflow/dags/driver/clickhouse-jdbc-0.4.6.jar
[2025-03-07T06:15:40.644+0000] {processor.py:208} INFO - Processing /opt/airflow/dags/driver/clickhouse-jdbc-0.4.6.jar took 0.048 seconds
[2025-03-07T06:16:11.737+0000] {processor.py:186} INFO - Started process (PID=91) to work on /opt/airflow/dags/driver/clickhouse-jdbc-0.4.6.jar
[2025-03-07T06:16:11.739+0000] {processor.py:914} INFO - Processing file /opt/airflow/dags/driver/clickhouse-jdbc-0.4.6.jar for tasks to queue
[2025-03-07T06:16:11.740+0000] {logging_mixin.py:190} INFO - [2025-03-07T06:16:11.740+0000] {dagbag.py:588} INFO - Filling up the DagBag from /opt/airflow/dags/driver/clickhouse-jdbc-0.4.6.jar
[2025-03-07T06:16:11.744+0000] {processor.py:927} WARNING - No viable dags retrieved from /opt/airflow/dags/driver/clickhouse-jdbc-0.4.6.jar
[2025-03-07T06:16:11.753+0000] {processor.py:208} INFO - Processing /opt/airflow/dags/driver/clickhouse-jdbc-0.4.6.jar took 0.019 seconds
[2025-03-07T06:16:42.387+0000] {processor.py:186} INFO - Started process (PID=97) to work on /opt/airflow/dags/driver/clickhouse-jdbc-0.4.6.jar
[2025-03-07T06:16:42.388+0000] {processor.py:914} INFO - Processing file /opt/airflow/dags/driver/clickhouse-jdbc-0.4.6.jar for tasks to queue
[2025-03-07T06:16:42.389+0000] {logging_mixin.py:190} INFO - [2025-03-07T06:16:42.389+0000] {dagbag.py:588} INFO - Filling up the DagBag from /opt/airflow/dags/driver/clickhouse-jdbc-0.4.6.jar
[2025-03-07T06:16:42.392+0000] {processor.py:927} WARNING - No viable dags retrieved from /opt/airflow/dags/driver/clickhouse-jdbc-0.4.6.jar
[2025-03-07T06:16:42.399+0000] {processor.py:208} INFO - Processing /opt/airflow/dags/driver/clickhouse-jdbc-0.4.6.jar took 0.015 seconds
[2025-03-07T06:17:13.439+0000] {processor.py:186} INFO - Started process (PID=103) to work on /opt/airflow/dags/driver/clickhouse-jdbc-0.4.6.jar
[2025-03-07T06:17:13.441+0000] {processor.py:914} INFO - Processing file /opt/airflow/dags/driver/clickhouse-jdbc-0.4.6.jar for tasks to queue
[2025-03-07T06:17:13.442+0000] {logging_mixin.py:190} INFO - [2025-03-07T06:17:13.442+0000] {dagbag.py:588} INFO - Filling up the DagBag from /opt/airflow/dags/driver/clickhouse-jdbc-0.4.6.jar
[2025-03-07T06:17:13.450+0000] {processor.py:927} WARNING - No viable dags retrieved from /opt/airflow/dags/driver/clickhouse-jdbc-0.4.6.jar
[2025-03-07T06:17:13.464+0000] {processor.py:208} INFO - Processing /opt/airflow/dags/driver/clickhouse-jdbc-0.4.6.jar took 0.028 seconds
[2025-03-07T06:18:08.081+0000] {processor.py:186} INFO - Started process (PID=37) to work on /opt/airflow/dags/driver/clickhouse-jdbc-0.4.6.jar
[2025-03-07T06:18:08.083+0000] {processor.py:914} INFO - Processing file /opt/airflow/dags/driver/clickhouse-jdbc-0.4.6.jar for tasks to queue
[2025-03-07T06:18:08.085+0000] {logging_mixin.py:190} INFO - [2025-03-07T06:18:08.085+0000] {dagbag.py:588} INFO - Filling up the DagBag from /opt/airflow/dags/driver/clickhouse-jdbc-0.4.6.jar
[2025-03-07T06:18:08.098+0000] {processor.py:927} WARNING - No viable dags retrieved from /opt/airflow/dags/driver/clickhouse-jdbc-0.4.6.jar
[2025-03-07T06:18:08.114+0000] {processor.py:208} INFO - Processing /opt/airflow/dags/driver/clickhouse-jdbc-0.4.6.jar took 0.036 seconds
[2025-03-07T06:18:39.271+0000] {processor.py:186} INFO - Started process (PID=43) to work on /opt/airflow/dags/driver/clickhouse-jdbc-0.4.6.jar
[2025-03-07T06:18:39.272+0000] {processor.py:914} INFO - Processing file /opt/airflow/dags/driver/clickhouse-jdbc-0.4.6.jar for tasks to queue
[2025-03-07T06:18:39.273+0000] {logging_mixin.py:190} INFO - [2025-03-07T06:18:39.273+0000] {dagbag.py:588} INFO - Filling up the DagBag from /opt/airflow/dags/driver/clickhouse-jdbc-0.4.6.jar
[2025-03-07T06:18:39.277+0000] {processor.py:927} WARNING - No viable dags retrieved from /opt/airflow/dags/driver/clickhouse-jdbc-0.4.6.jar
[2025-03-07T06:18:39.284+0000] {processor.py:208} INFO - Processing /opt/airflow/dags/driver/clickhouse-jdbc-0.4.6.jar took 0.016 seconds
[2025-03-07T06:19:12.023+0000] {processor.py:186} INFO - Started process (PID=37) to work on /opt/airflow/dags/driver/clickhouse-jdbc-0.4.6.jar
[2025-03-07T06:19:12.024+0000] {processor.py:914} INFO - Processing file /opt/airflow/dags/driver/clickhouse-jdbc-0.4.6.jar for tasks to queue
[2025-03-07T06:19:12.028+0000] {logging_mixin.py:190} INFO - [2025-03-07T06:19:12.028+0000] {dagbag.py:588} INFO - Filling up the DagBag from /opt/airflow/dags/driver/clickhouse-jdbc-0.4.6.jar
[2025-03-07T06:19:12.037+0000] {processor.py:927} WARNING - No viable dags retrieved from /opt/airflow/dags/driver/clickhouse-jdbc-0.4.6.jar
[2025-03-07T06:19:12.056+0000] {processor.py:208} INFO - Processing /opt/airflow/dags/driver/clickhouse-jdbc-0.4.6.jar took 0.043 seconds
[2025-03-07T06:19:43.103+0000] {processor.py:186} INFO - Started process (PID=43) to work on /opt/airflow/dags/driver/clickhouse-jdbc-0.4.6.jar
[2025-03-07T06:19:43.103+0000] {processor.py:914} INFO - Processing file /opt/airflow/dags/driver/clickhouse-jdbc-0.4.6.jar for tasks to queue
[2025-03-07T06:19:43.104+0000] {logging_mixin.py:190} INFO - [2025-03-07T06:19:43.104+0000] {dagbag.py:588} INFO - Filling up the DagBag from /opt/airflow/dags/driver/clickhouse-jdbc-0.4.6.jar
[2025-03-07T06:19:43.107+0000] {processor.py:927} WARNING - No viable dags retrieved from /opt/airflow/dags/driver/clickhouse-jdbc-0.4.6.jar
[2025-03-07T06:19:43.114+0000] {processor.py:208} INFO - Processing /opt/airflow/dags/driver/clickhouse-jdbc-0.4.6.jar took 0.014 seconds
[2025-03-07T06:20:14.176+0000] {processor.py:186} INFO - Started process (PID=49) to work on /opt/airflow/dags/driver/clickhouse-jdbc-0.4.6.jar
[2025-03-07T06:20:14.176+0000] {processor.py:914} INFO - Processing file /opt/airflow/dags/driver/clickhouse-jdbc-0.4.6.jar for tasks to queue
[2025-03-07T06:20:14.177+0000] {logging_mixin.py:190} INFO - [2025-03-07T06:20:14.177+0000] {dagbag.py:588} INFO - Filling up the DagBag from /opt/airflow/dags/driver/clickhouse-jdbc-0.4.6.jar
[2025-03-07T06:20:14.180+0000] {processor.py:927} WARNING - No viable dags retrieved from /opt/airflow/dags/driver/clickhouse-jdbc-0.4.6.jar
[2025-03-07T06:20:14.187+0000] {processor.py:208} INFO - Processing /opt/airflow/dags/driver/clickhouse-jdbc-0.4.6.jar took 0.015 seconds
[2025-03-07T06:20:45.175+0000] {processor.py:186} INFO - Started process (PID=55) to work on /opt/airflow/dags/driver/clickhouse-jdbc-0.4.6.jar
[2025-03-07T06:20:45.176+0000] {processor.py:914} INFO - Processing file /opt/airflow/dags/driver/clickhouse-jdbc-0.4.6.jar for tasks to queue
[2025-03-07T06:20:45.177+0000] {logging_mixin.py:190} INFO - [2025-03-07T06:20:45.177+0000] {dagbag.py:588} INFO - Filling up the DagBag from /opt/airflow/dags/driver/clickhouse-jdbc-0.4.6.jar
[2025-03-07T06:20:45.181+0000] {processor.py:927} WARNING - No viable dags retrieved from /opt/airflow/dags/driver/clickhouse-jdbc-0.4.6.jar
[2025-03-07T06:20:45.189+0000] {processor.py:208} INFO - Processing /opt/airflow/dags/driver/clickhouse-jdbc-0.4.6.jar took 0.018 seconds
[2025-03-07T06:21:16.335+0000] {processor.py:186} INFO - Started process (PID=61) to work on /opt/airflow/dags/driver/clickhouse-jdbc-0.4.6.jar
[2025-03-07T06:21:16.336+0000] {processor.py:914} INFO - Processing file /opt/airflow/dags/driver/clickhouse-jdbc-0.4.6.jar for tasks to queue
[2025-03-07T06:21:16.337+0000] {logging_mixin.py:190} INFO - [2025-03-07T06:21:16.337+0000] {dagbag.py:588} INFO - Filling up the DagBag from /opt/airflow/dags/driver/clickhouse-jdbc-0.4.6.jar
[2025-03-07T06:21:16.340+0000] {processor.py:927} WARNING - No viable dags retrieved from /opt/airflow/dags/driver/clickhouse-jdbc-0.4.6.jar
[2025-03-07T06:21:16.347+0000] {processor.py:208} INFO - Processing /opt/airflow/dags/driver/clickhouse-jdbc-0.4.6.jar took 0.015 seconds
[2025-03-07T06:21:47.613+0000] {processor.py:186} INFO - Started process (PID=67) to work on /opt/airflow/dags/driver/clickhouse-jdbc-0.4.6.jar
[2025-03-07T06:21:47.613+0000] {processor.py:914} INFO - Processing file /opt/airflow/dags/driver/clickhouse-jdbc-0.4.6.jar for tasks to queue
[2025-03-07T06:21:47.614+0000] {logging_mixin.py:190} INFO - [2025-03-07T06:21:47.614+0000] {dagbag.py:588} INFO - Filling up the DagBag from /opt/airflow/dags/driver/clickhouse-jdbc-0.4.6.jar
[2025-03-07T06:21:47.617+0000] {processor.py:927} WARNING - No viable dags retrieved from /opt/airflow/dags/driver/clickhouse-jdbc-0.4.6.jar
[2025-03-07T06:21:47.625+0000] {processor.py:208} INFO - Processing /opt/airflow/dags/driver/clickhouse-jdbc-0.4.6.jar took 0.015 seconds
[2025-03-07T06:22:18.663+0000] {processor.py:186} INFO - Started process (PID=73) to work on /opt/airflow/dags/driver/clickhouse-jdbc-0.4.6.jar
[2025-03-07T06:22:18.664+0000] {processor.py:914} INFO - Processing file /opt/airflow/dags/driver/clickhouse-jdbc-0.4.6.jar for tasks to queue
[2025-03-07T06:22:18.665+0000] {logging_mixin.py:190} INFO - [2025-03-07T06:22:18.665+0000] {dagbag.py:588} INFO - Filling up the DagBag from /opt/airflow/dags/driver/clickhouse-jdbc-0.4.6.jar
[2025-03-07T06:22:18.669+0000] {processor.py:927} WARNING - No viable dags retrieved from /opt/airflow/dags/driver/clickhouse-jdbc-0.4.6.jar
[2025-03-07T06:22:18.680+0000] {processor.py:208} INFO - Processing /opt/airflow/dags/driver/clickhouse-jdbc-0.4.6.jar took 0.028 seconds
[2025-03-07T06:22:49.911+0000] {processor.py:186} INFO - Started process (PID=79) to work on /opt/airflow/dags/driver/clickhouse-jdbc-0.4.6.jar
[2025-03-07T06:22:49.912+0000] {processor.py:914} INFO - Processing file /opt/airflow/dags/driver/clickhouse-jdbc-0.4.6.jar for tasks to queue
[2025-03-07T06:22:49.913+0000] {logging_mixin.py:190} INFO - [2025-03-07T06:22:49.913+0000] {dagbag.py:588} INFO - Filling up the DagBag from /opt/airflow/dags/driver/clickhouse-jdbc-0.4.6.jar
[2025-03-07T06:22:49.917+0000] {processor.py:927} WARNING - No viable dags retrieved from /opt/airflow/dags/driver/clickhouse-jdbc-0.4.6.jar
[2025-03-07T06:22:49.926+0000] {processor.py:208} INFO - Processing /opt/airflow/dags/driver/clickhouse-jdbc-0.4.6.jar took 0.020 seconds
[2025-03-07T06:23:21.229+0000] {processor.py:186} INFO - Started process (PID=85) to work on /opt/airflow/dags/driver/clickhouse-jdbc-0.4.6.jar
[2025-03-07T06:23:21.230+0000] {processor.py:914} INFO - Processing file /opt/airflow/dags/driver/clickhouse-jdbc-0.4.6.jar for tasks to queue
[2025-03-07T06:23:21.233+0000] {logging_mixin.py:190} INFO - [2025-03-07T06:23:21.233+0000] {dagbag.py:588} INFO - Filling up the DagBag from /opt/airflow/dags/driver/clickhouse-jdbc-0.4.6.jar
[2025-03-07T06:23:21.236+0000] {processor.py:927} WARNING - No viable dags retrieved from /opt/airflow/dags/driver/clickhouse-jdbc-0.4.6.jar
[2025-03-07T06:23:21.243+0000] {processor.py:208} INFO - Processing /opt/airflow/dags/driver/clickhouse-jdbc-0.4.6.jar took 0.018 seconds
[2025-03-07T06:23:52.325+0000] {processor.py:186} INFO - Started process (PID=91) to work on /opt/airflow/dags/driver/clickhouse-jdbc-0.4.6.jar
[2025-03-07T06:23:52.326+0000] {processor.py:914} INFO - Processing file /opt/airflow/dags/driver/clickhouse-jdbc-0.4.6.jar for tasks to queue
[2025-03-07T06:23:52.328+0000] {logging_mixin.py:190} INFO - [2025-03-07T06:23:52.328+0000] {dagbag.py:588} INFO - Filling up the DagBag from /opt/airflow/dags/driver/clickhouse-jdbc-0.4.6.jar
[2025-03-07T06:23:52.335+0000] {processor.py:927} WARNING - No viable dags retrieved from /opt/airflow/dags/driver/clickhouse-jdbc-0.4.6.jar
[2025-03-07T06:23:52.348+0000] {processor.py:208} INFO - Processing /opt/airflow/dags/driver/clickhouse-jdbc-0.4.6.jar took 0.027 seconds
[2025-03-07T06:24:23.001+0000] {processor.py:186} INFO - Started process (PID=97) to work on /opt/airflow/dags/driver/clickhouse-jdbc-0.4.6.jar
[2025-03-07T06:24:23.002+0000] {processor.py:914} INFO - Processing file /opt/airflow/dags/driver/clickhouse-jdbc-0.4.6.jar for tasks to queue
[2025-03-07T06:24:23.004+0000] {logging_mixin.py:190} INFO - [2025-03-07T06:24:23.003+0000] {dagbag.py:588} INFO - Filling up the DagBag from /opt/airflow/dags/driver/clickhouse-jdbc-0.4.6.jar
[2025-03-07T06:24:23.007+0000] {processor.py:927} WARNING - No viable dags retrieved from /opt/airflow/dags/driver/clickhouse-jdbc-0.4.6.jar
[2025-03-07T06:24:23.016+0000] {processor.py:208} INFO - Processing /opt/airflow/dags/driver/clickhouse-jdbc-0.4.6.jar took 0.021 seconds
[2025-03-07T06:24:54.216+0000] {processor.py:186} INFO - Started process (PID=103) to work on /opt/airflow/dags/driver/clickhouse-jdbc-0.4.6.jar
[2025-03-07T06:24:54.217+0000] {processor.py:914} INFO - Processing file /opt/airflow/dags/driver/clickhouse-jdbc-0.4.6.jar for tasks to queue
[2025-03-07T06:24:54.218+0000] {logging_mixin.py:190} INFO - [2025-03-07T06:24:54.218+0000] {dagbag.py:588} INFO - Filling up the DagBag from /opt/airflow/dags/driver/clickhouse-jdbc-0.4.6.jar
[2025-03-07T06:24:54.221+0000] {processor.py:927} WARNING - No viable dags retrieved from /opt/airflow/dags/driver/clickhouse-jdbc-0.4.6.jar
[2025-03-07T06:24:54.229+0000] {processor.py:208} INFO - Processing /opt/airflow/dags/driver/clickhouse-jdbc-0.4.6.jar took 0.016 seconds
[2025-03-07T06:25:25.224+0000] {processor.py:186} INFO - Started process (PID=109) to work on /opt/airflow/dags/driver/clickhouse-jdbc-0.4.6.jar
[2025-03-07T06:25:25.225+0000] {processor.py:914} INFO - Processing file /opt/airflow/dags/driver/clickhouse-jdbc-0.4.6.jar for tasks to queue
[2025-03-07T06:25:25.226+0000] {logging_mixin.py:190} INFO - [2025-03-07T06:25:25.226+0000] {dagbag.py:588} INFO - Filling up the DagBag from /opt/airflow/dags/driver/clickhouse-jdbc-0.4.6.jar
[2025-03-07T06:25:25.230+0000] {processor.py:927} WARNING - No viable dags retrieved from /opt/airflow/dags/driver/clickhouse-jdbc-0.4.6.jar
[2025-03-07T06:25:25.243+0000] {processor.py:208} INFO - Processing /opt/airflow/dags/driver/clickhouse-jdbc-0.4.6.jar took 0.022 seconds
[2025-03-07T06:25:56.351+0000] {processor.py:186} INFO - Started process (PID=115) to work on /opt/airflow/dags/driver/clickhouse-jdbc-0.4.6.jar
[2025-03-07T06:25:56.352+0000] {processor.py:914} INFO - Processing file /opt/airflow/dags/driver/clickhouse-jdbc-0.4.6.jar for tasks to queue
[2025-03-07T06:25:56.353+0000] {logging_mixin.py:190} INFO - [2025-03-07T06:25:56.352+0000] {dagbag.py:588} INFO - Filling up the DagBag from /opt/airflow/dags/driver/clickhouse-jdbc-0.4.6.jar
[2025-03-07T06:25:56.356+0000] {processor.py:927} WARNING - No viable dags retrieved from /opt/airflow/dags/driver/clickhouse-jdbc-0.4.6.jar
[2025-03-07T06:25:56.362+0000] {processor.py:208} INFO - Processing /opt/airflow/dags/driver/clickhouse-jdbc-0.4.6.jar took 0.014 seconds
[2025-03-07T06:26:27.715+0000] {processor.py:186} INFO - Started process (PID=121) to work on /opt/airflow/dags/driver/clickhouse-jdbc-0.4.6.jar
[2025-03-07T06:26:27.716+0000] {processor.py:914} INFO - Processing file /opt/airflow/dags/driver/clickhouse-jdbc-0.4.6.jar for tasks to queue
[2025-03-07T06:26:27.717+0000] {logging_mixin.py:190} INFO - [2025-03-07T06:26:27.717+0000] {dagbag.py:588} INFO - Filling up the DagBag from /opt/airflow/dags/driver/clickhouse-jdbc-0.4.6.jar
[2025-03-07T06:26:27.721+0000] {processor.py:927} WARNING - No viable dags retrieved from /opt/airflow/dags/driver/clickhouse-jdbc-0.4.6.jar
[2025-03-07T06:26:27.734+0000] {processor.py:208} INFO - Processing /opt/airflow/dags/driver/clickhouse-jdbc-0.4.6.jar took 0.024 seconds
[2025-03-07T06:26:59.059+0000] {processor.py:186} INFO - Started process (PID=127) to work on /opt/airflow/dags/driver/clickhouse-jdbc-0.4.6.jar
[2025-03-07T06:26:59.060+0000] {processor.py:914} INFO - Processing file /opt/airflow/dags/driver/clickhouse-jdbc-0.4.6.jar for tasks to queue
[2025-03-07T06:26:59.061+0000] {logging_mixin.py:190} INFO - [2025-03-07T06:26:59.060+0000] {dagbag.py:588} INFO - Filling up the DagBag from /opt/airflow/dags/driver/clickhouse-jdbc-0.4.6.jar
[2025-03-07T06:26:59.064+0000] {processor.py:927} WARNING - No viable dags retrieved from /opt/airflow/dags/driver/clickhouse-jdbc-0.4.6.jar
[2025-03-07T06:26:59.071+0000] {processor.py:208} INFO - Processing /opt/airflow/dags/driver/clickhouse-jdbc-0.4.6.jar took 0.014 seconds
[2025-03-07T06:27:30.249+0000] {processor.py:186} INFO - Started process (PID=133) to work on /opt/airflow/dags/driver/clickhouse-jdbc-0.4.6.jar
[2025-03-07T06:27:30.250+0000] {processor.py:914} INFO - Processing file /opt/airflow/dags/driver/clickhouse-jdbc-0.4.6.jar for tasks to queue
[2025-03-07T06:27:30.252+0000] {logging_mixin.py:190} INFO - [2025-03-07T06:27:30.251+0000] {dagbag.py:588} INFO - Filling up the DagBag from /opt/airflow/dags/driver/clickhouse-jdbc-0.4.6.jar
[2025-03-07T06:27:30.258+0000] {processor.py:927} WARNING - No viable dags retrieved from /opt/airflow/dags/driver/clickhouse-jdbc-0.4.6.jar
[2025-03-07T06:27:30.266+0000] {processor.py:208} INFO - Processing /opt/airflow/dags/driver/clickhouse-jdbc-0.4.6.jar took 0.022 seconds
[2025-03-07T06:28:01.326+0000] {processor.py:186} INFO - Started process (PID=139) to work on /opt/airflow/dags/driver/clickhouse-jdbc-0.4.6.jar
[2025-03-07T06:28:01.328+0000] {processor.py:914} INFO - Processing file /opt/airflow/dags/driver/clickhouse-jdbc-0.4.6.jar for tasks to queue
[2025-03-07T06:28:01.329+0000] {logging_mixin.py:190} INFO - [2025-03-07T06:28:01.328+0000] {dagbag.py:588} INFO - Filling up the DagBag from /opt/airflow/dags/driver/clickhouse-jdbc-0.4.6.jar
[2025-03-07T06:28:01.343+0000] {processor.py:927} WARNING - No viable dags retrieved from /opt/airflow/dags/driver/clickhouse-jdbc-0.4.6.jar
[2025-03-07T06:28:01.364+0000] {processor.py:208} INFO - Processing /opt/airflow/dags/driver/clickhouse-jdbc-0.4.6.jar took 0.041 seconds
[2025-03-07T06:28:44.268+0000] {processor.py:186} INFO - Started process (PID=37) to work on /opt/airflow/dags/driver/clickhouse-jdbc-0.4.6.jar
[2025-03-07T06:28:44.271+0000] {processor.py:914} INFO - Processing file /opt/airflow/dags/driver/clickhouse-jdbc-0.4.6.jar for tasks to queue
[2025-03-07T06:28:44.272+0000] {logging_mixin.py:190} INFO - [2025-03-07T06:28:44.272+0000] {dagbag.py:588} INFO - Filling up the DagBag from /opt/airflow/dags/driver/clickhouse-jdbc-0.4.6.jar
[2025-03-07T06:28:44.277+0000] {processor.py:927} WARNING - No viable dags retrieved from /opt/airflow/dags/driver/clickhouse-jdbc-0.4.6.jar
[2025-03-07T06:28:44.287+0000] {processor.py:208} INFO - Processing /opt/airflow/dags/driver/clickhouse-jdbc-0.4.6.jar took 0.026 seconds
[2025-03-07T06:29:15.306+0000] {processor.py:186} INFO - Started process (PID=43) to work on /opt/airflow/dags/driver/clickhouse-jdbc-0.4.6.jar
[2025-03-07T06:29:15.307+0000] {processor.py:914} INFO - Processing file /opt/airflow/dags/driver/clickhouse-jdbc-0.4.6.jar for tasks to queue
[2025-03-07T06:29:15.308+0000] {logging_mixin.py:190} INFO - [2025-03-07T06:29:15.308+0000] {dagbag.py:588} INFO - Filling up the DagBag from /opt/airflow/dags/driver/clickhouse-jdbc-0.4.6.jar
[2025-03-07T06:29:15.311+0000] {processor.py:927} WARNING - No viable dags retrieved from /opt/airflow/dags/driver/clickhouse-jdbc-0.4.6.jar
[2025-03-07T06:29:15.317+0000] {processor.py:208} INFO - Processing /opt/airflow/dags/driver/clickhouse-jdbc-0.4.6.jar took 0.014 seconds
[2025-03-07T06:29:46.338+0000] {processor.py:186} INFO - Started process (PID=49) to work on /opt/airflow/dags/driver/clickhouse-jdbc-0.4.6.jar
[2025-03-07T06:29:46.339+0000] {processor.py:914} INFO - Processing file /opt/airflow/dags/driver/clickhouse-jdbc-0.4.6.jar for tasks to queue
[2025-03-07T06:29:46.340+0000] {logging_mixin.py:190} INFO - [2025-03-07T06:29:46.339+0000] {dagbag.py:588} INFO - Filling up the DagBag from /opt/airflow/dags/driver/clickhouse-jdbc-0.4.6.jar
[2025-03-07T06:29:46.343+0000] {processor.py:927} WARNING - No viable dags retrieved from /opt/airflow/dags/driver/clickhouse-jdbc-0.4.6.jar
[2025-03-07T06:29:46.349+0000] {processor.py:208} INFO - Processing /opt/airflow/dags/driver/clickhouse-jdbc-0.4.6.jar took 0.015 seconds
[2025-03-07T06:30:17.401+0000] {processor.py:186} INFO - Started process (PID=55) to work on /opt/airflow/dags/driver/clickhouse-jdbc-0.4.6.jar
[2025-03-07T06:30:17.402+0000] {processor.py:914} INFO - Processing file /opt/airflow/dags/driver/clickhouse-jdbc-0.4.6.jar for tasks to queue
[2025-03-07T06:30:17.403+0000] {logging_mixin.py:190} INFO - [2025-03-07T06:30:17.403+0000] {dagbag.py:588} INFO - Filling up the DagBag from /opt/airflow/dags/driver/clickhouse-jdbc-0.4.6.jar
[2025-03-07T06:30:17.406+0000] {processor.py:927} WARNING - No viable dags retrieved from /opt/airflow/dags/driver/clickhouse-jdbc-0.4.6.jar
[2025-03-07T06:30:17.414+0000] {processor.py:208} INFO - Processing /opt/airflow/dags/driver/clickhouse-jdbc-0.4.6.jar took 0.015 seconds
[2025-03-07T06:30:48.461+0000] {processor.py:186} INFO - Started process (PID=61) to work on /opt/airflow/dags/driver/clickhouse-jdbc-0.4.6.jar
[2025-03-07T06:30:48.461+0000] {processor.py:914} INFO - Processing file /opt/airflow/dags/driver/clickhouse-jdbc-0.4.6.jar for tasks to queue
[2025-03-07T06:30:48.462+0000] {logging_mixin.py:190} INFO - [2025-03-07T06:30:48.462+0000] {dagbag.py:588} INFO - Filling up the DagBag from /opt/airflow/dags/driver/clickhouse-jdbc-0.4.6.jar
[2025-03-07T06:30:48.466+0000] {processor.py:927} WARNING - No viable dags retrieved from /opt/airflow/dags/driver/clickhouse-jdbc-0.4.6.jar
[2025-03-07T06:30:48.473+0000] {processor.py:208} INFO - Processing /opt/airflow/dags/driver/clickhouse-jdbc-0.4.6.jar took 0.015 seconds
[2025-03-07T07:23:24.055+0000] {processor.py:186} INFO - Started process (PID=71) to work on /opt/airflow/dags/driver/clickhouse-jdbc-0.4.6.jar
[2025-03-07T07:23:24.055+0000] {processor.py:914} INFO - Processing file /opt/airflow/dags/driver/clickhouse-jdbc-0.4.6.jar for tasks to queue
[2025-03-07T07:23:24.056+0000] {logging_mixin.py:190} INFO - [2025-03-07T07:23:24.056+0000] {dagbag.py:588} INFO - Filling up the DagBag from /opt/airflow/dags/driver/clickhouse-jdbc-0.4.6.jar
[2025-03-07T07:23:24.059+0000] {processor.py:927} WARNING - No viable dags retrieved from /opt/airflow/dags/driver/clickhouse-jdbc-0.4.6.jar
[2025-03-07T07:23:24.066+0000] {processor.py:208} INFO - Processing /opt/airflow/dags/driver/clickhouse-jdbc-0.4.6.jar took 0.014 seconds
