[2025-03-07T06:11:29.985+0000] {processor.py:186} INFO - Started process (PID=36) to work on /opt/airflow/dags/driver/client-v2-0.7.2-javadoc.jar
[2025-03-07T06:11:29.986+0000] {processor.py:914} INFO - Processing file /opt/airflow/dags/driver/client-v2-0.7.2-javadoc.jar for tasks to queue
[2025-03-07T06:11:29.988+0000] {logging_mixin.py:190} INFO - [2025-03-07T06:11:29.988+0000] {dagbag.py:588} INFO - Filling up the DagBag from /opt/airflow/dags/driver/client-v2-0.7.2-javadoc.jar
[2025-03-07T06:11:29.993+0000] {processor.py:927} WARNING - No viable dags retrieved from /opt/airflow/dags/driver/client-v2-0.7.2-javadoc.jar
[2025-03-07T06:11:30.021+0000] {processor.py:208} INFO - Processing /opt/airflow/dags/driver/client-v2-0.7.2-javadoc.jar took 0.048 seconds
[2025-03-07T06:12:01.179+0000] {processor.py:186} INFO - Started process (PID=42) to work on /opt/airflow/dags/driver/client-v2-0.7.2-javadoc.jar
[2025-03-07T06:12:01.181+0000] {processor.py:914} INFO - Processing file /opt/airflow/dags/driver/client-v2-0.7.2-javadoc.jar for tasks to queue
[2025-03-07T06:12:01.182+0000] {logging_mixin.py:190} INFO - [2025-03-07T06:12:01.182+0000] {dagbag.py:588} INFO - Filling up the DagBag from /opt/airflow/dags/driver/client-v2-0.7.2-javadoc.jar
[2025-03-07T06:12:01.184+0000] {processor.py:927} WARNING - No viable dags retrieved from /opt/airflow/dags/driver/client-v2-0.7.2-javadoc.jar
[2025-03-07T06:12:01.193+0000] {processor.py:208} INFO - Processing /opt/airflow/dags/driver/client-v2-0.7.2-javadoc.jar took 0.017 seconds
[2025-03-07T06:12:32.236+0000] {processor.py:186} INFO - Started process (PID=48) to work on /opt/airflow/dags/driver/client-v2-0.7.2-javadoc.jar
[2025-03-07T06:12:32.237+0000] {processor.py:914} INFO - Processing file /opt/airflow/dags/driver/client-v2-0.7.2-javadoc.jar for tasks to queue
[2025-03-07T06:12:32.238+0000] {logging_mixin.py:190} INFO - [2025-03-07T06:12:32.238+0000] {dagbag.py:588} INFO - Filling up the DagBag from /opt/airflow/dags/driver/client-v2-0.7.2-javadoc.jar
[2025-03-07T06:12:32.240+0000] {processor.py:927} WARNING - No viable dags retrieved from /opt/airflow/dags/driver/client-v2-0.7.2-javadoc.jar
[2025-03-07T06:12:32.248+0000] {processor.py:208} INFO - Processing /opt/airflow/dags/driver/client-v2-0.7.2-javadoc.jar took 0.015 seconds
[2025-03-07T06:13:03.297+0000] {processor.py:186} INFO - Started process (PID=54) to work on /opt/airflow/dags/driver/client-v2-0.7.2-javadoc.jar
[2025-03-07T06:13:03.298+0000] {processor.py:914} INFO - Processing file /opt/airflow/dags/driver/client-v2-0.7.2-javadoc.jar for tasks to queue
[2025-03-07T06:13:03.301+0000] {logging_mixin.py:190} INFO - [2025-03-07T06:13:03.300+0000] {dagbag.py:588} INFO - Filling up the DagBag from /opt/airflow/dags/driver/client-v2-0.7.2-javadoc.jar
[2025-03-07T06:13:03.305+0000] {processor.py:927} WARNING - No viable dags retrieved from /opt/airflow/dags/driver/client-v2-0.7.2-javadoc.jar
[2025-03-07T06:13:03.312+0000] {processor.py:208} INFO - Processing /opt/airflow/dags/driver/client-v2-0.7.2-javadoc.jar took 0.019 seconds
[2025-03-07T06:13:34.328+0000] {processor.py:186} INFO - Started process (PID=60) to work on /opt/airflow/dags/driver/client-v2-0.7.2-javadoc.jar
[2025-03-07T06:13:34.328+0000] {processor.py:914} INFO - Processing file /opt/airflow/dags/driver/client-v2-0.7.2-javadoc.jar for tasks to queue
[2025-03-07T06:13:34.329+0000] {logging_mixin.py:190} INFO - [2025-03-07T06:13:34.329+0000] {dagbag.py:588} INFO - Filling up the DagBag from /opt/airflow/dags/driver/client-v2-0.7.2-javadoc.jar
[2025-03-07T06:13:34.332+0000] {processor.py:927} WARNING - No viable dags retrieved from /opt/airflow/dags/driver/client-v2-0.7.2-javadoc.jar
[2025-03-07T06:13:34.338+0000] {processor.py:208} INFO - Processing /opt/airflow/dags/driver/client-v2-0.7.2-javadoc.jar took 0.013 seconds
[2025-03-07T06:14:05.792+0000] {processor.py:186} INFO - Started process (PID=66) to work on /opt/airflow/dags/driver/client-v2-0.7.2-javadoc.jar
[2025-03-07T06:14:05.796+0000] {processor.py:914} INFO - Processing file /opt/airflow/dags/driver/client-v2-0.7.2-javadoc.jar for tasks to queue
[2025-03-07T06:14:05.798+0000] {logging_mixin.py:190} INFO - [2025-03-07T06:14:05.797+0000] {dagbag.py:588} INFO - Filling up the DagBag from /opt/airflow/dags/driver/client-v2-0.7.2-javadoc.jar
[2025-03-07T06:14:05.802+0000] {processor.py:927} WARNING - No viable dags retrieved from /opt/airflow/dags/driver/client-v2-0.7.2-javadoc.jar
[2025-03-07T06:14:05.814+0000] {processor.py:208} INFO - Processing /opt/airflow/dags/driver/client-v2-0.7.2-javadoc.jar took 0.026 seconds
[2025-03-07T06:14:37.251+0000] {processor.py:186} INFO - Started process (PID=72) to work on /opt/airflow/dags/driver/client-v2-0.7.2-javadoc.jar
[2025-03-07T06:14:37.252+0000] {processor.py:914} INFO - Processing file /opt/airflow/dags/driver/client-v2-0.7.2-javadoc.jar for tasks to queue
[2025-03-07T06:14:37.254+0000] {logging_mixin.py:190} INFO - [2025-03-07T06:14:37.253+0000] {dagbag.py:588} INFO - Filling up the DagBag from /opt/airflow/dags/driver/client-v2-0.7.2-javadoc.jar
[2025-03-07T06:14:37.257+0000] {processor.py:927} WARNING - No viable dags retrieved from /opt/airflow/dags/driver/client-v2-0.7.2-javadoc.jar
[2025-03-07T06:14:37.271+0000] {processor.py:208} INFO - Processing /opt/airflow/dags/driver/client-v2-0.7.2-javadoc.jar took 0.024 seconds
[2025-03-07T06:15:08.534+0000] {processor.py:186} INFO - Started process (PID=78) to work on /opt/airflow/dags/driver/client-v2-0.7.2-javadoc.jar
[2025-03-07T06:15:08.535+0000] {processor.py:914} INFO - Processing file /opt/airflow/dags/driver/client-v2-0.7.2-javadoc.jar for tasks to queue
[2025-03-07T06:15:08.537+0000] {logging_mixin.py:190} INFO - [2025-03-07T06:15:08.536+0000] {dagbag.py:588} INFO - Filling up the DagBag from /opt/airflow/dags/driver/client-v2-0.7.2-javadoc.jar
[2025-03-07T06:15:08.540+0000] {processor.py:927} WARNING - No viable dags retrieved from /opt/airflow/dags/driver/client-v2-0.7.2-javadoc.jar
[2025-03-07T06:15:08.550+0000] {processor.py:208} INFO - Processing /opt/airflow/dags/driver/client-v2-0.7.2-javadoc.jar took 0.020 seconds
[2025-03-07T06:15:40.534+0000] {processor.py:186} INFO - Started process (PID=84) to work on /opt/airflow/dags/driver/client-v2-0.7.2-javadoc.jar
[2025-03-07T06:15:40.535+0000] {processor.py:914} INFO - Processing file /opt/airflow/dags/driver/client-v2-0.7.2-javadoc.jar for tasks to queue
[2025-03-07T06:15:40.537+0000] {logging_mixin.py:190} INFO - [2025-03-07T06:15:40.537+0000] {dagbag.py:588} INFO - Filling up the DagBag from /opt/airflow/dags/driver/client-v2-0.7.2-javadoc.jar
[2025-03-07T06:15:40.542+0000] {processor.py:927} WARNING - No viable dags retrieved from /opt/airflow/dags/driver/client-v2-0.7.2-javadoc.jar
[2025-03-07T06:15:40.558+0000] {processor.py:208} INFO - Processing /opt/airflow/dags/driver/client-v2-0.7.2-javadoc.jar took 0.032 seconds
[2025-03-07T06:16:11.692+0000] {processor.py:186} INFO - Started process (PID=90) to work on /opt/airflow/dags/driver/client-v2-0.7.2-javadoc.jar
[2025-03-07T06:16:11.693+0000] {processor.py:914} INFO - Processing file /opt/airflow/dags/driver/client-v2-0.7.2-javadoc.jar for tasks to queue
[2025-03-07T06:16:11.694+0000] {logging_mixin.py:190} INFO - [2025-03-07T06:16:11.694+0000] {dagbag.py:588} INFO - Filling up the DagBag from /opt/airflow/dags/driver/client-v2-0.7.2-javadoc.jar
[2025-03-07T06:16:11.696+0000] {processor.py:927} WARNING - No viable dags retrieved from /opt/airflow/dags/driver/client-v2-0.7.2-javadoc.jar
[2025-03-07T06:16:11.702+0000] {processor.py:208} INFO - Processing /opt/airflow/dags/driver/client-v2-0.7.2-javadoc.jar took 0.013 seconds
[2025-03-07T06:16:42.356+0000] {processor.py:186} INFO - Started process (PID=96) to work on /opt/airflow/dags/driver/client-v2-0.7.2-javadoc.jar
[2025-03-07T06:16:42.358+0000] {processor.py:914} INFO - Processing file /opt/airflow/dags/driver/client-v2-0.7.2-javadoc.jar for tasks to queue
[2025-03-07T06:16:42.360+0000] {logging_mixin.py:190} INFO - [2025-03-07T06:16:42.360+0000] {dagbag.py:588} INFO - Filling up the DagBag from /opt/airflow/dags/driver/client-v2-0.7.2-javadoc.jar
[2025-03-07T06:16:42.364+0000] {processor.py:927} WARNING - No viable dags retrieved from /opt/airflow/dags/driver/client-v2-0.7.2-javadoc.jar
[2025-03-07T06:16:42.371+0000] {processor.py:208} INFO - Processing /opt/airflow/dags/driver/client-v2-0.7.2-javadoc.jar took 0.019 seconds
[2025-03-07T06:17:13.391+0000] {processor.py:186} INFO - Started process (PID=102) to work on /opt/airflow/dags/driver/client-v2-0.7.2-javadoc.jar
[2025-03-07T06:17:13.392+0000] {processor.py:914} INFO - Processing file /opt/airflow/dags/driver/client-v2-0.7.2-javadoc.jar for tasks to queue
[2025-03-07T06:17:13.393+0000] {logging_mixin.py:190} INFO - [2025-03-07T06:17:13.392+0000] {dagbag.py:588} INFO - Filling up the DagBag from /opt/airflow/dags/driver/client-v2-0.7.2-javadoc.jar
[2025-03-07T06:17:13.395+0000] {processor.py:927} WARNING - No viable dags retrieved from /opt/airflow/dags/driver/client-v2-0.7.2-javadoc.jar
[2025-03-07T06:17:13.403+0000] {processor.py:208} INFO - Processing /opt/airflow/dags/driver/client-v2-0.7.2-javadoc.jar took 0.015 seconds
[2025-03-07T06:18:08.026+0000] {processor.py:186} INFO - Started process (PID=36) to work on /opt/airflow/dags/driver/client-v2-0.7.2-javadoc.jar
[2025-03-07T06:18:08.027+0000] {processor.py:914} INFO - Processing file /opt/airflow/dags/driver/client-v2-0.7.2-javadoc.jar for tasks to queue
[2025-03-07T06:18:08.028+0000] {logging_mixin.py:190} INFO - [2025-03-07T06:18:08.028+0000] {dagbag.py:588} INFO - Filling up the DagBag from /opt/airflow/dags/driver/client-v2-0.7.2-javadoc.jar
[2025-03-07T06:18:08.030+0000] {processor.py:927} WARNING - No viable dags retrieved from /opt/airflow/dags/driver/client-v2-0.7.2-javadoc.jar
[2025-03-07T06:18:08.038+0000] {processor.py:208} INFO - Processing /opt/airflow/dags/driver/client-v2-0.7.2-javadoc.jar took 0.016 seconds
[2025-03-07T06:18:39.218+0000] {processor.py:186} INFO - Started process (PID=42) to work on /opt/airflow/dags/driver/client-v2-0.7.2-javadoc.jar
[2025-03-07T06:18:39.224+0000] {processor.py:914} INFO - Processing file /opt/airflow/dags/driver/client-v2-0.7.2-javadoc.jar for tasks to queue
[2025-03-07T06:18:39.226+0000] {logging_mixin.py:190} INFO - [2025-03-07T06:18:39.226+0000] {dagbag.py:588} INFO - Filling up the DagBag from /opt/airflow/dags/driver/client-v2-0.7.2-javadoc.jar
[2025-03-07T06:18:39.230+0000] {processor.py:927} WARNING - No viable dags retrieved from /opt/airflow/dags/driver/client-v2-0.7.2-javadoc.jar
[2025-03-07T06:18:39.247+0000] {processor.py:208} INFO - Processing /opt/airflow/dags/driver/client-v2-0.7.2-javadoc.jar took 0.049 seconds
[2025-03-07T06:19:11.945+0000] {processor.py:186} INFO - Started process (PID=36) to work on /opt/airflow/dags/driver/client-v2-0.7.2-javadoc.jar
[2025-03-07T06:19:11.946+0000] {processor.py:914} INFO - Processing file /opt/airflow/dags/driver/client-v2-0.7.2-javadoc.jar for tasks to queue
[2025-03-07T06:19:11.947+0000] {logging_mixin.py:190} INFO - [2025-03-07T06:19:11.947+0000] {dagbag.py:588} INFO - Filling up the DagBag from /opt/airflow/dags/driver/client-v2-0.7.2-javadoc.jar
[2025-03-07T06:19:11.949+0000] {processor.py:927} WARNING - No viable dags retrieved from /opt/airflow/dags/driver/client-v2-0.7.2-javadoc.jar
[2025-03-07T06:19:11.957+0000] {processor.py:208} INFO - Processing /opt/airflow/dags/driver/client-v2-0.7.2-javadoc.jar took 0.015 seconds
[2025-03-07T06:19:43.060+0000] {processor.py:186} INFO - Started process (PID=42) to work on /opt/airflow/dags/driver/client-v2-0.7.2-javadoc.jar
[2025-03-07T06:19:43.061+0000] {processor.py:914} INFO - Processing file /opt/airflow/dags/driver/client-v2-0.7.2-javadoc.jar for tasks to queue
[2025-03-07T06:19:43.063+0000] {logging_mixin.py:190} INFO - [2025-03-07T06:19:43.062+0000] {dagbag.py:588} INFO - Filling up the DagBag from /opt/airflow/dags/driver/client-v2-0.7.2-javadoc.jar
[2025-03-07T06:19:43.066+0000] {processor.py:927} WARNING - No viable dags retrieved from /opt/airflow/dags/driver/client-v2-0.7.2-javadoc.jar
[2025-03-07T06:19:43.078+0000] {processor.py:208} INFO - Processing /opt/airflow/dags/driver/client-v2-0.7.2-javadoc.jar took 0.021 seconds
[2025-03-07T06:20:14.133+0000] {processor.py:186} INFO - Started process (PID=48) to work on /opt/airflow/dags/driver/client-v2-0.7.2-javadoc.jar
[2025-03-07T06:20:14.133+0000] {processor.py:914} INFO - Processing file /opt/airflow/dags/driver/client-v2-0.7.2-javadoc.jar for tasks to queue
[2025-03-07T06:20:14.135+0000] {logging_mixin.py:190} INFO - [2025-03-07T06:20:14.134+0000] {dagbag.py:588} INFO - Filling up the DagBag from /opt/airflow/dags/driver/client-v2-0.7.2-javadoc.jar
[2025-03-07T06:20:14.138+0000] {processor.py:927} WARNING - No viable dags retrieved from /opt/airflow/dags/driver/client-v2-0.7.2-javadoc.jar
[2025-03-07T06:20:14.152+0000] {processor.py:208} INFO - Processing /opt/airflow/dags/driver/client-v2-0.7.2-javadoc.jar took 0.024 seconds
[2025-03-07T06:20:45.125+0000] {processor.py:186} INFO - Started process (PID=54) to work on /opt/airflow/dags/driver/client-v2-0.7.2-javadoc.jar
[2025-03-07T06:20:45.126+0000] {processor.py:914} INFO - Processing file /opt/airflow/dags/driver/client-v2-0.7.2-javadoc.jar for tasks to queue
[2025-03-07T06:20:45.128+0000] {logging_mixin.py:190} INFO - [2025-03-07T06:20:45.127+0000] {dagbag.py:588} INFO - Filling up the DagBag from /opt/airflow/dags/driver/client-v2-0.7.2-javadoc.jar
[2025-03-07T06:20:45.130+0000] {processor.py:927} WARNING - No viable dags retrieved from /opt/airflow/dags/driver/client-v2-0.7.2-javadoc.jar
[2025-03-07T06:20:45.140+0000] {processor.py:208} INFO - Processing /opt/airflow/dags/driver/client-v2-0.7.2-javadoc.jar took 0.018 seconds
[2025-03-07T06:21:16.294+0000] {processor.py:186} INFO - Started process (PID=60) to work on /opt/airflow/dags/driver/client-v2-0.7.2-javadoc.jar
[2025-03-07T06:21:16.294+0000] {processor.py:914} INFO - Processing file /opt/airflow/dags/driver/client-v2-0.7.2-javadoc.jar for tasks to queue
[2025-03-07T06:21:16.296+0000] {logging_mixin.py:190} INFO - [2025-03-07T06:21:16.296+0000] {dagbag.py:588} INFO - Filling up the DagBag from /opt/airflow/dags/driver/client-v2-0.7.2-javadoc.jar
[2025-03-07T06:21:16.301+0000] {processor.py:927} WARNING - No viable dags retrieved from /opt/airflow/dags/driver/client-v2-0.7.2-javadoc.jar
[2025-03-07T06:21:16.315+0000] {processor.py:208} INFO - Processing /opt/airflow/dags/driver/client-v2-0.7.2-javadoc.jar took 0.024 seconds
[2025-03-07T06:21:47.562+0000] {processor.py:186} INFO - Started process (PID=66) to work on /opt/airflow/dags/driver/client-v2-0.7.2-javadoc.jar
[2025-03-07T06:21:47.563+0000] {processor.py:914} INFO - Processing file /opt/airflow/dags/driver/client-v2-0.7.2-javadoc.jar for tasks to queue
[2025-03-07T06:21:47.564+0000] {logging_mixin.py:190} INFO - [2025-03-07T06:21:47.564+0000] {dagbag.py:588} INFO - Filling up the DagBag from /opt/airflow/dags/driver/client-v2-0.7.2-javadoc.jar
[2025-03-07T06:21:47.567+0000] {processor.py:927} WARNING - No viable dags retrieved from /opt/airflow/dags/driver/client-v2-0.7.2-javadoc.jar
[2025-03-07T06:21:47.574+0000] {processor.py:208} INFO - Processing /opt/airflow/dags/driver/client-v2-0.7.2-javadoc.jar took 0.015 seconds
[2025-03-07T06:22:18.595+0000] {processor.py:186} INFO - Started process (PID=72) to work on /opt/airflow/dags/driver/client-v2-0.7.2-javadoc.jar
[2025-03-07T06:22:18.596+0000] {processor.py:914} INFO - Processing file /opt/airflow/dags/driver/client-v2-0.7.2-javadoc.jar for tasks to queue
[2025-03-07T06:22:18.597+0000] {logging_mixin.py:190} INFO - [2025-03-07T06:22:18.597+0000] {dagbag.py:588} INFO - Filling up the DagBag from /opt/airflow/dags/driver/client-v2-0.7.2-javadoc.jar
[2025-03-07T06:22:18.599+0000] {processor.py:927} WARNING - No viable dags retrieved from /opt/airflow/dags/driver/client-v2-0.7.2-javadoc.jar
[2025-03-07T06:22:18.608+0000] {processor.py:208} INFO - Processing /opt/airflow/dags/driver/client-v2-0.7.2-javadoc.jar took 0.017 seconds
[2025-03-07T06:22:49.837+0000] {processor.py:186} INFO - Started process (PID=78) to work on /opt/airflow/dags/driver/client-v2-0.7.2-javadoc.jar
[2025-03-07T06:22:49.840+0000] {processor.py:914} INFO - Processing file /opt/airflow/dags/driver/client-v2-0.7.2-javadoc.jar for tasks to queue
[2025-03-07T06:22:49.842+0000] {logging_mixin.py:190} INFO - [2025-03-07T06:22:49.842+0000] {dagbag.py:588} INFO - Filling up the DagBag from /opt/airflow/dags/driver/client-v2-0.7.2-javadoc.jar
[2025-03-07T06:22:49.845+0000] {processor.py:927} WARNING - No viable dags retrieved from /opt/airflow/dags/driver/client-v2-0.7.2-javadoc.jar
[2025-03-07T06:22:49.857+0000] {processor.py:208} INFO - Processing /opt/airflow/dags/driver/client-v2-0.7.2-javadoc.jar took 0.028 seconds
[2025-03-07T06:23:21.181+0000] {processor.py:186} INFO - Started process (PID=84) to work on /opt/airflow/dags/driver/client-v2-0.7.2-javadoc.jar
[2025-03-07T06:23:21.182+0000] {processor.py:914} INFO - Processing file /opt/airflow/dags/driver/client-v2-0.7.2-javadoc.jar for tasks to queue
[2025-03-07T06:23:21.183+0000] {logging_mixin.py:190} INFO - [2025-03-07T06:23:21.182+0000] {dagbag.py:588} INFO - Filling up the DagBag from /opt/airflow/dags/driver/client-v2-0.7.2-javadoc.jar
[2025-03-07T06:23:21.185+0000] {processor.py:927} WARNING - No viable dags retrieved from /opt/airflow/dags/driver/client-v2-0.7.2-javadoc.jar
[2025-03-07T06:23:21.192+0000] {processor.py:208} INFO - Processing /opt/airflow/dags/driver/client-v2-0.7.2-javadoc.jar took 0.014 seconds
[2025-03-07T06:23:52.275+0000] {processor.py:186} INFO - Started process (PID=90) to work on /opt/airflow/dags/driver/client-v2-0.7.2-javadoc.jar
[2025-03-07T06:23:52.275+0000] {processor.py:914} INFO - Processing file /opt/airflow/dags/driver/client-v2-0.7.2-javadoc.jar for tasks to queue
[2025-03-07T06:23:52.277+0000] {logging_mixin.py:190} INFO - [2025-03-07T06:23:52.276+0000] {dagbag.py:588} INFO - Filling up the DagBag from /opt/airflow/dags/driver/client-v2-0.7.2-javadoc.jar
[2025-03-07T06:23:52.279+0000] {processor.py:927} WARNING - No viable dags retrieved from /opt/airflow/dags/driver/client-v2-0.7.2-javadoc.jar
[2025-03-07T06:23:52.287+0000] {processor.py:208} INFO - Processing /opt/airflow/dags/driver/client-v2-0.7.2-javadoc.jar took 0.015 seconds
[2025-03-07T06:24:22.958+0000] {processor.py:186} INFO - Started process (PID=96) to work on /opt/airflow/dags/driver/client-v2-0.7.2-javadoc.jar
[2025-03-07T06:24:22.959+0000] {processor.py:914} INFO - Processing file /opt/airflow/dags/driver/client-v2-0.7.2-javadoc.jar for tasks to queue
[2025-03-07T06:24:22.962+0000] {logging_mixin.py:190} INFO - [2025-03-07T06:24:22.962+0000] {dagbag.py:588} INFO - Filling up the DagBag from /opt/airflow/dags/driver/client-v2-0.7.2-javadoc.jar
[2025-03-07T06:24:22.968+0000] {processor.py:927} WARNING - No viable dags retrieved from /opt/airflow/dags/driver/client-v2-0.7.2-javadoc.jar
[2025-03-07T06:24:22.981+0000] {processor.py:208} INFO - Processing /opt/airflow/dags/driver/client-v2-0.7.2-javadoc.jar took 0.026 seconds
[2025-03-07T06:24:54.171+0000] {processor.py:186} INFO - Started process (PID=102) to work on /opt/airflow/dags/driver/client-v2-0.7.2-javadoc.jar
[2025-03-07T06:24:54.172+0000] {processor.py:914} INFO - Processing file /opt/airflow/dags/driver/client-v2-0.7.2-javadoc.jar for tasks to queue
[2025-03-07T06:24:54.174+0000] {logging_mixin.py:190} INFO - [2025-03-07T06:24:54.174+0000] {dagbag.py:588} INFO - Filling up the DagBag from /opt/airflow/dags/driver/client-v2-0.7.2-javadoc.jar
[2025-03-07T06:24:54.179+0000] {processor.py:927} WARNING - No viable dags retrieved from /opt/airflow/dags/driver/client-v2-0.7.2-javadoc.jar
[2025-03-07T06:24:54.193+0000] {processor.py:208} INFO - Processing /opt/airflow/dags/driver/client-v2-0.7.2-javadoc.jar took 0.026 seconds
[2025-03-07T06:25:25.180+0000] {processor.py:186} INFO - Started process (PID=108) to work on /opt/airflow/dags/driver/client-v2-0.7.2-javadoc.jar
[2025-03-07T06:25:25.183+0000] {processor.py:914} INFO - Processing file /opt/airflow/dags/driver/client-v2-0.7.2-javadoc.jar for tasks to queue
[2025-03-07T06:25:25.184+0000] {logging_mixin.py:190} INFO - [2025-03-07T06:25:25.184+0000] {dagbag.py:588} INFO - Filling up the DagBag from /opt/airflow/dags/driver/client-v2-0.7.2-javadoc.jar
[2025-03-07T06:25:25.187+0000] {processor.py:927} WARNING - No viable dags retrieved from /opt/airflow/dags/driver/client-v2-0.7.2-javadoc.jar
[2025-03-07T06:25:25.200+0000] {processor.py:208} INFO - Processing /opt/airflow/dags/driver/client-v2-0.7.2-javadoc.jar took 0.024 seconds
[2025-03-07T06:25:56.310+0000] {processor.py:186} INFO - Started process (PID=114) to work on /opt/airflow/dags/driver/client-v2-0.7.2-javadoc.jar
[2025-03-07T06:25:56.311+0000] {processor.py:914} INFO - Processing file /opt/airflow/dags/driver/client-v2-0.7.2-javadoc.jar for tasks to queue
[2025-03-07T06:25:56.313+0000] {logging_mixin.py:190} INFO - [2025-03-07T06:25:56.313+0000] {dagbag.py:588} INFO - Filling up the DagBag from /opt/airflow/dags/driver/client-v2-0.7.2-javadoc.jar
[2025-03-07T06:25:56.316+0000] {processor.py:927} WARNING - No viable dags retrieved from /opt/airflow/dags/driver/client-v2-0.7.2-javadoc.jar
[2025-03-07T06:25:56.326+0000] {processor.py:208} INFO - Processing /opt/airflow/dags/driver/client-v2-0.7.2-javadoc.jar took 0.021 seconds
[2025-03-07T06:26:27.623+0000] {processor.py:186} INFO - Started process (PID=120) to work on /opt/airflow/dags/driver/client-v2-0.7.2-javadoc.jar
[2025-03-07T06:26:27.627+0000] {processor.py:914} INFO - Processing file /opt/airflow/dags/driver/client-v2-0.7.2-javadoc.jar for tasks to queue
[2025-03-07T06:26:27.631+0000] {logging_mixin.py:190} INFO - [2025-03-07T06:26:27.630+0000] {dagbag.py:588} INFO - Filling up the DagBag from /opt/airflow/dags/driver/client-v2-0.7.2-javadoc.jar
[2025-03-07T06:26:27.634+0000] {processor.py:927} WARNING - No viable dags retrieved from /opt/airflow/dags/driver/client-v2-0.7.2-javadoc.jar
[2025-03-07T06:26:27.655+0000] {processor.py:208} INFO - Processing /opt/airflow/dags/driver/client-v2-0.7.2-javadoc.jar took 0.057 seconds
[2025-03-07T06:26:59.029+0000] {processor.py:186} INFO - Started process (PID=126) to work on /opt/airflow/dags/driver/client-v2-0.7.2-javadoc.jar
[2025-03-07T06:26:59.030+0000] {processor.py:914} INFO - Processing file /opt/airflow/dags/driver/client-v2-0.7.2-javadoc.jar for tasks to queue
[2025-03-07T06:26:59.031+0000] {logging_mixin.py:190} INFO - [2025-03-07T06:26:59.031+0000] {dagbag.py:588} INFO - Filling up the DagBag from /opt/airflow/dags/driver/client-v2-0.7.2-javadoc.jar
[2025-03-07T06:26:59.033+0000] {processor.py:927} WARNING - No viable dags retrieved from /opt/airflow/dags/driver/client-v2-0.7.2-javadoc.jar
[2025-03-07T06:26:59.041+0000] {processor.py:208} INFO - Processing /opt/airflow/dags/driver/client-v2-0.7.2-javadoc.jar took 0.014 seconds
[2025-03-07T06:27:30.194+0000] {processor.py:186} INFO - Started process (PID=132) to work on /opt/airflow/dags/driver/client-v2-0.7.2-javadoc.jar
[2025-03-07T06:27:30.195+0000] {processor.py:914} INFO - Processing file /opt/airflow/dags/driver/client-v2-0.7.2-javadoc.jar for tasks to queue
[2025-03-07T06:27:30.196+0000] {logging_mixin.py:190} INFO - [2025-03-07T06:27:30.196+0000] {dagbag.py:588} INFO - Filling up the DagBag from /opt/airflow/dags/driver/client-v2-0.7.2-javadoc.jar
[2025-03-07T06:27:30.198+0000] {processor.py:927} WARNING - No viable dags retrieved from /opt/airflow/dags/driver/client-v2-0.7.2-javadoc.jar
[2025-03-07T06:27:30.206+0000] {processor.py:208} INFO - Processing /opt/airflow/dags/driver/client-v2-0.7.2-javadoc.jar took 0.015 seconds
[2025-03-07T06:28:01.276+0000] {processor.py:186} INFO - Started process (PID=138) to work on /opt/airflow/dags/driver/client-v2-0.7.2-javadoc.jar
[2025-03-07T06:28:01.277+0000] {processor.py:914} INFO - Processing file /opt/airflow/dags/driver/client-v2-0.7.2-javadoc.jar for tasks to queue
[2025-03-07T06:28:01.278+0000] {logging_mixin.py:190} INFO - [2025-03-07T06:28:01.278+0000] {dagbag.py:588} INFO - Filling up the DagBag from /opt/airflow/dags/driver/client-v2-0.7.2-javadoc.jar
[2025-03-07T06:28:01.281+0000] {processor.py:927} WARNING - No viable dags retrieved from /opt/airflow/dags/driver/client-v2-0.7.2-javadoc.jar
[2025-03-07T06:28:01.290+0000] {processor.py:208} INFO - Processing /opt/airflow/dags/driver/client-v2-0.7.2-javadoc.jar took 0.017 seconds
[2025-03-07T06:28:44.200+0000] {processor.py:186} INFO - Started process (PID=36) to work on /opt/airflow/dags/driver/client-v2-0.7.2-javadoc.jar
[2025-03-07T06:28:44.201+0000] {processor.py:914} INFO - Processing file /opt/airflow/dags/driver/client-v2-0.7.2-javadoc.jar for tasks to queue
[2025-03-07T06:28:44.202+0000] {logging_mixin.py:190} INFO - [2025-03-07T06:28:44.202+0000] {dagbag.py:588} INFO - Filling up the DagBag from /opt/airflow/dags/driver/client-v2-0.7.2-javadoc.jar
[2025-03-07T06:28:44.204+0000] {processor.py:927} WARNING - No viable dags retrieved from /opt/airflow/dags/driver/client-v2-0.7.2-javadoc.jar
[2025-03-07T06:28:44.212+0000] {processor.py:208} INFO - Processing /opt/airflow/dags/driver/client-v2-0.7.2-javadoc.jar took 0.014 seconds
[2025-03-07T06:29:15.265+0000] {processor.py:186} INFO - Started process (PID=42) to work on /opt/airflow/dags/driver/client-v2-0.7.2-javadoc.jar
[2025-03-07T06:29:15.265+0000] {processor.py:914} INFO - Processing file /opt/airflow/dags/driver/client-v2-0.7.2-javadoc.jar for tasks to queue
[2025-03-07T06:29:15.266+0000] {logging_mixin.py:190} INFO - [2025-03-07T06:29:15.266+0000] {dagbag.py:588} INFO - Filling up the DagBag from /opt/airflow/dags/driver/client-v2-0.7.2-javadoc.jar
[2025-03-07T06:29:15.271+0000] {processor.py:927} WARNING - No viable dags retrieved from /opt/airflow/dags/driver/client-v2-0.7.2-javadoc.jar
[2025-03-07T06:29:15.284+0000] {processor.py:208} INFO - Processing /opt/airflow/dags/driver/client-v2-0.7.2-javadoc.jar took 0.023 seconds
[2025-03-07T06:29:46.293+0000] {processor.py:186} INFO - Started process (PID=48) to work on /opt/airflow/dags/driver/client-v2-0.7.2-javadoc.jar
[2025-03-07T06:29:46.293+0000] {processor.py:914} INFO - Processing file /opt/airflow/dags/driver/client-v2-0.7.2-javadoc.jar for tasks to queue
[2025-03-07T06:29:46.295+0000] {logging_mixin.py:190} INFO - [2025-03-07T06:29:46.294+0000] {dagbag.py:588} INFO - Filling up the DagBag from /opt/airflow/dags/driver/client-v2-0.7.2-javadoc.jar
[2025-03-07T06:29:46.298+0000] {processor.py:927} WARNING - No viable dags retrieved from /opt/airflow/dags/driver/client-v2-0.7.2-javadoc.jar
[2025-03-07T06:29:46.307+0000] {processor.py:208} INFO - Processing /opt/airflow/dags/driver/client-v2-0.7.2-javadoc.jar took 0.019 seconds
[2025-03-07T06:30:17.360+0000] {processor.py:186} INFO - Started process (PID=54) to work on /opt/airflow/dags/driver/client-v2-0.7.2-javadoc.jar
[2025-03-07T06:30:17.361+0000] {processor.py:914} INFO - Processing file /opt/airflow/dags/driver/client-v2-0.7.2-javadoc.jar for tasks to queue
[2025-03-07T06:30:17.363+0000] {logging_mixin.py:190} INFO - [2025-03-07T06:30:17.362+0000] {dagbag.py:588} INFO - Filling up the DagBag from /opt/airflow/dags/driver/client-v2-0.7.2-javadoc.jar
[2025-03-07T06:30:17.367+0000] {processor.py:927} WARNING - No viable dags retrieved from /opt/airflow/dags/driver/client-v2-0.7.2-javadoc.jar
[2025-03-07T06:30:17.378+0000] {processor.py:208} INFO - Processing /opt/airflow/dags/driver/client-v2-0.7.2-javadoc.jar took 0.022 seconds
[2025-03-07T06:30:48.417+0000] {processor.py:186} INFO - Started process (PID=60) to work on /opt/airflow/dags/driver/client-v2-0.7.2-javadoc.jar
[2025-03-07T06:30:48.418+0000] {processor.py:914} INFO - Processing file /opt/airflow/dags/driver/client-v2-0.7.2-javadoc.jar for tasks to queue
[2025-03-07T06:30:48.422+0000] {logging_mixin.py:190} INFO - [2025-03-07T06:30:48.422+0000] {dagbag.py:588} INFO - Filling up the DagBag from /opt/airflow/dags/driver/client-v2-0.7.2-javadoc.jar
[2025-03-07T06:30:48.424+0000] {processor.py:927} WARNING - No viable dags retrieved from /opt/airflow/dags/driver/client-v2-0.7.2-javadoc.jar
[2025-03-07T06:30:48.433+0000] {processor.py:208} INFO - Processing /opt/airflow/dags/driver/client-v2-0.7.2-javadoc.jar took 0.022 seconds
[2025-03-07T07:23:24.018+0000] {processor.py:186} INFO - Started process (PID=70) to work on /opt/airflow/dags/driver/client-v2-0.7.2-javadoc.jar
[2025-03-07T07:23:24.019+0000] {processor.py:914} INFO - Processing file /opt/airflow/dags/driver/client-v2-0.7.2-javadoc.jar for tasks to queue
[2025-03-07T07:23:24.020+0000] {logging_mixin.py:190} INFO - [2025-03-07T07:23:24.020+0000] {dagbag.py:588} INFO - Filling up the DagBag from /opt/airflow/dags/driver/client-v2-0.7.2-javadoc.jar
[2025-03-07T07:23:24.022+0000] {processor.py:927} WARNING - No viable dags retrieved from /opt/airflow/dags/driver/client-v2-0.7.2-javadoc.jar
[2025-03-07T07:23:24.029+0000] {processor.py:208} INFO - Processing /opt/airflow/dags/driver/client-v2-0.7.2-javadoc.jar took 0.013 seconds
