[2025-03-09T10:17:03.640+0000] {processor.py:186} INFO - Started process (PID=72) to work on /opt/airflow/dags/driver/clickhouse-jdbc-0.4.6.jar
[2025-03-09T10:17:03.641+0000] {processor.py:914} INFO - Processing file /opt/airflow/dags/driver/clickhouse-jdbc-0.4.6.jar for tasks to queue
[2025-03-09T10:17:03.645+0000] {logging_mixin.py:190} INFO - [2025-03-09T10:17:03.645+0000] {dagbag.py:588} INFO - Filling up the DagBag from /opt/airflow/dags/driver/clickhouse-jdbc-0.4.6.jar
[2025-03-09T10:17:03.653+0000] {processor.py:927} WARNING - No viable dags retrieved from /opt/airflow/dags/driver/clickhouse-jdbc-0.4.6.jar
[2025-03-09T10:17:03.662+0000] {processor.py:208} INFO - Processing /opt/airflow/dags/driver/clickhouse-jdbc-0.4.6.jar took 0.024 seconds
[2025-03-09T10:17:35.004+0000] {processor.py:186} INFO - Started process (PID=79) to work on /opt/airflow/dags/driver/clickhouse-jdbc-0.4.6.jar
[2025-03-09T10:17:35.006+0000] {processor.py:914} INFO - Processing file /opt/airflow/dags/driver/clickhouse-jdbc-0.4.6.jar for tasks to queue
[2025-03-09T10:17:35.007+0000] {logging_mixin.py:190} INFO - [2025-03-09T10:17:35.007+0000] {dagbag.py:588} INFO - Filling up the DagBag from /opt/airflow/dags/driver/clickhouse-jdbc-0.4.6.jar
[2025-03-09T10:17:35.011+0000] {processor.py:927} WARNING - No viable dags retrieved from /opt/airflow/dags/driver/clickhouse-jdbc-0.4.6.jar
[2025-03-09T10:17:35.021+0000] {processor.py:208} INFO - Processing /opt/airflow/dags/driver/clickhouse-jdbc-0.4.6.jar took 0.021 seconds
[2025-03-09T10:18:06.137+0000] {processor.py:186} INFO - Started process (PID=86) to work on /opt/airflow/dags/driver/clickhouse-jdbc-0.4.6.jar
[2025-03-09T10:18:06.138+0000] {processor.py:914} INFO - Processing file /opt/airflow/dags/driver/clickhouse-jdbc-0.4.6.jar for tasks to queue
[2025-03-09T10:18:06.139+0000] {logging_mixin.py:190} INFO - [2025-03-09T10:18:06.139+0000] {dagbag.py:588} INFO - Filling up the DagBag from /opt/airflow/dags/driver/clickhouse-jdbc-0.4.6.jar
[2025-03-09T10:18:06.143+0000] {processor.py:927} WARNING - No viable dags retrieved from /opt/airflow/dags/driver/clickhouse-jdbc-0.4.6.jar
[2025-03-09T10:18:06.152+0000] {processor.py:208} INFO - Processing /opt/airflow/dags/driver/clickhouse-jdbc-0.4.6.jar took 0.018 seconds
[2025-03-09T10:18:38.266+0000] {processor.py:186} INFO - Started process (PID=93) to work on /opt/airflow/dags/driver/clickhouse-jdbc-0.4.6.jar
[2025-03-09T10:18:38.267+0000] {processor.py:914} INFO - Processing file /opt/airflow/dags/driver/clickhouse-jdbc-0.4.6.jar for tasks to queue
[2025-03-09T10:18:38.269+0000] {logging_mixin.py:190} INFO - [2025-03-09T10:18:38.269+0000] {dagbag.py:588} INFO - Filling up the DagBag from /opt/airflow/dags/driver/clickhouse-jdbc-0.4.6.jar
[2025-03-09T10:18:38.273+0000] {processor.py:927} WARNING - No viable dags retrieved from /opt/airflow/dags/driver/clickhouse-jdbc-0.4.6.jar
[2025-03-09T10:18:38.283+0000] {processor.py:208} INFO - Processing /opt/airflow/dags/driver/clickhouse-jdbc-0.4.6.jar took 0.022 seconds
[2025-03-09T10:19:09.730+0000] {processor.py:186} INFO - Started process (PID=100) to work on /opt/airflow/dags/driver/clickhouse-jdbc-0.4.6.jar
[2025-03-09T10:19:09.734+0000] {processor.py:914} INFO - Processing file /opt/airflow/dags/driver/clickhouse-jdbc-0.4.6.jar for tasks to queue
[2025-03-09T10:19:09.736+0000] {logging_mixin.py:190} INFO - [2025-03-09T10:19:09.735+0000] {dagbag.py:588} INFO - Filling up the DagBag from /opt/airflow/dags/driver/clickhouse-jdbc-0.4.6.jar
[2025-03-09T10:19:09.740+0000] {processor.py:927} WARNING - No viable dags retrieved from /opt/airflow/dags/driver/clickhouse-jdbc-0.4.6.jar
[2025-03-09T10:19:09.750+0000] {processor.py:208} INFO - Processing /opt/airflow/dags/driver/clickhouse-jdbc-0.4.6.jar took 0.028 seconds
[2025-03-09T10:19:41.189+0000] {processor.py:186} INFO - Started process (PID=107) to work on /opt/airflow/dags/driver/clickhouse-jdbc-0.4.6.jar
[2025-03-09T10:19:41.190+0000] {processor.py:914} INFO - Processing file /opt/airflow/dags/driver/clickhouse-jdbc-0.4.6.jar for tasks to queue
[2025-03-09T10:19:41.192+0000] {logging_mixin.py:190} INFO - [2025-03-09T10:19:41.191+0000] {dagbag.py:588} INFO - Filling up the DagBag from /opt/airflow/dags/driver/clickhouse-jdbc-0.4.6.jar
[2025-03-09T10:19:41.196+0000] {processor.py:927} WARNING - No viable dags retrieved from /opt/airflow/dags/driver/clickhouse-jdbc-0.4.6.jar
[2025-03-09T10:19:41.208+0000] {processor.py:208} INFO - Processing /opt/airflow/dags/driver/clickhouse-jdbc-0.4.6.jar took 0.024 seconds
[2025-03-09T10:20:12.557+0000] {processor.py:186} INFO - Started process (PID=114) to work on /opt/airflow/dags/driver/clickhouse-jdbc-0.4.6.jar
[2025-03-09T10:20:12.559+0000] {processor.py:914} INFO - Processing file /opt/airflow/dags/driver/clickhouse-jdbc-0.4.6.jar for tasks to queue
[2025-03-09T10:20:12.563+0000] {logging_mixin.py:190} INFO - [2025-03-09T10:20:12.563+0000] {dagbag.py:588} INFO - Filling up the DagBag from /opt/airflow/dags/driver/clickhouse-jdbc-0.4.6.jar
[2025-03-09T10:20:12.575+0000] {processor.py:927} WARNING - No viable dags retrieved from /opt/airflow/dags/driver/clickhouse-jdbc-0.4.6.jar
[2025-03-09T10:20:12.583+0000] {processor.py:208} INFO - Processing /opt/airflow/dags/driver/clickhouse-jdbc-0.4.6.jar took 0.031 seconds
[2025-03-09T10:20:43.850+0000] {processor.py:186} INFO - Started process (PID=121) to work on /opt/airflow/dags/driver/clickhouse-jdbc-0.4.6.jar
[2025-03-09T10:20:43.851+0000] {processor.py:914} INFO - Processing file /opt/airflow/dags/driver/clickhouse-jdbc-0.4.6.jar for tasks to queue
[2025-03-09T10:20:43.855+0000] {logging_mixin.py:190} INFO - [2025-03-09T10:20:43.854+0000] {dagbag.py:588} INFO - Filling up the DagBag from /opt/airflow/dags/driver/clickhouse-jdbc-0.4.6.jar
[2025-03-09T10:20:43.863+0000] {processor.py:927} WARNING - No viable dags retrieved from /opt/airflow/dags/driver/clickhouse-jdbc-0.4.6.jar
[2025-03-09T10:20:43.874+0000] {processor.py:208} INFO - Processing /opt/airflow/dags/driver/clickhouse-jdbc-0.4.6.jar took 0.031 seconds
[2025-03-09T10:29:08.787+0000] {processor.py:186} INFO - Started process (PID=34) to work on /opt/airflow/dags/driver/clickhouse-jdbc-0.4.6.jar
[2025-03-09T10:29:08.788+0000] {processor.py:914} INFO - Processing file /opt/airflow/dags/driver/clickhouse-jdbc-0.4.6.jar for tasks to queue
[2025-03-09T10:29:08.789+0000] {logging_mixin.py:190} INFO - [2025-03-09T10:29:08.789+0000] {dagbag.py:588} INFO - Filling up the DagBag from /opt/airflow/dags/driver/clickhouse-jdbc-0.4.6.jar
[2025-03-09T10:29:08.797+0000] {processor.py:927} WARNING - No viable dags retrieved from /opt/airflow/dags/driver/clickhouse-jdbc-0.4.6.jar
[2025-03-09T10:29:08.806+0000] {processor.py:208} INFO - Processing /opt/airflow/dags/driver/clickhouse-jdbc-0.4.6.jar took 0.021 seconds
[2025-03-09T10:29:39.804+0000] {processor.py:186} INFO - Started process (PID=40) to work on /opt/airflow/dags/driver/clickhouse-jdbc-0.4.6.jar
[2025-03-09T10:29:39.805+0000] {processor.py:914} INFO - Processing file /opt/airflow/dags/driver/clickhouse-jdbc-0.4.6.jar for tasks to queue
[2025-03-09T10:29:39.806+0000] {logging_mixin.py:190} INFO - [2025-03-09T10:29:39.806+0000] {dagbag.py:588} INFO - Filling up the DagBag from /opt/airflow/dags/driver/clickhouse-jdbc-0.4.6.jar
[2025-03-09T10:29:39.819+0000] {processor.py:927} WARNING - No viable dags retrieved from /opt/airflow/dags/driver/clickhouse-jdbc-0.4.6.jar
[2025-03-09T10:29:39.828+0000] {processor.py:208} INFO - Processing /opt/airflow/dags/driver/clickhouse-jdbc-0.4.6.jar took 0.026 seconds
[2025-03-09T10:30:11.176+0000] {processor.py:186} INFO - Started process (PID=47) to work on /opt/airflow/dags/driver/clickhouse-jdbc-0.4.6.jar
[2025-03-09T10:30:11.179+0000] {processor.py:914} INFO - Processing file /opt/airflow/dags/driver/clickhouse-jdbc-0.4.6.jar for tasks to queue
[2025-03-09T10:30:11.184+0000] {logging_mixin.py:190} INFO - [2025-03-09T10:30:11.183+0000] {dagbag.py:588} INFO - Filling up the DagBag from /opt/airflow/dags/driver/clickhouse-jdbc-0.4.6.jar
[2025-03-09T10:30:11.187+0000] {processor.py:927} WARNING - No viable dags retrieved from /opt/airflow/dags/driver/clickhouse-jdbc-0.4.6.jar
[2025-03-09T10:30:11.196+0000] {processor.py:208} INFO - Processing /opt/airflow/dags/driver/clickhouse-jdbc-0.4.6.jar took 0.023 seconds
[2025-03-09T10:30:42.630+0000] {processor.py:186} INFO - Started process (PID=54) to work on /opt/airflow/dags/driver/clickhouse-jdbc-0.4.6.jar
[2025-03-09T10:30:42.635+0000] {processor.py:914} INFO - Processing file /opt/airflow/dags/driver/clickhouse-jdbc-0.4.6.jar for tasks to queue
[2025-03-09T10:30:42.638+0000] {logging_mixin.py:190} INFO - [2025-03-09T10:30:42.638+0000] {dagbag.py:588} INFO - Filling up the DagBag from /opt/airflow/dags/driver/clickhouse-jdbc-0.4.6.jar
[2025-03-09T10:30:42.645+0000] {processor.py:927} WARNING - No viable dags retrieved from /opt/airflow/dags/driver/clickhouse-jdbc-0.4.6.jar
[2025-03-09T10:30:42.653+0000] {processor.py:208} INFO - Processing /opt/airflow/dags/driver/clickhouse-jdbc-0.4.6.jar took 0.028 seconds
[2025-03-09T10:31:14.037+0000] {processor.py:186} INFO - Started process (PID=61) to work on /opt/airflow/dags/driver/clickhouse-jdbc-0.4.6.jar
[2025-03-09T10:31:14.039+0000] {processor.py:914} INFO - Processing file /opt/airflow/dags/driver/clickhouse-jdbc-0.4.6.jar for tasks to queue
[2025-03-09T10:31:14.041+0000] {logging_mixin.py:190} INFO - [2025-03-09T10:31:14.041+0000] {dagbag.py:588} INFO - Filling up the DagBag from /opt/airflow/dags/driver/clickhouse-jdbc-0.4.6.jar
[2025-03-09T10:31:14.053+0000] {processor.py:927} WARNING - No viable dags retrieved from /opt/airflow/dags/driver/clickhouse-jdbc-0.4.6.jar
[2025-03-09T10:31:14.066+0000] {processor.py:208} INFO - Processing /opt/airflow/dags/driver/clickhouse-jdbc-0.4.6.jar took 0.034 seconds
[2025-03-09T11:05:18.639+0000] {processor.py:186} INFO - Started process (PID=32) to work on /opt/airflow/dags/driver/clickhouse-jdbc-0.4.6.jar
[2025-03-09T11:05:18.642+0000] {processor.py:914} INFO - Processing file /opt/airflow/dags/driver/clickhouse-jdbc-0.4.6.jar for tasks to queue
[2025-03-09T11:05:18.644+0000] {logging_mixin.py:190} INFO - [2025-03-09T11:05:18.644+0000] {dagbag.py:588} INFO - Filling up the DagBag from /opt/airflow/dags/driver/clickhouse-jdbc-0.4.6.jar
[2025-03-09T11:05:18.663+0000] {processor.py:927} WARNING - No viable dags retrieved from /opt/airflow/dags/driver/clickhouse-jdbc-0.4.6.jar
[2025-03-09T11:05:18.689+0000] {processor.py:208} INFO - Processing /opt/airflow/dags/driver/clickhouse-jdbc-0.4.6.jar took 0.053 seconds
[2025-03-09T11:06:22.139+0000] {processor.py:186} INFO - Started process (PID=33) to work on /opt/airflow/dags/driver/clickhouse-jdbc-0.4.6.jar
[2025-03-09T11:06:22.142+0000] {processor.py:914} INFO - Processing file /opt/airflow/dags/driver/clickhouse-jdbc-0.4.6.jar for tasks to queue
[2025-03-09T11:06:22.145+0000] {logging_mixin.py:190} INFO - [2025-03-09T11:06:22.145+0000] {dagbag.py:588} INFO - Filling up the DagBag from /opt/airflow/dags/driver/clickhouse-jdbc-0.4.6.jar
[2025-03-09T11:06:22.160+0000] {processor.py:927} WARNING - No viable dags retrieved from /opt/airflow/dags/driver/clickhouse-jdbc-0.4.6.jar
[2025-03-09T11:06:22.169+0000] {processor.py:208} INFO - Processing /opt/airflow/dags/driver/clickhouse-jdbc-0.4.6.jar took 0.033 seconds
[2025-03-09T11:06:53.273+0000] {processor.py:186} INFO - Started process (PID=40) to work on /opt/airflow/dags/driver/clickhouse-jdbc-0.4.6.jar
[2025-03-09T11:06:53.279+0000] {processor.py:914} INFO - Processing file /opt/airflow/dags/driver/clickhouse-jdbc-0.4.6.jar for tasks to queue
[2025-03-09T11:06:53.282+0000] {logging_mixin.py:190} INFO - [2025-03-09T11:06:53.281+0000] {dagbag.py:588} INFO - Filling up the DagBag from /opt/airflow/dags/driver/clickhouse-jdbc-0.4.6.jar
[2025-03-09T11:06:53.288+0000] {processor.py:927} WARNING - No viable dags retrieved from /opt/airflow/dags/driver/clickhouse-jdbc-0.4.6.jar
[2025-03-09T11:06:53.297+0000] {processor.py:208} INFO - Processing /opt/airflow/dags/driver/clickhouse-jdbc-0.4.6.jar took 0.030 seconds
[2025-03-09T13:09:23.826+0000] {processor.py:186} INFO - Started process (PID=80) to work on /opt/airflow/dags/driver/clickhouse-jdbc-0.4.6.jar
[2025-03-09T13:09:23.826+0000] {processor.py:914} INFO - Processing file /opt/airflow/dags/driver/clickhouse-jdbc-0.4.6.jar for tasks to queue
[2025-03-09T13:09:23.827+0000] {logging_mixin.py:190} INFO - [2025-03-09T13:09:23.827+0000] {dagbag.py:588} INFO - Filling up the DagBag from /opt/airflow/dags/driver/clickhouse-jdbc-0.4.6.jar
[2025-03-09T13:09:23.834+0000] {processor.py:927} WARNING - No viable dags retrieved from /opt/airflow/dags/driver/clickhouse-jdbc-0.4.6.jar
[2025-03-09T13:09:23.841+0000] {processor.py:208} INFO - Processing /opt/airflow/dags/driver/clickhouse-jdbc-0.4.6.jar took 0.017 seconds
[2025-03-09T13:09:53.932+0000] {processor.py:186} INFO - Started process (PID=86) to work on /opt/airflow/dags/driver/clickhouse-jdbc-0.4.6.jar
[2025-03-09T13:09:53.933+0000] {processor.py:914} INFO - Processing file /opt/airflow/dags/driver/clickhouse-jdbc-0.4.6.jar for tasks to queue
[2025-03-09T13:09:53.934+0000] {logging_mixin.py:190} INFO - [2025-03-09T13:09:53.934+0000] {dagbag.py:588} INFO - Filling up the DagBag from /opt/airflow/dags/driver/clickhouse-jdbc-0.4.6.jar
[2025-03-09T13:09:53.938+0000] {processor.py:927} WARNING - No viable dags retrieved from /opt/airflow/dags/driver/clickhouse-jdbc-0.4.6.jar
[2025-03-09T13:09:53.949+0000] {processor.py:208} INFO - Processing /opt/airflow/dags/driver/clickhouse-jdbc-0.4.6.jar took 0.019 seconds
[2025-03-09T13:11:39.020+0000] {processor.py:186} INFO - Started process (PID=21) to work on /opt/airflow/dags/driver/clickhouse-jdbc-0.4.6.jar
[2025-03-09T13:11:39.023+0000] {processor.py:914} INFO - Processing file /opt/airflow/dags/driver/clickhouse-jdbc-0.4.6.jar for tasks to queue
[2025-03-09T13:11:39.029+0000] {logging_mixin.py:190} INFO - [2025-03-09T13:11:39.028+0000] {dagbag.py:588} INFO - Filling up the DagBag from /opt/airflow/dags/driver/clickhouse-jdbc-0.4.6.jar
[2025-03-09T13:11:39.047+0000] {processor.py:927} WARNING - No viable dags retrieved from /opt/airflow/dags/driver/clickhouse-jdbc-0.4.6.jar
[2025-03-09T13:11:39.065+0000] {processor.py:208} INFO - Processing /opt/airflow/dags/driver/clickhouse-jdbc-0.4.6.jar took 0.053 seconds
[2025-03-09T13:12:10.350+0000] {processor.py:186} INFO - Started process (PID=28) to work on /opt/airflow/dags/driver/clickhouse-jdbc-0.4.6.jar
[2025-03-09T13:12:10.351+0000] {processor.py:914} INFO - Processing file /opt/airflow/dags/driver/clickhouse-jdbc-0.4.6.jar for tasks to queue
[2025-03-09T13:12:10.353+0000] {logging_mixin.py:190} INFO - [2025-03-09T13:12:10.353+0000] {dagbag.py:588} INFO - Filling up the DagBag from /opt/airflow/dags/driver/clickhouse-jdbc-0.4.6.jar
[2025-03-09T13:12:10.363+0000] {processor.py:927} WARNING - No viable dags retrieved from /opt/airflow/dags/driver/clickhouse-jdbc-0.4.6.jar
[2025-03-09T13:12:10.374+0000] {processor.py:208} INFO - Processing /opt/airflow/dags/driver/clickhouse-jdbc-0.4.6.jar took 0.029 seconds
[2025-03-09T13:18:42.638+0000] {processor.py:186} INFO - Started process (PID=22) to work on /opt/airflow/dags/driver/clickhouse-jdbc-0.4.6.jar
[2025-03-09T13:18:42.639+0000] {processor.py:914} INFO - Processing file /opt/airflow/dags/driver/clickhouse-jdbc-0.4.6.jar for tasks to queue
[2025-03-09T13:18:42.639+0000] {logging_mixin.py:190} INFO - [2025-03-09T13:18:42.639+0000] {dagbag.py:588} INFO - Filling up the DagBag from /opt/airflow/dags/driver/clickhouse-jdbc-0.4.6.jar
[2025-03-09T13:18:42.643+0000] {processor.py:927} WARNING - No viable dags retrieved from /opt/airflow/dags/driver/clickhouse-jdbc-0.4.6.jar
[2025-03-09T13:18:42.651+0000] {processor.py:208} INFO - Processing /opt/airflow/dags/driver/clickhouse-jdbc-0.4.6.jar took 0.016 seconds
[2025-03-09T13:19:13.570+0000] {processor.py:186} INFO - Started process (PID=28) to work on /opt/airflow/dags/driver/clickhouse-jdbc-0.4.6.jar
[2025-03-09T13:19:13.571+0000] {processor.py:914} INFO - Processing file /opt/airflow/dags/driver/clickhouse-jdbc-0.4.6.jar for tasks to queue
[2025-03-09T13:19:13.574+0000] {logging_mixin.py:190} INFO - [2025-03-09T13:19:13.573+0000] {dagbag.py:588} INFO - Filling up the DagBag from /opt/airflow/dags/driver/clickhouse-jdbc-0.4.6.jar
[2025-03-09T13:19:13.579+0000] {processor.py:927} WARNING - No viable dags retrieved from /opt/airflow/dags/driver/clickhouse-jdbc-0.4.6.jar
[2025-03-09T13:19:13.593+0000] {processor.py:208} INFO - Processing /opt/airflow/dags/driver/clickhouse-jdbc-0.4.6.jar took 0.028 seconds
[2025-03-09T13:19:44.730+0000] {processor.py:186} INFO - Started process (PID=35) to work on /opt/airflow/dags/driver/clickhouse-jdbc-0.4.6.jar
[2025-03-09T13:19:44.732+0000] {processor.py:914} INFO - Processing file /opt/airflow/dags/driver/clickhouse-jdbc-0.4.6.jar for tasks to queue
[2025-03-09T13:19:44.734+0000] {logging_mixin.py:190} INFO - [2025-03-09T13:19:44.734+0000] {dagbag.py:588} INFO - Filling up the DagBag from /opt/airflow/dags/driver/clickhouse-jdbc-0.4.6.jar
[2025-03-09T13:19:44.743+0000] {processor.py:927} WARNING - No viable dags retrieved from /opt/airflow/dags/driver/clickhouse-jdbc-0.4.6.jar
[2025-03-09T13:19:44.751+0000] {processor.py:208} INFO - Processing /opt/airflow/dags/driver/clickhouse-jdbc-0.4.6.jar took 0.025 seconds
[2025-03-09T13:20:20.638+0000] {processor.py:186} INFO - Started process (PID=21) to work on /opt/airflow/dags/driver/clickhouse-jdbc-0.4.6.jar
[2025-03-09T13:20:20.639+0000] {processor.py:914} INFO - Processing file /opt/airflow/dags/driver/clickhouse-jdbc-0.4.6.jar for tasks to queue
[2025-03-09T13:20:20.640+0000] {logging_mixin.py:190} INFO - [2025-03-09T13:20:20.640+0000] {dagbag.py:588} INFO - Filling up the DagBag from /opt/airflow/dags/driver/clickhouse-jdbc-0.4.6.jar
[2025-03-09T13:20:20.642+0000] {processor.py:186} INFO - Started process (PID=21) to work on /opt/airflow/dags/driver/clickhouse-jdbc-0.4.6.jar
[2025-03-09T13:20:20.644+0000] {processor.py:914} INFO - Processing file /opt/airflow/dags/driver/clickhouse-jdbc-0.4.6.jar for tasks to queue
[2025-03-09T13:20:20.644+0000] {processor.py:927} WARNING - No viable dags retrieved from /opt/airflow/dags/driver/clickhouse-jdbc-0.4.6.jar
[2025-03-09T13:20:20.646+0000] {logging_mixin.py:190} INFO - [2025-03-09T13:20:20.646+0000] {dagbag.py:588} INFO - Filling up the DagBag from /opt/airflow/dags/driver/clickhouse-jdbc-0.4.6.jar
[2025-03-09T13:20:20.651+0000] {processor.py:927} WARNING - No viable dags retrieved from /opt/airflow/dags/driver/clickhouse-jdbc-0.4.6.jar
[2025-03-09T13:20:20.658+0000] {processor.py:208} INFO - Processing /opt/airflow/dags/driver/clickhouse-jdbc-0.4.6.jar took 0.023 seconds
[2025-03-09T13:20:20.661+0000] {processor.py:208} INFO - Processing /opt/airflow/dags/driver/clickhouse-jdbc-0.4.6.jar took 0.022 seconds
[2025-03-09T13:20:25.914+0000] {processor.py:186} INFO - Started process (PID=21) to work on /opt/airflow/dags/driver/clickhouse-jdbc-0.4.6.jar
[2025-03-09T13:20:25.914+0000] {processor.py:914} INFO - Processing file /opt/airflow/dags/driver/clickhouse-jdbc-0.4.6.jar for tasks to queue
[2025-03-09T13:20:25.916+0000] {logging_mixin.py:190} INFO - [2025-03-09T13:20:25.916+0000] {dagbag.py:588} INFO - Filling up the DagBag from /opt/airflow/dags/driver/clickhouse-jdbc-0.4.6.jar
[2025-03-09T13:20:25.924+0000] {processor.py:927} WARNING - No viable dags retrieved from /opt/airflow/dags/driver/clickhouse-jdbc-0.4.6.jar
[2025-03-09T13:20:25.934+0000] {processor.py:208} INFO - Processing /opt/airflow/dags/driver/clickhouse-jdbc-0.4.6.jar took 0.023 seconds
[2025-03-09T13:20:31.201+0000] {processor.py:186} INFO - Started process (PID=20) to work on /opt/airflow/dags/driver/clickhouse-jdbc-0.4.6.jar
[2025-03-09T13:20:31.202+0000] {processor.py:914} INFO - Processing file /opt/airflow/dags/driver/clickhouse-jdbc-0.4.6.jar for tasks to queue
[2025-03-09T13:20:31.203+0000] {logging_mixin.py:190} INFO - [2025-03-09T13:20:31.203+0000] {dagbag.py:588} INFO - Filling up the DagBag from /opt/airflow/dags/driver/clickhouse-jdbc-0.4.6.jar
[2025-03-09T13:20:31.214+0000] {processor.py:927} WARNING - No viable dags retrieved from /opt/airflow/dags/driver/clickhouse-jdbc-0.4.6.jar
[2025-03-09T13:20:31.230+0000] {processor.py:208} INFO - Processing /opt/airflow/dags/driver/clickhouse-jdbc-0.4.6.jar took 0.032 seconds
[2025-03-09T13:20:36.442+0000] {processor.py:186} INFO - Started process (PID=21) to work on /opt/airflow/dags/driver/clickhouse-jdbc-0.4.6.jar
[2025-03-09T13:20:36.443+0000] {processor.py:914} INFO - Processing file /opt/airflow/dags/driver/clickhouse-jdbc-0.4.6.jar for tasks to queue
[2025-03-09T13:20:36.444+0000] {logging_mixin.py:190} INFO - [2025-03-09T13:20:36.444+0000] {dagbag.py:588} INFO - Filling up the DagBag from /opt/airflow/dags/driver/clickhouse-jdbc-0.4.6.jar
[2025-03-09T13:20:36.459+0000] {processor.py:927} WARNING - No viable dags retrieved from /opt/airflow/dags/driver/clickhouse-jdbc-0.4.6.jar
[2025-03-09T13:20:36.474+0000] {processor.py:208} INFO - Processing /opt/airflow/dags/driver/clickhouse-jdbc-0.4.6.jar took 0.035 seconds
[2025-03-09T13:20:41.797+0000] {processor.py:186} INFO - Started process (PID=21) to work on /opt/airflow/dags/driver/clickhouse-jdbc-0.4.6.jar
[2025-03-09T13:20:41.798+0000] {processor.py:914} INFO - Processing file /opt/airflow/dags/driver/clickhouse-jdbc-0.4.6.jar for tasks to queue
[2025-03-09T13:20:41.799+0000] {logging_mixin.py:190} INFO - [2025-03-09T13:20:41.799+0000] {dagbag.py:588} INFO - Filling up the DagBag from /opt/airflow/dags/driver/clickhouse-jdbc-0.4.6.jar
[2025-03-09T13:20:41.808+0000] {processor.py:927} WARNING - No viable dags retrieved from /opt/airflow/dags/driver/clickhouse-jdbc-0.4.6.jar
[2025-03-09T13:20:41.818+0000] {processor.py:208} INFO - Processing /opt/airflow/dags/driver/clickhouse-jdbc-0.4.6.jar took 0.024 seconds
[2025-03-09T13:23:35.223+0000] {processor.py:186} INFO - Started process (PID=19) to work on /opt/airflow/dags/driver/clickhouse-jdbc-0.4.6.jar
[2025-03-09T13:23:35.223+0000] {processor.py:914} INFO - Processing file /opt/airflow/dags/driver/clickhouse-jdbc-0.4.6.jar for tasks to queue
[2025-03-09T13:23:35.225+0000] {logging_mixin.py:190} INFO - [2025-03-09T13:23:35.224+0000] {dagbag.py:588} INFO - Filling up the DagBag from /opt/airflow/dags/driver/clickhouse-jdbc-0.4.6.jar
[2025-03-09T13:23:35.235+0000] {processor.py:927} WARNING - No viable dags retrieved from /opt/airflow/dags/driver/clickhouse-jdbc-0.4.6.jar
[2025-03-09T13:23:35.236+0000] {processor.py:186} INFO - Started process (PID=19) to work on /opt/airflow/dags/driver/clickhouse-jdbc-0.4.6.jar
[2025-03-09T13:23:35.237+0000] {processor.py:914} INFO - Processing file /opt/airflow/dags/driver/clickhouse-jdbc-0.4.6.jar for tasks to queue
[2025-03-09T13:23:35.240+0000] {logging_mixin.py:190} INFO - [2025-03-09T13:23:35.239+0000] {dagbag.py:588} INFO - Filling up the DagBag from /opt/airflow/dags/driver/clickhouse-jdbc-0.4.6.jar
[2025-03-09T13:23:35.248+0000] {processor.py:208} INFO - Processing /opt/airflow/dags/driver/clickhouse-jdbc-0.4.6.jar took 0.028 seconds
[2025-03-09T13:23:35.251+0000] {processor.py:927} WARNING - No viable dags retrieved from /opt/airflow/dags/driver/clickhouse-jdbc-0.4.6.jar
[2025-03-09T13:23:35.260+0000] {processor.py:208} INFO - Processing /opt/airflow/dags/driver/clickhouse-jdbc-0.4.6.jar took 0.028 seconds
[2025-03-09T13:24:05.600+0000] {processor.py:186} INFO - Started process (PID=26) to work on /opt/airflow/dags/driver/clickhouse-jdbc-0.4.6.jar
[2025-03-09T13:24:05.600+0000] {processor.py:914} INFO - Processing file /opt/airflow/dags/driver/clickhouse-jdbc-0.4.6.jar for tasks to queue
[2025-03-09T13:24:05.601+0000] {logging_mixin.py:190} INFO - [2025-03-09T13:24:05.601+0000] {dagbag.py:588} INFO - Filling up the DagBag from /opt/airflow/dags/driver/clickhouse-jdbc-0.4.6.jar
[2025-03-09T13:24:05.604+0000] {processor.py:927} WARNING - No viable dags retrieved from /opt/airflow/dags/driver/clickhouse-jdbc-0.4.6.jar
[2025-03-09T13:24:05.612+0000] {processor.py:208} INFO - Processing /opt/airflow/dags/driver/clickhouse-jdbc-0.4.6.jar took 0.015 seconds
[2025-03-09T13:24:06.628+0000] {processor.py:186} INFO - Started process (PID=26) to work on /opt/airflow/dags/driver/clickhouse-jdbc-0.4.6.jar
[2025-03-09T13:24:06.629+0000] {processor.py:914} INFO - Processing file /opt/airflow/dags/driver/clickhouse-jdbc-0.4.6.jar for tasks to queue
[2025-03-09T13:24:06.632+0000] {logging_mixin.py:190} INFO - [2025-03-09T13:24:06.632+0000] {dagbag.py:588} INFO - Filling up the DagBag from /opt/airflow/dags/driver/clickhouse-jdbc-0.4.6.jar
[2025-03-09T13:24:06.636+0000] {processor.py:927} WARNING - No viable dags retrieved from /opt/airflow/dags/driver/clickhouse-jdbc-0.4.6.jar
[2025-03-09T13:24:06.646+0000] {processor.py:208} INFO - Processing /opt/airflow/dags/driver/clickhouse-jdbc-0.4.6.jar took 0.024 seconds
[2025-03-09T13:24:35.842+0000] {processor.py:186} INFO - Started process (PID=33) to work on /opt/airflow/dags/driver/clickhouse-jdbc-0.4.6.jar
[2025-03-09T13:24:35.843+0000] {processor.py:914} INFO - Processing file /opt/airflow/dags/driver/clickhouse-jdbc-0.4.6.jar for tasks to queue
[2025-03-09T13:24:35.844+0000] {logging_mixin.py:190} INFO - [2025-03-09T13:24:35.844+0000] {dagbag.py:588} INFO - Filling up the DagBag from /opt/airflow/dags/driver/clickhouse-jdbc-0.4.6.jar
[2025-03-09T13:24:35.847+0000] {processor.py:927} WARNING - No viable dags retrieved from /opt/airflow/dags/driver/clickhouse-jdbc-0.4.6.jar
[2025-03-09T13:24:35.855+0000] {processor.py:208} INFO - Processing /opt/airflow/dags/driver/clickhouse-jdbc-0.4.6.jar took 0.015 seconds
[2025-03-09T13:24:37.899+0000] {processor.py:186} INFO - Started process (PID=33) to work on /opt/airflow/dags/driver/clickhouse-jdbc-0.4.6.jar
[2025-03-09T13:24:37.900+0000] {processor.py:914} INFO - Processing file /opt/airflow/dags/driver/clickhouse-jdbc-0.4.6.jar for tasks to queue
[2025-03-09T13:24:37.901+0000] {logging_mixin.py:190} INFO - [2025-03-09T13:24:37.901+0000] {dagbag.py:588} INFO - Filling up the DagBag from /opt/airflow/dags/driver/clickhouse-jdbc-0.4.6.jar
[2025-03-09T13:24:37.905+0000] {processor.py:927} WARNING - No viable dags retrieved from /opt/airflow/dags/driver/clickhouse-jdbc-0.4.6.jar
[2025-03-09T13:24:37.914+0000] {processor.py:208} INFO - Processing /opt/airflow/dags/driver/clickhouse-jdbc-0.4.6.jar took 0.019 seconds
[2025-03-09T13:25:06.037+0000] {processor.py:186} INFO - Started process (PID=40) to work on /opt/airflow/dags/driver/clickhouse-jdbc-0.4.6.jar
[2025-03-09T13:25:06.038+0000] {processor.py:914} INFO - Processing file /opt/airflow/dags/driver/clickhouse-jdbc-0.4.6.jar for tasks to queue
[2025-03-09T13:25:06.039+0000] {logging_mixin.py:190} INFO - [2025-03-09T13:25:06.039+0000] {dagbag.py:588} INFO - Filling up the DagBag from /opt/airflow/dags/driver/clickhouse-jdbc-0.4.6.jar
[2025-03-09T13:25:06.042+0000] {processor.py:927} WARNING - No viable dags retrieved from /opt/airflow/dags/driver/clickhouse-jdbc-0.4.6.jar
[2025-03-09T13:25:06.049+0000] {processor.py:208} INFO - Processing /opt/airflow/dags/driver/clickhouse-jdbc-0.4.6.jar took 0.014 seconds
[2025-03-09T13:25:09.086+0000] {processor.py:186} INFO - Started process (PID=40) to work on /opt/airflow/dags/driver/clickhouse-jdbc-0.4.6.jar
[2025-03-09T13:25:09.086+0000] {processor.py:914} INFO - Processing file /opt/airflow/dags/driver/clickhouse-jdbc-0.4.6.jar for tasks to queue
[2025-03-09T13:25:09.088+0000] {logging_mixin.py:190} INFO - [2025-03-09T13:25:09.087+0000] {dagbag.py:588} INFO - Filling up the DagBag from /opt/airflow/dags/driver/clickhouse-jdbc-0.4.6.jar
[2025-03-09T13:25:09.092+0000] {processor.py:927} WARNING - No viable dags retrieved from /opt/airflow/dags/driver/clickhouse-jdbc-0.4.6.jar
[2025-03-09T13:25:09.103+0000] {processor.py:208} INFO - Processing /opt/airflow/dags/driver/clickhouse-jdbc-0.4.6.jar took 0.022 seconds
[2025-03-09T13:25:36.960+0000] {processor.py:186} INFO - Started process (PID=47) to work on /opt/airflow/dags/driver/clickhouse-jdbc-0.4.6.jar
[2025-03-09T13:25:36.961+0000] {processor.py:914} INFO - Processing file /opt/airflow/dags/driver/clickhouse-jdbc-0.4.6.jar for tasks to queue
[2025-03-09T13:25:36.962+0000] {logging_mixin.py:190} INFO - [2025-03-09T13:25:36.962+0000] {dagbag.py:588} INFO - Filling up the DagBag from /opt/airflow/dags/driver/clickhouse-jdbc-0.4.6.jar
[2025-03-09T13:25:36.966+0000] {processor.py:927} WARNING - No viable dags retrieved from /opt/airflow/dags/driver/clickhouse-jdbc-0.4.6.jar
[2025-03-09T13:25:36.973+0000] {processor.py:208} INFO - Processing /opt/airflow/dags/driver/clickhouse-jdbc-0.4.6.jar took 0.016 seconds
[2025-03-09T13:25:39.988+0000] {processor.py:186} INFO - Started process (PID=47) to work on /opt/airflow/dags/driver/clickhouse-jdbc-0.4.6.jar
[2025-03-09T13:25:39.990+0000] {processor.py:914} INFO - Processing file /opt/airflow/dags/driver/clickhouse-jdbc-0.4.6.jar for tasks to queue
[2025-03-09T13:25:40.004+0000] {logging_mixin.py:190} INFO - [2025-03-09T13:25:40.001+0000] {dagbag.py:588} INFO - Filling up the DagBag from /opt/airflow/dags/driver/clickhouse-jdbc-0.4.6.jar
[2025-03-09T13:25:40.028+0000] {processor.py:927} WARNING - No viable dags retrieved from /opt/airflow/dags/driver/clickhouse-jdbc-0.4.6.jar
[2025-03-09T13:25:40.048+0000] {processor.py:208} INFO - Processing /opt/airflow/dags/driver/clickhouse-jdbc-0.4.6.jar took 0.072 seconds
[2025-03-09T13:26:09.225+0000] {processor.py:186} INFO - Started process (PID=19) to work on /opt/airflow/dags/driver/clickhouse-jdbc-0.4.6.jar
[2025-03-09T13:26:09.226+0000] {processor.py:914} INFO - Processing file /opt/airflow/dags/driver/clickhouse-jdbc-0.4.6.jar for tasks to queue
[2025-03-09T13:26:09.227+0000] {logging_mixin.py:190} INFO - [2025-03-09T13:26:09.226+0000] {dagbag.py:588} INFO - Filling up the DagBag from /opt/airflow/dags/driver/clickhouse-jdbc-0.4.6.jar
[2025-03-09T13:26:09.233+0000] {processor.py:927} WARNING - No viable dags retrieved from /opt/airflow/dags/driver/clickhouse-jdbc-0.4.6.jar
[2025-03-09T13:26:09.242+0000] {processor.py:208} INFO - Processing /opt/airflow/dags/driver/clickhouse-jdbc-0.4.6.jar took 0.019 seconds
[2025-03-09T13:27:33.671+0000] {processor.py:186} INFO - Started process (PID=19) to work on /opt/airflow/dags/driver/clickhouse-jdbc-0.4.6.jar
[2025-03-09T13:27:33.672+0000] {processor.py:914} INFO - Processing file /opt/airflow/dags/driver/clickhouse-jdbc-0.4.6.jar for tasks to queue
[2025-03-09T13:27:33.674+0000] {logging_mixin.py:190} INFO - [2025-03-09T13:27:33.674+0000] {dagbag.py:588} INFO - Filling up the DagBag from /opt/airflow/dags/driver/clickhouse-jdbc-0.4.6.jar
[2025-03-09T13:27:33.682+0000] {processor.py:927} WARNING - No viable dags retrieved from /opt/airflow/dags/driver/clickhouse-jdbc-0.4.6.jar
[2025-03-09T13:27:33.693+0000] {processor.py:208} INFO - Processing /opt/airflow/dags/driver/clickhouse-jdbc-0.4.6.jar took 0.026 seconds
[2025-03-09T13:28:04.965+0000] {processor.py:186} INFO - Started process (PID=26) to work on /opt/airflow/dags/driver/clickhouse-jdbc-0.4.6.jar
[2025-03-09T13:28:04.966+0000] {processor.py:914} INFO - Processing file /opt/airflow/dags/driver/clickhouse-jdbc-0.4.6.jar for tasks to queue
[2025-03-09T13:28:04.968+0000] {logging_mixin.py:190} INFO - [2025-03-09T13:28:04.968+0000] {dagbag.py:588} INFO - Filling up the DagBag from /opt/airflow/dags/driver/clickhouse-jdbc-0.4.6.jar
[2025-03-09T13:28:04.978+0000] {processor.py:927} WARNING - No viable dags retrieved from /opt/airflow/dags/driver/clickhouse-jdbc-0.4.6.jar
[2025-03-09T13:28:04.986+0000] {processor.py:208} INFO - Processing /opt/airflow/dags/driver/clickhouse-jdbc-0.4.6.jar took 0.026 seconds
[2025-03-09T13:28:36.274+0000] {processor.py:186} INFO - Started process (PID=33) to work on /opt/airflow/dags/driver/clickhouse-jdbc-0.4.6.jar
[2025-03-09T13:28:36.276+0000] {processor.py:914} INFO - Processing file /opt/airflow/dags/driver/clickhouse-jdbc-0.4.6.jar for tasks to queue
[2025-03-09T13:28:36.282+0000] {logging_mixin.py:190} INFO - [2025-03-09T13:28:36.282+0000] {dagbag.py:588} INFO - Filling up the DagBag from /opt/airflow/dags/driver/clickhouse-jdbc-0.4.6.jar
[2025-03-09T13:28:36.286+0000] {processor.py:927} WARNING - No viable dags retrieved from /opt/airflow/dags/driver/clickhouse-jdbc-0.4.6.jar
[2025-03-09T13:28:36.296+0000] {processor.py:208} INFO - Processing /opt/airflow/dags/driver/clickhouse-jdbc-0.4.6.jar took 0.026 seconds
[2025-03-09T13:29:07.638+0000] {processor.py:186} INFO - Started process (PID=40) to work on /opt/airflow/dags/driver/clickhouse-jdbc-0.4.6.jar
[2025-03-09T13:29:07.639+0000] {processor.py:914} INFO - Processing file /opt/airflow/dags/driver/clickhouse-jdbc-0.4.6.jar for tasks to queue
[2025-03-09T13:29:07.641+0000] {logging_mixin.py:190} INFO - [2025-03-09T13:29:07.641+0000] {dagbag.py:588} INFO - Filling up the DagBag from /opt/airflow/dags/driver/clickhouse-jdbc-0.4.6.jar
[2025-03-09T13:29:07.645+0000] {processor.py:927} WARNING - No viable dags retrieved from /opt/airflow/dags/driver/clickhouse-jdbc-0.4.6.jar
[2025-03-09T13:29:07.654+0000] {processor.py:208} INFO - Processing /opt/airflow/dags/driver/clickhouse-jdbc-0.4.6.jar took 0.021 seconds
[2025-03-09T13:29:39.065+0000] {processor.py:186} INFO - Started process (PID=47) to work on /opt/airflow/dags/driver/clickhouse-jdbc-0.4.6.jar
[2025-03-09T13:29:39.070+0000] {processor.py:914} INFO - Processing file /opt/airflow/dags/driver/clickhouse-jdbc-0.4.6.jar for tasks to queue
[2025-03-09T13:29:39.073+0000] {logging_mixin.py:190} INFO - [2025-03-09T13:29:39.073+0000] {dagbag.py:588} INFO - Filling up the DagBag from /opt/airflow/dags/driver/clickhouse-jdbc-0.4.6.jar
[2025-03-09T13:29:39.076+0000] {processor.py:927} WARNING - No viable dags retrieved from /opt/airflow/dags/driver/clickhouse-jdbc-0.4.6.jar
[2025-03-09T13:29:39.084+0000] {processor.py:208} INFO - Processing /opt/airflow/dags/driver/clickhouse-jdbc-0.4.6.jar took 0.022 seconds
[2025-03-09T13:30:10.473+0000] {processor.py:186} INFO - Started process (PID=54) to work on /opt/airflow/dags/driver/clickhouse-jdbc-0.4.6.jar
[2025-03-09T13:30:10.474+0000] {processor.py:914} INFO - Processing file /opt/airflow/dags/driver/clickhouse-jdbc-0.4.6.jar for tasks to queue
[2025-03-09T13:30:10.476+0000] {logging_mixin.py:190} INFO - [2025-03-09T13:30:10.476+0000] {dagbag.py:588} INFO - Filling up the DagBag from /opt/airflow/dags/driver/clickhouse-jdbc-0.4.6.jar
[2025-03-09T13:30:10.483+0000] {processor.py:927} WARNING - No viable dags retrieved from /opt/airflow/dags/driver/clickhouse-jdbc-0.4.6.jar
[2025-03-09T13:30:10.491+0000] {processor.py:208} INFO - Processing /opt/airflow/dags/driver/clickhouse-jdbc-0.4.6.jar took 0.021 seconds
[2025-03-09T13:30:54.498+0000] {processor.py:186} INFO - Started process (PID=19) to work on /opt/airflow/dags/driver/clickhouse-jdbc-0.4.6.jar
[2025-03-09T13:30:54.500+0000] {processor.py:914} INFO - Processing file /opt/airflow/dags/driver/clickhouse-jdbc-0.4.6.jar for tasks to queue
[2025-03-09T13:30:54.502+0000] {logging_mixin.py:190} INFO - [2025-03-09T13:30:54.502+0000] {dagbag.py:588} INFO - Filling up the DagBag from /opt/airflow/dags/driver/clickhouse-jdbc-0.4.6.jar
[2025-03-09T13:30:54.514+0000] {processor.py:927} WARNING - No viable dags retrieved from /opt/airflow/dags/driver/clickhouse-jdbc-0.4.6.jar
[2025-03-09T13:30:54.532+0000] {processor.py:208} INFO - Processing /opt/airflow/dags/driver/clickhouse-jdbc-0.4.6.jar took 0.040 seconds
[2025-03-09T13:31:25.512+0000] {processor.py:186} INFO - Started process (PID=26) to work on /opt/airflow/dags/driver/clickhouse-jdbc-0.4.6.jar
[2025-03-09T13:31:25.513+0000] {processor.py:914} INFO - Processing file /opt/airflow/dags/driver/clickhouse-jdbc-0.4.6.jar for tasks to queue
[2025-03-09T13:31:25.514+0000] {logging_mixin.py:190} INFO - [2025-03-09T13:31:25.514+0000] {dagbag.py:588} INFO - Filling up the DagBag from /opt/airflow/dags/driver/clickhouse-jdbc-0.4.6.jar
[2025-03-09T13:31:25.517+0000] {processor.py:927} WARNING - No viable dags retrieved from /opt/airflow/dags/driver/clickhouse-jdbc-0.4.6.jar
[2025-03-09T13:31:25.525+0000] {processor.py:208} INFO - Processing /opt/airflow/dags/driver/clickhouse-jdbc-0.4.6.jar took 0.015 seconds
[2025-03-09T13:31:56.019+0000] {processor.py:186} INFO - Started process (PID=33) to work on /opt/airflow/dags/driver/clickhouse-jdbc-0.4.6.jar
[2025-03-09T13:31:56.019+0000] {processor.py:914} INFO - Processing file /opt/airflow/dags/driver/clickhouse-jdbc-0.4.6.jar for tasks to queue
[2025-03-09T13:31:56.020+0000] {logging_mixin.py:190} INFO - [2025-03-09T13:31:56.020+0000] {dagbag.py:588} INFO - Filling up the DagBag from /opt/airflow/dags/driver/clickhouse-jdbc-0.4.6.jar
[2025-03-09T13:31:56.023+0000] {processor.py:927} WARNING - No viable dags retrieved from /opt/airflow/dags/driver/clickhouse-jdbc-0.4.6.jar
[2025-03-09T13:31:56.031+0000] {processor.py:208} INFO - Processing /opt/airflow/dags/driver/clickhouse-jdbc-0.4.6.jar took 0.016 seconds
[2025-03-09T13:32:26.330+0000] {processor.py:186} INFO - Started process (PID=40) to work on /opt/airflow/dags/driver/clickhouse-jdbc-0.4.6.jar
[2025-03-09T13:32:26.331+0000] {processor.py:914} INFO - Processing file /opt/airflow/dags/driver/clickhouse-jdbc-0.4.6.jar for tasks to queue
[2025-03-09T13:32:26.332+0000] {logging_mixin.py:190} INFO - [2025-03-09T13:32:26.332+0000] {dagbag.py:588} INFO - Filling up the DagBag from /opt/airflow/dags/driver/clickhouse-jdbc-0.4.6.jar
[2025-03-09T13:32:26.335+0000] {processor.py:927} WARNING - No viable dags retrieved from /opt/airflow/dags/driver/clickhouse-jdbc-0.4.6.jar
[2025-03-09T13:32:26.342+0000] {processor.py:208} INFO - Processing /opt/airflow/dags/driver/clickhouse-jdbc-0.4.6.jar took 0.014 seconds
[2025-03-09T13:32:56.526+0000] {processor.py:186} INFO - Started process (PID=47) to work on /opt/airflow/dags/driver/clickhouse-jdbc-0.4.6.jar
[2025-03-09T13:32:56.526+0000] {processor.py:914} INFO - Processing file /opt/airflow/dags/driver/clickhouse-jdbc-0.4.6.jar for tasks to queue
[2025-03-09T13:32:56.528+0000] {logging_mixin.py:190} INFO - [2025-03-09T13:32:56.527+0000] {dagbag.py:588} INFO - Filling up the DagBag from /opt/airflow/dags/driver/clickhouse-jdbc-0.4.6.jar
[2025-03-09T13:32:56.531+0000] {processor.py:927} WARNING - No viable dags retrieved from /opt/airflow/dags/driver/clickhouse-jdbc-0.4.6.jar
[2025-03-09T13:32:56.538+0000] {processor.py:208} INFO - Processing /opt/airflow/dags/driver/clickhouse-jdbc-0.4.6.jar took 0.015 seconds
