[2025-03-09T10:17:03.540+0000] {processor.py:186} INFO - Started process (PID=70) to work on /opt/airflow/dags/driver/client-v2-0.7.2-javadoc.jar
[2025-03-09T10:17:03.540+0000] {processor.py:914} INFO - Processing file /opt/airflow/dags/driver/client-v2-0.7.2-javadoc.jar for tasks to queue
[2025-03-09T10:17:03.543+0000] {logging_mixin.py:190} INFO - [2025-03-09T10:17:03.542+0000] {dagbag.py:588} INFO - Filling up the DagBag from /opt/airflow/dags/driver/client-v2-0.7.2-javadoc.jar
[2025-03-09T10:17:03.555+0000] {processor.py:927} WARNING - No viable dags retrieved from /opt/airflow/dags/driver/client-v2-0.7.2-javadoc.jar
[2025-03-09T10:17:03.569+0000] {processor.py:208} INFO - Processing /opt/airflow/dags/driver/client-v2-0.7.2-javadoc.jar took 0.033 seconds
[2025-03-09T10:17:33.888+0000] {processor.py:186} INFO - Started process (PID=77) to work on /opt/airflow/dags/driver/client-v2-0.7.2-javadoc.jar
[2025-03-09T10:17:33.889+0000] {processor.py:914} INFO - Processing file /opt/airflow/dags/driver/client-v2-0.7.2-javadoc.jar for tasks to queue
[2025-03-09T10:17:33.891+0000] {logging_mixin.py:190} INFO - [2025-03-09T10:17:33.891+0000] {dagbag.py:588} INFO - Filling up the DagBag from /opt/airflow/dags/driver/client-v2-0.7.2-javadoc.jar
[2025-03-09T10:17:33.894+0000] {processor.py:927} WARNING - No viable dags retrieved from /opt/airflow/dags/driver/client-v2-0.7.2-javadoc.jar
[2025-03-09T10:17:33.905+0000] {processor.py:208} INFO - Processing /opt/airflow/dags/driver/client-v2-0.7.2-javadoc.jar took 0.022 seconds
[2025-03-09T10:18:04.030+0000] {processor.py:186} INFO - Started process (PID=84) to work on /opt/airflow/dags/driver/client-v2-0.7.2-javadoc.jar
[2025-03-09T10:18:04.031+0000] {processor.py:914} INFO - Processing file /opt/airflow/dags/driver/client-v2-0.7.2-javadoc.jar for tasks to queue
[2025-03-09T10:18:04.033+0000] {logging_mixin.py:190} INFO - [2025-03-09T10:18:04.033+0000] {dagbag.py:588} INFO - Filling up the DagBag from /opt/airflow/dags/driver/client-v2-0.7.2-javadoc.jar
[2025-03-09T10:18:04.039+0000] {processor.py:927} WARNING - No viable dags retrieved from /opt/airflow/dags/driver/client-v2-0.7.2-javadoc.jar
[2025-03-09T10:18:04.056+0000] {processor.py:208} INFO - Processing /opt/airflow/dags/driver/client-v2-0.7.2-javadoc.jar took 0.031 seconds
[2025-03-09T10:18:34.145+0000] {processor.py:186} INFO - Started process (PID=91) to work on /opt/airflow/dags/driver/client-v2-0.7.2-javadoc.jar
[2025-03-09T10:18:34.146+0000] {processor.py:914} INFO - Processing file /opt/airflow/dags/driver/client-v2-0.7.2-javadoc.jar for tasks to queue
[2025-03-09T10:18:34.148+0000] {logging_mixin.py:190} INFO - [2025-03-09T10:18:34.148+0000] {dagbag.py:588} INFO - Filling up the DagBag from /opt/airflow/dags/driver/client-v2-0.7.2-javadoc.jar
[2025-03-09T10:18:34.154+0000] {processor.py:927} WARNING - No viable dags retrieved from /opt/airflow/dags/driver/client-v2-0.7.2-javadoc.jar
[2025-03-09T10:18:34.162+0000] {processor.py:208} INFO - Processing /opt/airflow/dags/driver/client-v2-0.7.2-javadoc.jar took 0.021 seconds
[2025-03-09T10:19:04.595+0000] {processor.py:186} INFO - Started process (PID=98) to work on /opt/airflow/dags/driver/client-v2-0.7.2-javadoc.jar
[2025-03-09T10:19:04.596+0000] {processor.py:914} INFO - Processing file /opt/airflow/dags/driver/client-v2-0.7.2-javadoc.jar for tasks to queue
[2025-03-09T10:19:04.597+0000] {logging_mixin.py:190} INFO - [2025-03-09T10:19:04.597+0000] {dagbag.py:588} INFO - Filling up the DagBag from /opt/airflow/dags/driver/client-v2-0.7.2-javadoc.jar
[2025-03-09T10:19:04.601+0000] {processor.py:927} WARNING - No viable dags retrieved from /opt/airflow/dags/driver/client-v2-0.7.2-javadoc.jar
[2025-03-09T10:19:04.611+0000] {processor.py:208} INFO - Processing /opt/airflow/dags/driver/client-v2-0.7.2-javadoc.jar took 0.021 seconds
[2025-03-09T10:19:35.022+0000] {processor.py:186} INFO - Started process (PID=105) to work on /opt/airflow/dags/driver/client-v2-0.7.2-javadoc.jar
[2025-03-09T10:19:35.022+0000] {processor.py:914} INFO - Processing file /opt/airflow/dags/driver/client-v2-0.7.2-javadoc.jar for tasks to queue
[2025-03-09T10:19:35.026+0000] {logging_mixin.py:190} INFO - [2025-03-09T10:19:35.026+0000] {dagbag.py:588} INFO - Filling up the DagBag from /opt/airflow/dags/driver/client-v2-0.7.2-javadoc.jar
[2025-03-09T10:19:35.029+0000] {processor.py:927} WARNING - No viable dags retrieved from /opt/airflow/dags/driver/client-v2-0.7.2-javadoc.jar
[2025-03-09T10:19:35.044+0000] {processor.py:208} INFO - Processing /opt/airflow/dags/driver/client-v2-0.7.2-javadoc.jar took 0.027 seconds
[2025-03-09T10:20:05.391+0000] {processor.py:186} INFO - Started process (PID=112) to work on /opt/airflow/dags/driver/client-v2-0.7.2-javadoc.jar
[2025-03-09T10:20:05.391+0000] {processor.py:914} INFO - Processing file /opt/airflow/dags/driver/client-v2-0.7.2-javadoc.jar for tasks to queue
[2025-03-09T10:20:05.395+0000] {logging_mixin.py:190} INFO - [2025-03-09T10:20:05.394+0000] {dagbag.py:588} INFO - Filling up the DagBag from /opt/airflow/dags/driver/client-v2-0.7.2-javadoc.jar
[2025-03-09T10:20:05.398+0000] {processor.py:927} WARNING - No viable dags retrieved from /opt/airflow/dags/driver/client-v2-0.7.2-javadoc.jar
[2025-03-09T10:20:05.405+0000] {processor.py:208} INFO - Processing /opt/airflow/dags/driver/client-v2-0.7.2-javadoc.jar took 0.018 seconds
[2025-03-09T10:20:35.631+0000] {processor.py:186} INFO - Started process (PID=119) to work on /opt/airflow/dags/driver/client-v2-0.7.2-javadoc.jar
[2025-03-09T10:20:35.632+0000] {processor.py:914} INFO - Processing file /opt/airflow/dags/driver/client-v2-0.7.2-javadoc.jar for tasks to queue
[2025-03-09T10:20:35.634+0000] {logging_mixin.py:190} INFO - [2025-03-09T10:20:35.633+0000] {dagbag.py:588} INFO - Filling up the DagBag from /opt/airflow/dags/driver/client-v2-0.7.2-javadoc.jar
[2025-03-09T10:20:35.641+0000] {processor.py:927} WARNING - No viable dags retrieved from /opt/airflow/dags/driver/client-v2-0.7.2-javadoc.jar
[2025-03-09T10:20:35.655+0000] {processor.py:208} INFO - Processing /opt/airflow/dags/driver/client-v2-0.7.2-javadoc.jar took 0.028 seconds
[2025-03-09T10:29:08.650+0000] {processor.py:186} INFO - Started process (PID=31) to work on /opt/airflow/dags/driver/client-v2-0.7.2-javadoc.jar
[2025-03-09T10:29:08.651+0000] {processor.py:914} INFO - Processing file /opt/airflow/dags/driver/client-v2-0.7.2-javadoc.jar for tasks to queue
[2025-03-09T10:29:08.652+0000] {logging_mixin.py:190} INFO - [2025-03-09T10:29:08.652+0000] {dagbag.py:588} INFO - Filling up the DagBag from /opt/airflow/dags/driver/client-v2-0.7.2-javadoc.jar
[2025-03-09T10:29:08.662+0000] {processor.py:927} WARNING - No viable dags retrieved from /opt/airflow/dags/driver/client-v2-0.7.2-javadoc.jar
[2025-03-09T10:29:08.673+0000] {processor.py:208} INFO - Processing /opt/airflow/dags/driver/client-v2-0.7.2-javadoc.jar took 0.026 seconds
[2025-03-09T10:29:39.705+0000] {processor.py:186} INFO - Started process (PID=38) to work on /opt/airflow/dags/driver/client-v2-0.7.2-javadoc.jar
[2025-03-09T10:29:39.706+0000] {processor.py:914} INFO - Processing file /opt/airflow/dags/driver/client-v2-0.7.2-javadoc.jar for tasks to queue
[2025-03-09T10:29:39.709+0000] {logging_mixin.py:190} INFO - [2025-03-09T10:29:39.709+0000] {dagbag.py:588} INFO - Filling up the DagBag from /opt/airflow/dags/driver/client-v2-0.7.2-javadoc.jar
[2025-03-09T10:29:39.713+0000] {processor.py:927} WARNING - No viable dags retrieved from /opt/airflow/dags/driver/client-v2-0.7.2-javadoc.jar
[2025-03-09T10:29:39.723+0000] {processor.py:208} INFO - Processing /opt/airflow/dags/driver/client-v2-0.7.2-javadoc.jar took 0.026 seconds
[2025-03-09T10:30:10.027+0000] {processor.py:186} INFO - Started process (PID=45) to work on /opt/airflow/dags/driver/client-v2-0.7.2-javadoc.jar
[2025-03-09T10:30:10.048+0000] {processor.py:914} INFO - Processing file /opt/airflow/dags/driver/client-v2-0.7.2-javadoc.jar for tasks to queue
[2025-03-09T10:30:10.054+0000] {logging_mixin.py:190} INFO - [2025-03-09T10:30:10.054+0000] {dagbag.py:588} INFO - Filling up the DagBag from /opt/airflow/dags/driver/client-v2-0.7.2-javadoc.jar
[2025-03-09T10:30:10.070+0000] {processor.py:927} WARNING - No viable dags retrieved from /opt/airflow/dags/driver/client-v2-0.7.2-javadoc.jar
[2025-03-09T10:30:10.084+0000] {processor.py:208} INFO - Processing /opt/airflow/dags/driver/client-v2-0.7.2-javadoc.jar took 0.068 seconds
[2025-03-09T10:30:40.514+0000] {processor.py:186} INFO - Started process (PID=52) to work on /opt/airflow/dags/driver/client-v2-0.7.2-javadoc.jar
[2025-03-09T10:30:40.515+0000] {processor.py:914} INFO - Processing file /opt/airflow/dags/driver/client-v2-0.7.2-javadoc.jar for tasks to queue
[2025-03-09T10:30:40.520+0000] {logging_mixin.py:190} INFO - [2025-03-09T10:30:40.520+0000] {dagbag.py:588} INFO - Filling up the DagBag from /opt/airflow/dags/driver/client-v2-0.7.2-javadoc.jar
[2025-03-09T10:30:40.523+0000] {processor.py:927} WARNING - No viable dags retrieved from /opt/airflow/dags/driver/client-v2-0.7.2-javadoc.jar
[2025-03-09T10:30:40.532+0000] {processor.py:208} INFO - Processing /opt/airflow/dags/driver/client-v2-0.7.2-javadoc.jar took 0.023 seconds
[2025-03-09T10:31:10.907+0000] {processor.py:186} INFO - Started process (PID=59) to work on /opt/airflow/dags/driver/client-v2-0.7.2-javadoc.jar
[2025-03-09T10:31:10.908+0000] {processor.py:914} INFO - Processing file /opt/airflow/dags/driver/client-v2-0.7.2-javadoc.jar for tasks to queue
[2025-03-09T10:31:10.910+0000] {logging_mixin.py:190} INFO - [2025-03-09T10:31:10.910+0000] {dagbag.py:588} INFO - Filling up the DagBag from /opt/airflow/dags/driver/client-v2-0.7.2-javadoc.jar
[2025-03-09T10:31:10.915+0000] {processor.py:927} WARNING - No viable dags retrieved from /opt/airflow/dags/driver/client-v2-0.7.2-javadoc.jar
[2025-03-09T10:31:10.926+0000] {processor.py:208} INFO - Processing /opt/airflow/dags/driver/client-v2-0.7.2-javadoc.jar took 0.023 seconds
[2025-03-09T11:05:18.494+0000] {processor.py:186} INFO - Started process (PID=30) to work on /opt/airflow/dags/driver/client-v2-0.7.2-javadoc.jar
[2025-03-09T11:05:18.496+0000] {processor.py:914} INFO - Processing file /opt/airflow/dags/driver/client-v2-0.7.2-javadoc.jar for tasks to queue
[2025-03-09T11:05:18.499+0000] {logging_mixin.py:190} INFO - [2025-03-09T11:05:18.498+0000] {dagbag.py:588} INFO - Filling up the DagBag from /opt/airflow/dags/driver/client-v2-0.7.2-javadoc.jar
[2025-03-09T11:05:18.513+0000] {processor.py:927} WARNING - No viable dags retrieved from /opt/airflow/dags/driver/client-v2-0.7.2-javadoc.jar
[2025-03-09T11:05:18.525+0000] {processor.py:208} INFO - Processing /opt/airflow/dags/driver/client-v2-0.7.2-javadoc.jar took 0.047 seconds
[2025-03-09T11:06:22.038+0000] {processor.py:186} INFO - Started process (PID=31) to work on /opt/airflow/dags/driver/client-v2-0.7.2-javadoc.jar
[2025-03-09T11:06:22.040+0000] {processor.py:914} INFO - Processing file /opt/airflow/dags/driver/client-v2-0.7.2-javadoc.jar for tasks to queue
[2025-03-09T11:06:22.041+0000] {logging_mixin.py:190} INFO - [2025-03-09T11:06:22.041+0000] {dagbag.py:588} INFO - Filling up the DagBag from /opt/airflow/dags/driver/client-v2-0.7.2-javadoc.jar
[2025-03-09T11:06:22.052+0000] {processor.py:927} WARNING - No viable dags retrieved from /opt/airflow/dags/driver/client-v2-0.7.2-javadoc.jar
[2025-03-09T11:06:22.059+0000] {processor.py:208} INFO - Processing /opt/airflow/dags/driver/client-v2-0.7.2-javadoc.jar took 0.025 seconds
[2025-03-09T11:06:52.160+0000] {processor.py:186} INFO - Started process (PID=38) to work on /opt/airflow/dags/driver/client-v2-0.7.2-javadoc.jar
[2025-03-09T11:06:52.160+0000] {processor.py:914} INFO - Processing file /opt/airflow/dags/driver/client-v2-0.7.2-javadoc.jar for tasks to queue
[2025-03-09T11:06:52.164+0000] {logging_mixin.py:190} INFO - [2025-03-09T11:06:52.164+0000] {dagbag.py:588} INFO - Filling up the DagBag from /opt/airflow/dags/driver/client-v2-0.7.2-javadoc.jar
[2025-03-09T11:06:52.167+0000] {processor.py:927} WARNING - No viable dags retrieved from /opt/airflow/dags/driver/client-v2-0.7.2-javadoc.jar
[2025-03-09T11:06:52.179+0000] {processor.py:208} INFO - Processing /opt/airflow/dags/driver/client-v2-0.7.2-javadoc.jar took 0.023 seconds
[2025-03-09T13:09:23.692+0000] {processor.py:186} INFO - Started process (PID=77) to work on /opt/airflow/dags/driver/client-v2-0.7.2-javadoc.jar
[2025-03-09T13:09:23.693+0000] {processor.py:914} INFO - Processing file /opt/airflow/dags/driver/client-v2-0.7.2-javadoc.jar for tasks to queue
[2025-03-09T13:09:23.695+0000] {logging_mixin.py:190} INFO - [2025-03-09T13:09:23.695+0000] {dagbag.py:588} INFO - Filling up the DagBag from /opt/airflow/dags/driver/client-v2-0.7.2-javadoc.jar
[2025-03-09T13:09:23.706+0000] {processor.py:927} WARNING - No viable dags retrieved from /opt/airflow/dags/driver/client-v2-0.7.2-javadoc.jar
[2025-03-09T13:09:23.715+0000] {processor.py:208} INFO - Processing /opt/airflow/dags/driver/client-v2-0.7.2-javadoc.jar took 0.027 seconds
[2025-03-09T13:09:53.840+0000] {processor.py:186} INFO - Started process (PID=84) to work on /opt/airflow/dags/driver/client-v2-0.7.2-javadoc.jar
[2025-03-09T13:09:53.841+0000] {processor.py:914} INFO - Processing file /opt/airflow/dags/driver/client-v2-0.7.2-javadoc.jar for tasks to queue
[2025-03-09T13:09:53.843+0000] {logging_mixin.py:190} INFO - [2025-03-09T13:09:53.843+0000] {dagbag.py:588} INFO - Filling up the DagBag from /opt/airflow/dags/driver/client-v2-0.7.2-javadoc.jar
[2025-03-09T13:09:53.848+0000] {processor.py:927} WARNING - No viable dags retrieved from /opt/airflow/dags/driver/client-v2-0.7.2-javadoc.jar
[2025-03-09T13:09:53.857+0000] {processor.py:208} INFO - Processing /opt/airflow/dags/driver/client-v2-0.7.2-javadoc.jar took 0.020 seconds
[2025-03-09T13:11:38.886+0000] {processor.py:186} INFO - Started process (PID=19) to work on /opt/airflow/dags/driver/client-v2-0.7.2-javadoc.jar
[2025-03-09T13:11:38.887+0000] {processor.py:914} INFO - Processing file /opt/airflow/dags/driver/client-v2-0.7.2-javadoc.jar for tasks to queue
[2025-03-09T13:11:38.890+0000] {logging_mixin.py:190} INFO - [2025-03-09T13:11:38.890+0000] {dagbag.py:588} INFO - Filling up the DagBag from /opt/airflow/dags/driver/client-v2-0.7.2-javadoc.jar
[2025-03-09T13:11:38.906+0000] {processor.py:927} WARNING - No viable dags retrieved from /opt/airflow/dags/driver/client-v2-0.7.2-javadoc.jar
[2025-03-09T13:11:38.914+0000] {processor.py:208} INFO - Processing /opt/airflow/dags/driver/client-v2-0.7.2-javadoc.jar took 0.032 seconds
[2025-03-09T13:12:09.226+0000] {processor.py:186} INFO - Started process (PID=26) to work on /opt/airflow/dags/driver/client-v2-0.7.2-javadoc.jar
[2025-03-09T13:12:09.227+0000] {processor.py:914} INFO - Processing file /opt/airflow/dags/driver/client-v2-0.7.2-javadoc.jar for tasks to queue
[2025-03-09T13:12:09.233+0000] {logging_mixin.py:190} INFO - [2025-03-09T13:12:09.233+0000] {dagbag.py:588} INFO - Filling up the DagBag from /opt/airflow/dags/driver/client-v2-0.7.2-javadoc.jar
[2025-03-09T13:12:09.237+0000] {processor.py:927} WARNING - No viable dags retrieved from /opt/airflow/dags/driver/client-v2-0.7.2-javadoc.jar
[2025-03-09T13:12:09.247+0000] {processor.py:208} INFO - Processing /opt/airflow/dags/driver/client-v2-0.7.2-javadoc.jar took 0.027 seconds
[2025-03-09T13:18:42.524+0000] {processor.py:186} INFO - Started process (PID=19) to work on /opt/airflow/dags/driver/client-v2-0.7.2-javadoc.jar
[2025-03-09T13:18:42.525+0000] {processor.py:914} INFO - Processing file /opt/airflow/dags/driver/client-v2-0.7.2-javadoc.jar for tasks to queue
[2025-03-09T13:18:42.525+0000] {logging_mixin.py:190} INFO - [2025-03-09T13:18:42.525+0000] {dagbag.py:588} INFO - Filling up the DagBag from /opt/airflow/dags/driver/client-v2-0.7.2-javadoc.jar
[2025-03-09T13:18:42.528+0000] {processor.py:927} WARNING - No viable dags retrieved from /opt/airflow/dags/driver/client-v2-0.7.2-javadoc.jar
[2025-03-09T13:18:42.542+0000] {processor.py:208} INFO - Processing /opt/airflow/dags/driver/client-v2-0.7.2-javadoc.jar took 0.022 seconds
[2025-03-09T13:19:13.472+0000] {processor.py:186} INFO - Started process (PID=26) to work on /opt/airflow/dags/driver/client-v2-0.7.2-javadoc.jar
[2025-03-09T13:19:13.473+0000] {processor.py:914} INFO - Processing file /opt/airflow/dags/driver/client-v2-0.7.2-javadoc.jar for tasks to queue
[2025-03-09T13:19:13.475+0000] {logging_mixin.py:190} INFO - [2025-03-09T13:19:13.475+0000] {dagbag.py:588} INFO - Filling up the DagBag from /opt/airflow/dags/driver/client-v2-0.7.2-javadoc.jar
[2025-03-09T13:19:13.480+0000] {processor.py:927} WARNING - No viable dags retrieved from /opt/airflow/dags/driver/client-v2-0.7.2-javadoc.jar
[2025-03-09T13:19:13.491+0000] {processor.py:208} INFO - Processing /opt/airflow/dags/driver/client-v2-0.7.2-javadoc.jar took 0.028 seconds
[2025-03-09T13:19:43.631+0000] {processor.py:186} INFO - Started process (PID=33) to work on /opt/airflow/dags/driver/client-v2-0.7.2-javadoc.jar
[2025-03-09T13:19:43.634+0000] {processor.py:914} INFO - Processing file /opt/airflow/dags/driver/client-v2-0.7.2-javadoc.jar for tasks to queue
[2025-03-09T13:19:43.637+0000] {logging_mixin.py:190} INFO - [2025-03-09T13:19:43.636+0000] {dagbag.py:588} INFO - Filling up the DagBag from /opt/airflow/dags/driver/client-v2-0.7.2-javadoc.jar
[2025-03-09T13:19:43.640+0000] {processor.py:927} WARNING - No viable dags retrieved from /opt/airflow/dags/driver/client-v2-0.7.2-javadoc.jar
[2025-03-09T13:19:43.650+0000] {processor.py:208} INFO - Processing /opt/airflow/dags/driver/client-v2-0.7.2-javadoc.jar took 0.021 seconds
[2025-03-09T13:20:20.542+0000] {processor.py:186} INFO - Started process (PID=19) to work on /opt/airflow/dags/driver/client-v2-0.7.2-javadoc.jar
[2025-03-09T13:20:20.544+0000] {processor.py:914} INFO - Processing file /opt/airflow/dags/driver/client-v2-0.7.2-javadoc.jar for tasks to queue
[2025-03-09T13:20:20.544+0000] {processor.py:186} INFO - Started process (PID=19) to work on /opt/airflow/dags/driver/client-v2-0.7.2-javadoc.jar
[2025-03-09T13:20:20.545+0000] {processor.py:914} INFO - Processing file /opt/airflow/dags/driver/client-v2-0.7.2-javadoc.jar for tasks to queue
[2025-03-09T13:20:20.546+0000] {logging_mixin.py:190} INFO - [2025-03-09T13:20:20.546+0000] {dagbag.py:588} INFO - Filling up the DagBag from /opt/airflow/dags/driver/client-v2-0.7.2-javadoc.jar
[2025-03-09T13:20:20.545+0000] {logging_mixin.py:190} INFO - [2025-03-09T13:20:20.545+0000] {dagbag.py:588} INFO - Filling up the DagBag from /opt/airflow/dags/driver/client-v2-0.7.2-javadoc.jar
[2025-03-09T13:20:20.551+0000] {processor.py:927} WARNING - No viable dags retrieved from /opt/airflow/dags/driver/client-v2-0.7.2-javadoc.jar
[2025-03-09T13:20:20.553+0000] {processor.py:927} WARNING - No viable dags retrieved from /opt/airflow/dags/driver/client-v2-0.7.2-javadoc.jar
[2025-03-09T13:20:20.561+0000] {processor.py:208} INFO - Processing /opt/airflow/dags/driver/client-v2-0.7.2-javadoc.jar took 0.021 seconds
[2025-03-09T13:20:20.561+0000] {processor.py:208} INFO - Processing /opt/airflow/dags/driver/client-v2-0.7.2-javadoc.jar took 0.025 seconds
[2025-03-09T13:20:25.797+0000] {processor.py:186} INFO - Started process (PID=19) to work on /opt/airflow/dags/driver/client-v2-0.7.2-javadoc.jar
[2025-03-09T13:20:25.802+0000] {processor.py:914} INFO - Processing file /opt/airflow/dags/driver/client-v2-0.7.2-javadoc.jar for tasks to queue
[2025-03-09T13:20:25.807+0000] {logging_mixin.py:190} INFO - [2025-03-09T13:20:25.806+0000] {dagbag.py:588} INFO - Filling up the DagBag from /opt/airflow/dags/driver/client-v2-0.7.2-javadoc.jar
[2025-03-09T13:20:25.819+0000] {processor.py:927} WARNING - No viable dags retrieved from /opt/airflow/dags/driver/client-v2-0.7.2-javadoc.jar
[2025-03-09T13:20:25.839+0000] {processor.py:208} INFO - Processing /opt/airflow/dags/driver/client-v2-0.7.2-javadoc.jar took 0.053 seconds
[2025-03-09T13:20:31.089+0000] {processor.py:186} INFO - Started process (PID=18) to work on /opt/airflow/dags/driver/client-v2-0.7.2-javadoc.jar
[2025-03-09T13:20:31.092+0000] {processor.py:914} INFO - Processing file /opt/airflow/dags/driver/client-v2-0.7.2-javadoc.jar for tasks to queue
[2025-03-09T13:20:31.096+0000] {logging_mixin.py:190} INFO - [2025-03-09T13:20:31.096+0000] {dagbag.py:588} INFO - Filling up the DagBag from /opt/airflow/dags/driver/client-v2-0.7.2-javadoc.jar
[2025-03-09T13:20:31.118+0000] {processor.py:927} WARNING - No viable dags retrieved from /opt/airflow/dags/driver/client-v2-0.7.2-javadoc.jar
[2025-03-09T13:20:31.128+0000] {processor.py:208} INFO - Processing /opt/airflow/dags/driver/client-v2-0.7.2-javadoc.jar took 0.050 seconds
[2025-03-09T13:20:36.344+0000] {processor.py:186} INFO - Started process (PID=19) to work on /opt/airflow/dags/driver/client-v2-0.7.2-javadoc.jar
[2025-03-09T13:20:36.345+0000] {processor.py:914} INFO - Processing file /opt/airflow/dags/driver/client-v2-0.7.2-javadoc.jar for tasks to queue
[2025-03-09T13:20:36.347+0000] {logging_mixin.py:190} INFO - [2025-03-09T13:20:36.347+0000] {dagbag.py:588} INFO - Filling up the DagBag from /opt/airflow/dags/driver/client-v2-0.7.2-javadoc.jar
[2025-03-09T13:20:36.359+0000] {processor.py:927} WARNING - No viable dags retrieved from /opt/airflow/dags/driver/client-v2-0.7.2-javadoc.jar
[2025-03-09T13:20:36.370+0000] {processor.py:208} INFO - Processing /opt/airflow/dags/driver/client-v2-0.7.2-javadoc.jar took 0.030 seconds
[2025-03-09T13:20:41.684+0000] {processor.py:186} INFO - Started process (PID=19) to work on /opt/airflow/dags/driver/client-v2-0.7.2-javadoc.jar
[2025-03-09T13:20:41.686+0000] {processor.py:914} INFO - Processing file /opt/airflow/dags/driver/client-v2-0.7.2-javadoc.jar for tasks to queue
[2025-03-09T13:20:41.687+0000] {logging_mixin.py:190} INFO - [2025-03-09T13:20:41.687+0000] {dagbag.py:588} INFO - Filling up the DagBag from /opt/airflow/dags/driver/client-v2-0.7.2-javadoc.jar
[2025-03-09T13:20:41.700+0000] {processor.py:927} WARNING - No viable dags retrieved from /opt/airflow/dags/driver/client-v2-0.7.2-javadoc.jar
[2025-03-09T13:20:41.720+0000] {processor.py:208} INFO - Processing /opt/airflow/dags/driver/client-v2-0.7.2-javadoc.jar took 0.043 seconds
[2025-03-09T13:23:35.099+0000] {processor.py:186} INFO - Started process (PID=17) to work on /opt/airflow/dags/driver/client-v2-0.7.2-javadoc.jar
[2025-03-09T13:23:35.100+0000] {processor.py:914} INFO - Processing file /opt/airflow/dags/driver/client-v2-0.7.2-javadoc.jar for tasks to queue
[2025-03-09T13:23:35.101+0000] {logging_mixin.py:190} INFO - [2025-03-09T13:23:35.101+0000] {dagbag.py:588} INFO - Filling up the DagBag from /opt/airflow/dags/driver/client-v2-0.7.2-javadoc.jar
[2025-03-09T13:23:35.101+0000] {processor.py:186} INFO - Started process (PID=17) to work on /opt/airflow/dags/driver/client-v2-0.7.2-javadoc.jar
[2025-03-09T13:23:35.102+0000] {processor.py:914} INFO - Processing file /opt/airflow/dags/driver/client-v2-0.7.2-javadoc.jar for tasks to queue
[2025-03-09T13:23:35.107+0000] {logging_mixin.py:190} INFO - [2025-03-09T13:23:35.107+0000] {dagbag.py:588} INFO - Filling up the DagBag from /opt/airflow/dags/driver/client-v2-0.7.2-javadoc.jar
[2025-03-09T13:23:35.113+0000] {processor.py:927} WARNING - No viable dags retrieved from /opt/airflow/dags/driver/client-v2-0.7.2-javadoc.jar
[2025-03-09T13:23:35.116+0000] {processor.py:927} WARNING - No viable dags retrieved from /opt/airflow/dags/driver/client-v2-0.7.2-javadoc.jar
[2025-03-09T13:23:35.136+0000] {processor.py:208} INFO - Processing /opt/airflow/dags/driver/client-v2-0.7.2-javadoc.jar took 0.041 seconds
[2025-03-09T13:23:35.136+0000] {processor.py:208} INFO - Processing /opt/airflow/dags/driver/client-v2-0.7.2-javadoc.jar took 0.045 seconds
[2025-03-09T13:24:05.481+0000] {processor.py:186} INFO - Started process (PID=24) to work on /opt/airflow/dags/driver/client-v2-0.7.2-javadoc.jar
[2025-03-09T13:24:05.483+0000] {processor.py:914} INFO - Processing file /opt/airflow/dags/driver/client-v2-0.7.2-javadoc.jar for tasks to queue
[2025-03-09T13:24:05.487+0000] {logging_mixin.py:190} INFO - [2025-03-09T13:24:05.487+0000] {dagbag.py:588} INFO - Filling up the DagBag from /opt/airflow/dags/driver/client-v2-0.7.2-javadoc.jar
[2025-03-09T13:24:05.490+0000] {processor.py:186} INFO - Started process (PID=24) to work on /opt/airflow/dags/driver/client-v2-0.7.2-javadoc.jar
[2025-03-09T13:24:05.491+0000] {processor.py:914} INFO - Processing file /opt/airflow/dags/driver/client-v2-0.7.2-javadoc.jar for tasks to queue
[2025-03-09T13:24:05.493+0000] {logging_mixin.py:190} INFO - [2025-03-09T13:24:05.493+0000] {dagbag.py:588} INFO - Filling up the DagBag from /opt/airflow/dags/driver/client-v2-0.7.2-javadoc.jar
[2025-03-09T13:24:05.495+0000] {processor.py:927} WARNING - No viable dags retrieved from /opt/airflow/dags/driver/client-v2-0.7.2-javadoc.jar
[2025-03-09T13:24:05.508+0000] {processor.py:927} WARNING - No viable dags retrieved from /opt/airflow/dags/driver/client-v2-0.7.2-javadoc.jar
[2025-03-09T13:24:05.521+0000] {processor.py:208} INFO - Processing /opt/airflow/dags/driver/client-v2-0.7.2-javadoc.jar took 0.041 seconds
[2025-03-09T13:24:05.524+0000] {processor.py:208} INFO - Processing /opt/airflow/dags/driver/client-v2-0.7.2-javadoc.jar took 0.052 seconds
[2025-03-09T13:24:35.678+0000] {processor.py:186} INFO - Started process (PID=31) to work on /opt/airflow/dags/driver/client-v2-0.7.2-javadoc.jar
[2025-03-09T13:24:35.680+0000] {processor.py:914} INFO - Processing file /opt/airflow/dags/driver/client-v2-0.7.2-javadoc.jar for tasks to queue
[2025-03-09T13:24:35.683+0000] {logging_mixin.py:190} INFO - [2025-03-09T13:24:35.683+0000] {dagbag.py:588} INFO - Filling up the DagBag from /opt/airflow/dags/driver/client-v2-0.7.2-javadoc.jar
[2025-03-09T13:24:35.691+0000] {processor.py:927} WARNING - No viable dags retrieved from /opt/airflow/dags/driver/client-v2-0.7.2-javadoc.jar
[2025-03-09T13:24:35.703+0000] {processor.py:208} INFO - Processing /opt/airflow/dags/driver/client-v2-0.7.2-javadoc.jar took 0.035 seconds
[2025-03-09T13:24:35.764+0000] {processor.py:186} INFO - Started process (PID=31) to work on /opt/airflow/dags/driver/client-v2-0.7.2-javadoc.jar
[2025-03-09T13:24:35.765+0000] {processor.py:914} INFO - Processing file /opt/airflow/dags/driver/client-v2-0.7.2-javadoc.jar for tasks to queue
[2025-03-09T13:24:35.767+0000] {logging_mixin.py:190} INFO - [2025-03-09T13:24:35.767+0000] {dagbag.py:588} INFO - Filling up the DagBag from /opt/airflow/dags/driver/client-v2-0.7.2-javadoc.jar
[2025-03-09T13:24:35.775+0000] {processor.py:927} WARNING - No viable dags retrieved from /opt/airflow/dags/driver/client-v2-0.7.2-javadoc.jar
[2025-03-09T13:24:35.796+0000] {processor.py:208} INFO - Processing /opt/airflow/dags/driver/client-v2-0.7.2-javadoc.jar took 0.036 seconds
[2025-03-09T13:25:05.932+0000] {processor.py:186} INFO - Started process (PID=38) to work on /opt/airflow/dags/driver/client-v2-0.7.2-javadoc.jar
[2025-03-09T13:25:05.933+0000] {processor.py:914} INFO - Processing file /opt/airflow/dags/driver/client-v2-0.7.2-javadoc.jar for tasks to queue
[2025-03-09T13:25:05.935+0000] {logging_mixin.py:190} INFO - [2025-03-09T13:25:05.934+0000] {dagbag.py:588} INFO - Filling up the DagBag from /opt/airflow/dags/driver/client-v2-0.7.2-javadoc.jar
[2025-03-09T13:25:05.939+0000] {processor.py:927} WARNING - No viable dags retrieved from /opt/airflow/dags/driver/client-v2-0.7.2-javadoc.jar
[2025-03-09T13:25:05.949+0000] {processor.py:208} INFO - Processing /opt/airflow/dags/driver/client-v2-0.7.2-javadoc.jar took 0.027 seconds
[2025-03-09T13:25:05.962+0000] {processor.py:186} INFO - Started process (PID=38) to work on /opt/airflow/dags/driver/client-v2-0.7.2-javadoc.jar
[2025-03-09T13:25:05.963+0000] {processor.py:914} INFO - Processing file /opt/airflow/dags/driver/client-v2-0.7.2-javadoc.jar for tasks to queue
[2025-03-09T13:25:05.966+0000] {logging_mixin.py:190} INFO - [2025-03-09T13:25:05.966+0000] {dagbag.py:588} INFO - Filling up the DagBag from /opt/airflow/dags/driver/client-v2-0.7.2-javadoc.jar
[2025-03-09T13:25:05.974+0000] {processor.py:927} WARNING - No viable dags retrieved from /opt/airflow/dags/driver/client-v2-0.7.2-javadoc.jar
[2025-03-09T13:25:05.983+0000] {processor.py:208} INFO - Processing /opt/airflow/dags/driver/client-v2-0.7.2-javadoc.jar took 0.024 seconds
[2025-03-09T13:25:36.775+0000] {processor.py:186} INFO - Started process (PID=45) to work on /opt/airflow/dags/driver/client-v2-0.7.2-javadoc.jar
[2025-03-09T13:25:36.777+0000] {processor.py:186} INFO - Started process (PID=45) to work on /opt/airflow/dags/driver/client-v2-0.7.2-javadoc.jar
[2025-03-09T13:25:36.776+0000] {processor.py:914} INFO - Processing file /opt/airflow/dags/driver/client-v2-0.7.2-javadoc.jar for tasks to queue
[2025-03-09T13:25:36.780+0000] {logging_mixin.py:190} INFO - [2025-03-09T13:25:36.779+0000] {dagbag.py:588} INFO - Filling up the DagBag from /opt/airflow/dags/driver/client-v2-0.7.2-javadoc.jar
[2025-03-09T13:25:36.779+0000] {processor.py:914} INFO - Processing file /opt/airflow/dags/driver/client-v2-0.7.2-javadoc.jar for tasks to queue
[2025-03-09T13:25:36.783+0000] {logging_mixin.py:190} INFO - [2025-03-09T13:25:36.782+0000] {dagbag.py:588} INFO - Filling up the DagBag from /opt/airflow/dags/driver/client-v2-0.7.2-javadoc.jar
[2025-03-09T13:25:36.795+0000] {processor.py:927} WARNING - No viable dags retrieved from /opt/airflow/dags/driver/client-v2-0.7.2-javadoc.jar
[2025-03-09T13:25:36.799+0000] {processor.py:927} WARNING - No viable dags retrieved from /opt/airflow/dags/driver/client-v2-0.7.2-javadoc.jar
[2025-03-09T13:25:36.817+0000] {processor.py:208} INFO - Processing /opt/airflow/dags/driver/client-v2-0.7.2-javadoc.jar took 0.059 seconds
[2025-03-09T13:25:36.819+0000] {processor.py:208} INFO - Processing /opt/airflow/dags/driver/client-v2-0.7.2-javadoc.jar took 0.058 seconds
[2025-03-09T13:26:09.090+0000] {processor.py:186} INFO - Started process (PID=17) to work on /opt/airflow/dags/driver/client-v2-0.7.2-javadoc.jar
[2025-03-09T13:26:09.091+0000] {processor.py:914} INFO - Processing file /opt/airflow/dags/driver/client-v2-0.7.2-javadoc.jar for tasks to queue
[2025-03-09T13:26:09.093+0000] {logging_mixin.py:190} INFO - [2025-03-09T13:26:09.093+0000] {dagbag.py:588} INFO - Filling up the DagBag from /opt/airflow/dags/driver/client-v2-0.7.2-javadoc.jar
[2025-03-09T13:26:09.104+0000] {processor.py:927} WARNING - No viable dags retrieved from /opt/airflow/dags/driver/client-v2-0.7.2-javadoc.jar
[2025-03-09T13:26:09.111+0000] {processor.py:208} INFO - Processing /opt/airflow/dags/driver/client-v2-0.7.2-javadoc.jar took 0.025 seconds
[2025-03-09T13:27:33.567+0000] {processor.py:186} INFO - Started process (PID=17) to work on /opt/airflow/dags/driver/client-v2-0.7.2-javadoc.jar
[2025-03-09T13:27:33.569+0000] {processor.py:914} INFO - Processing file /opt/airflow/dags/driver/client-v2-0.7.2-javadoc.jar for tasks to queue
[2025-03-09T13:27:33.571+0000] {logging_mixin.py:190} INFO - [2025-03-09T13:27:33.570+0000] {dagbag.py:588} INFO - Filling up the DagBag from /opt/airflow/dags/driver/client-v2-0.7.2-javadoc.jar
[2025-03-09T13:27:33.579+0000] {processor.py:927} WARNING - No viable dags retrieved from /opt/airflow/dags/driver/client-v2-0.7.2-javadoc.jar
[2025-03-09T13:27:33.593+0000] {processor.py:208} INFO - Processing /opt/airflow/dags/driver/client-v2-0.7.2-javadoc.jar took 0.030 seconds
[2025-03-09T13:28:03.854+0000] {processor.py:186} INFO - Started process (PID=24) to work on /opt/airflow/dags/driver/client-v2-0.7.2-javadoc.jar
[2025-03-09T13:28:03.855+0000] {processor.py:914} INFO - Processing file /opt/airflow/dags/driver/client-v2-0.7.2-javadoc.jar for tasks to queue
[2025-03-09T13:28:03.857+0000] {logging_mixin.py:190} INFO - [2025-03-09T13:28:03.857+0000] {dagbag.py:588} INFO - Filling up the DagBag from /opt/airflow/dags/driver/client-v2-0.7.2-javadoc.jar
[2025-03-09T13:28:03.860+0000] {processor.py:927} WARNING - No viable dags retrieved from /opt/airflow/dags/driver/client-v2-0.7.2-javadoc.jar
[2025-03-09T13:28:03.871+0000] {processor.py:208} INFO - Processing /opt/airflow/dags/driver/client-v2-0.7.2-javadoc.jar took 0.022 seconds
[2025-03-09T13:28:34.148+0000] {processor.py:186} INFO - Started process (PID=31) to work on /opt/airflow/dags/driver/client-v2-0.7.2-javadoc.jar
[2025-03-09T13:28:34.152+0000] {processor.py:914} INFO - Processing file /opt/airflow/dags/driver/client-v2-0.7.2-javadoc.jar for tasks to queue
[2025-03-09T13:28:34.156+0000] {logging_mixin.py:190} INFO - [2025-03-09T13:28:34.156+0000] {dagbag.py:588} INFO - Filling up the DagBag from /opt/airflow/dags/driver/client-v2-0.7.2-javadoc.jar
[2025-03-09T13:28:34.162+0000] {processor.py:927} WARNING - No viable dags retrieved from /opt/airflow/dags/driver/client-v2-0.7.2-javadoc.jar
[2025-03-09T13:28:34.178+0000] {processor.py:208} INFO - Processing /opt/airflow/dags/driver/client-v2-0.7.2-javadoc.jar took 0.034 seconds
[2025-03-09T13:29:04.491+0000] {processor.py:186} INFO - Started process (PID=38) to work on /opt/airflow/dags/driver/client-v2-0.7.2-javadoc.jar
[2025-03-09T13:29:04.492+0000] {processor.py:914} INFO - Processing file /opt/airflow/dags/driver/client-v2-0.7.2-javadoc.jar for tasks to queue
[2025-03-09T13:29:04.493+0000] {logging_mixin.py:190} INFO - [2025-03-09T13:29:04.493+0000] {dagbag.py:588} INFO - Filling up the DagBag from /opt/airflow/dags/driver/client-v2-0.7.2-javadoc.jar
[2025-03-09T13:29:04.496+0000] {processor.py:927} WARNING - No viable dags retrieved from /opt/airflow/dags/driver/client-v2-0.7.2-javadoc.jar
[2025-03-09T13:29:04.514+0000] {processor.py:208} INFO - Processing /opt/airflow/dags/driver/client-v2-0.7.2-javadoc.jar took 0.027 seconds
[2025-03-09T13:29:34.915+0000] {processor.py:186} INFO - Started process (PID=45) to work on /opt/airflow/dags/driver/client-v2-0.7.2-javadoc.jar
[2025-03-09T13:29:34.915+0000] {processor.py:914} INFO - Processing file /opt/airflow/dags/driver/client-v2-0.7.2-javadoc.jar for tasks to queue
[2025-03-09T13:29:34.917+0000] {logging_mixin.py:190} INFO - [2025-03-09T13:29:34.917+0000] {dagbag.py:588} INFO - Filling up the DagBag from /opt/airflow/dags/driver/client-v2-0.7.2-javadoc.jar
[2025-03-09T13:29:34.921+0000] {processor.py:927} WARNING - No viable dags retrieved from /opt/airflow/dags/driver/client-v2-0.7.2-javadoc.jar
[2025-03-09T13:29:34.931+0000] {processor.py:208} INFO - Processing /opt/airflow/dags/driver/client-v2-0.7.2-javadoc.jar took 0.022 seconds
[2025-03-09T13:30:05.321+0000] {processor.py:186} INFO - Started process (PID=52) to work on /opt/airflow/dags/driver/client-v2-0.7.2-javadoc.jar
[2025-03-09T13:30:05.322+0000] {processor.py:914} INFO - Processing file /opt/airflow/dags/driver/client-v2-0.7.2-javadoc.jar for tasks to queue
[2025-03-09T13:30:05.326+0000] {logging_mixin.py:190} INFO - [2025-03-09T13:30:05.325+0000] {dagbag.py:588} INFO - Filling up the DagBag from /opt/airflow/dags/driver/client-v2-0.7.2-javadoc.jar
[2025-03-09T13:30:05.329+0000] {processor.py:927} WARNING - No viable dags retrieved from /opt/airflow/dags/driver/client-v2-0.7.2-javadoc.jar
[2025-03-09T13:30:05.346+0000] {processor.py:208} INFO - Processing /opt/airflow/dags/driver/client-v2-0.7.2-javadoc.jar took 0.028 seconds
[2025-03-09T13:30:54.365+0000] {processor.py:186} INFO - Started process (PID=17) to work on /opt/airflow/dags/driver/client-v2-0.7.2-javadoc.jar
[2025-03-09T13:30:54.366+0000] {processor.py:914} INFO - Processing file /opt/airflow/dags/driver/client-v2-0.7.2-javadoc.jar for tasks to queue
[2025-03-09T13:30:54.368+0000] {logging_mixin.py:190} INFO - [2025-03-09T13:30:54.368+0000] {dagbag.py:588} INFO - Filling up the DagBag from /opt/airflow/dags/driver/client-v2-0.7.2-javadoc.jar
[2025-03-09T13:30:54.379+0000] {processor.py:927} WARNING - No viable dags retrieved from /opt/airflow/dags/driver/client-v2-0.7.2-javadoc.jar
[2025-03-09T13:30:54.401+0000] {processor.py:208} INFO - Processing /opt/airflow/dags/driver/client-v2-0.7.2-javadoc.jar took 0.043 seconds
[2025-03-09T13:31:25.383+0000] {processor.py:186} INFO - Started process (PID=24) to work on /opt/airflow/dags/driver/client-v2-0.7.2-javadoc.jar
[2025-03-09T13:31:25.385+0000] {processor.py:914} INFO - Processing file /opt/airflow/dags/driver/client-v2-0.7.2-javadoc.jar for tasks to queue
[2025-03-09T13:31:25.390+0000] {logging_mixin.py:190} INFO - [2025-03-09T13:31:25.390+0000] {dagbag.py:588} INFO - Filling up the DagBag from /opt/airflow/dags/driver/client-v2-0.7.2-javadoc.jar
[2025-03-09T13:31:25.402+0000] {processor.py:927} WARNING - No viable dags retrieved from /opt/airflow/dags/driver/client-v2-0.7.2-javadoc.jar
[2025-03-09T13:31:25.418+0000] {processor.py:208} INFO - Processing /opt/airflow/dags/driver/client-v2-0.7.2-javadoc.jar took 0.047 seconds
[2025-03-09T13:31:55.912+0000] {processor.py:186} INFO - Started process (PID=31) to work on /opt/airflow/dags/driver/client-v2-0.7.2-javadoc.jar
[2025-03-09T13:31:55.913+0000] {processor.py:914} INFO - Processing file /opt/airflow/dags/driver/client-v2-0.7.2-javadoc.jar for tasks to queue
[2025-03-09T13:31:55.914+0000] {logging_mixin.py:190} INFO - [2025-03-09T13:31:55.914+0000] {dagbag.py:588} INFO - Filling up the DagBag from /opt/airflow/dags/driver/client-v2-0.7.2-javadoc.jar
[2025-03-09T13:31:55.917+0000] {processor.py:927} WARNING - No viable dags retrieved from /opt/airflow/dags/driver/client-v2-0.7.2-javadoc.jar
[2025-03-09T13:31:55.936+0000] {processor.py:208} INFO - Processing /opt/airflow/dags/driver/client-v2-0.7.2-javadoc.jar took 0.031 seconds
[2025-03-09T13:32:26.226+0000] {processor.py:186} INFO - Started process (PID=38) to work on /opt/airflow/dags/driver/client-v2-0.7.2-javadoc.jar
[2025-03-09T13:32:26.226+0000] {processor.py:914} INFO - Processing file /opt/airflow/dags/driver/client-v2-0.7.2-javadoc.jar for tasks to queue
[2025-03-09T13:32:26.228+0000] {logging_mixin.py:190} INFO - [2025-03-09T13:32:26.228+0000] {dagbag.py:588} INFO - Filling up the DagBag from /opt/airflow/dags/driver/client-v2-0.7.2-javadoc.jar
[2025-03-09T13:32:26.230+0000] {processor.py:927} WARNING - No viable dags retrieved from /opt/airflow/dags/driver/client-v2-0.7.2-javadoc.jar
[2025-03-09T13:32:26.253+0000] {processor.py:208} INFO - Processing /opt/airflow/dags/driver/client-v2-0.7.2-javadoc.jar took 0.032 seconds
[2025-03-09T13:32:56.449+0000] {processor.py:186} INFO - Started process (PID=45) to work on /opt/airflow/dags/driver/client-v2-0.7.2-javadoc.jar
[2025-03-09T13:32:56.451+0000] {processor.py:914} INFO - Processing file /opt/airflow/dags/driver/client-v2-0.7.2-javadoc.jar for tasks to queue
[2025-03-09T13:32:56.455+0000] {logging_mixin.py:190} INFO - [2025-03-09T13:32:56.455+0000] {dagbag.py:588} INFO - Filling up the DagBag from /opt/airflow/dags/driver/client-v2-0.7.2-javadoc.jar
[2025-03-09T13:32:56.458+0000] {processor.py:927} WARNING - No viable dags retrieved from /opt/airflow/dags/driver/client-v2-0.7.2-javadoc.jar
[2025-03-09T13:32:56.468+0000] {processor.py:208} INFO - Processing /opt/airflow/dags/driver/client-v2-0.7.2-javadoc.jar took 0.023 seconds
[2025-03-09T13:33:26.964+0000] {processor.py:186} INFO - Started process (PID=52) to work on /opt/airflow/dags/driver/client-v2-0.7.2-javadoc.jar
[2025-03-09T13:33:26.965+0000] {processor.py:914} INFO - Processing file /opt/airflow/dags/driver/client-v2-0.7.2-javadoc.jar for tasks to queue
[2025-03-09T13:33:26.967+0000] {logging_mixin.py:190} INFO - [2025-03-09T13:33:26.967+0000] {dagbag.py:588} INFO - Filling up the DagBag from /opt/airflow/dags/driver/client-v2-0.7.2-javadoc.jar
[2025-03-09T13:33:26.970+0000] {processor.py:927} WARNING - No viable dags retrieved from /opt/airflow/dags/driver/client-v2-0.7.2-javadoc.jar
[2025-03-09T13:33:26.979+0000] {processor.py:208} INFO - Processing /opt/airflow/dags/driver/client-v2-0.7.2-javadoc.jar took 0.022 seconds
[2025-03-09T13:33:57.133+0000] {processor.py:186} INFO - Started process (PID=59) to work on /opt/airflow/dags/driver/client-v2-0.7.2-javadoc.jar
[2025-03-09T13:33:57.134+0000] {processor.py:914} INFO - Processing file /opt/airflow/dags/driver/client-v2-0.7.2-javadoc.jar for tasks to queue
[2025-03-09T13:33:57.137+0000] {logging_mixin.py:190} INFO - [2025-03-09T13:33:57.136+0000] {dagbag.py:588} INFO - Filling up the DagBag from /opt/airflow/dags/driver/client-v2-0.7.2-javadoc.jar
[2025-03-09T13:33:57.139+0000] {processor.py:927} WARNING - No viable dags retrieved from /opt/airflow/dags/driver/client-v2-0.7.2-javadoc.jar
[2025-03-09T13:33:57.147+0000] {processor.py:208} INFO - Processing /opt/airflow/dags/driver/client-v2-0.7.2-javadoc.jar took 0.018 seconds
[2025-03-09T13:34:27.655+0000] {processor.py:186} INFO - Started process (PID=66) to work on /opt/airflow/dags/driver/client-v2-0.7.2-javadoc.jar
[2025-03-09T13:34:27.656+0000] {processor.py:914} INFO - Processing file /opt/airflow/dags/driver/client-v2-0.7.2-javadoc.jar for tasks to queue
[2025-03-09T13:34:27.659+0000] {logging_mixin.py:190} INFO - [2025-03-09T13:34:27.659+0000] {dagbag.py:588} INFO - Filling up the DagBag from /opt/airflow/dags/driver/client-v2-0.7.2-javadoc.jar
[2025-03-09T13:34:27.662+0000] {processor.py:927} WARNING - No viable dags retrieved from /opt/airflow/dags/driver/client-v2-0.7.2-javadoc.jar
[2025-03-09T13:34:27.683+0000] {processor.py:208} INFO - Processing /opt/airflow/dags/driver/client-v2-0.7.2-javadoc.jar took 0.033 seconds
[2025-03-09T13:34:57.969+0000] {processor.py:186} INFO - Started process (PID=73) to work on /opt/airflow/dags/driver/client-v2-0.7.2-javadoc.jar
[2025-03-09T13:34:57.974+0000] {processor.py:914} INFO - Processing file /opt/airflow/dags/driver/client-v2-0.7.2-javadoc.jar for tasks to queue
[2025-03-09T13:34:57.978+0000] {logging_mixin.py:190} INFO - [2025-03-09T13:34:57.978+0000] {dagbag.py:588} INFO - Filling up the DagBag from /opt/airflow/dags/driver/client-v2-0.7.2-javadoc.jar
[2025-03-09T13:34:57.986+0000] {processor.py:927} WARNING - No viable dags retrieved from /opt/airflow/dags/driver/client-v2-0.7.2-javadoc.jar
[2025-03-09T13:34:58.001+0000] {processor.py:208} INFO - Processing /opt/airflow/dags/driver/client-v2-0.7.2-javadoc.jar took 0.037 seconds
[2025-03-09T13:35:28.348+0000] {processor.py:186} INFO - Started process (PID=80) to work on /opt/airflow/dags/driver/client-v2-0.7.2-javadoc.jar
[2025-03-09T13:35:28.349+0000] {processor.py:914} INFO - Processing file /opt/airflow/dags/driver/client-v2-0.7.2-javadoc.jar for tasks to queue
[2025-03-09T13:35:28.353+0000] {logging_mixin.py:190} INFO - [2025-03-09T13:35:28.353+0000] {dagbag.py:588} INFO - Filling up the DagBag from /opt/airflow/dags/driver/client-v2-0.7.2-javadoc.jar
[2025-03-09T13:35:28.360+0000] {processor.py:927} WARNING - No viable dags retrieved from /opt/airflow/dags/driver/client-v2-0.7.2-javadoc.jar
[2025-03-09T13:35:28.389+0000] {processor.py:208} INFO - Processing /opt/airflow/dags/driver/client-v2-0.7.2-javadoc.jar took 0.048 seconds
[2025-03-09T13:35:58.567+0000] {processor.py:186} INFO - Started process (PID=87) to work on /opt/airflow/dags/driver/client-v2-0.7.2-javadoc.jar
[2025-03-09T13:35:58.569+0000] {processor.py:914} INFO - Processing file /opt/airflow/dags/driver/client-v2-0.7.2-javadoc.jar for tasks to queue
[2025-03-09T13:35:58.572+0000] {logging_mixin.py:190} INFO - [2025-03-09T13:35:58.572+0000] {dagbag.py:588} INFO - Filling up the DagBag from /opt/airflow/dags/driver/client-v2-0.7.2-javadoc.jar
[2025-03-09T13:35:58.576+0000] {processor.py:927} WARNING - No viable dags retrieved from /opt/airflow/dags/driver/client-v2-0.7.2-javadoc.jar
[2025-03-09T13:35:58.593+0000] {processor.py:208} INFO - Processing /opt/airflow/dags/driver/client-v2-0.7.2-javadoc.jar took 0.031 seconds
[2025-03-09T13:36:28.746+0000] {processor.py:186} INFO - Started process (PID=94) to work on /opt/airflow/dags/driver/client-v2-0.7.2-javadoc.jar
[2025-03-09T13:36:28.748+0000] {processor.py:914} INFO - Processing file /opt/airflow/dags/driver/client-v2-0.7.2-javadoc.jar for tasks to queue
[2025-03-09T13:36:28.750+0000] {logging_mixin.py:190} INFO - [2025-03-09T13:36:28.750+0000] {dagbag.py:588} INFO - Filling up the DagBag from /opt/airflow/dags/driver/client-v2-0.7.2-javadoc.jar
[2025-03-09T13:36:28.756+0000] {processor.py:927} WARNING - No viable dags retrieved from /opt/airflow/dags/driver/client-v2-0.7.2-javadoc.jar
[2025-03-09T13:36:28.765+0000] {processor.py:208} INFO - Processing /opt/airflow/dags/driver/client-v2-0.7.2-javadoc.jar took 0.023 seconds
[2025-03-09T13:36:58.939+0000] {processor.py:186} INFO - Started process (PID=101) to work on /opt/airflow/dags/driver/client-v2-0.7.2-javadoc.jar
[2025-03-09T13:36:58.940+0000] {processor.py:914} INFO - Processing file /opt/airflow/dags/driver/client-v2-0.7.2-javadoc.jar for tasks to queue
[2025-03-09T13:36:58.943+0000] {logging_mixin.py:190} INFO - [2025-03-09T13:36:58.943+0000] {dagbag.py:588} INFO - Filling up the DagBag from /opt/airflow/dags/driver/client-v2-0.7.2-javadoc.jar
[2025-03-09T13:36:58.948+0000] {processor.py:927} WARNING - No viable dags retrieved from /opt/airflow/dags/driver/client-v2-0.7.2-javadoc.jar
[2025-03-09T13:36:58.964+0000] {processor.py:208} INFO - Processing /opt/airflow/dags/driver/client-v2-0.7.2-javadoc.jar took 0.030 seconds
[2025-03-09T13:37:29.070+0000] {processor.py:186} INFO - Started process (PID=108) to work on /opt/airflow/dags/driver/client-v2-0.7.2-javadoc.jar
[2025-03-09T13:37:29.073+0000] {processor.py:914} INFO - Processing file /opt/airflow/dags/driver/client-v2-0.7.2-javadoc.jar for tasks to queue
[2025-03-09T13:37:29.074+0000] {logging_mixin.py:190} INFO - [2025-03-09T13:37:29.074+0000] {dagbag.py:588} INFO - Filling up the DagBag from /opt/airflow/dags/driver/client-v2-0.7.2-javadoc.jar
[2025-03-09T13:37:29.078+0000] {processor.py:927} WARNING - No viable dags retrieved from /opt/airflow/dags/driver/client-v2-0.7.2-javadoc.jar
[2025-03-09T13:37:29.095+0000] {processor.py:208} INFO - Processing /opt/airflow/dags/driver/client-v2-0.7.2-javadoc.jar took 0.032 seconds
[2025-03-09T13:38:24.122+0000] {processor.py:186} INFO - Started process (PID=16) to work on /opt/airflow/dags/driver/client-v2-0.7.2-javadoc.jar
[2025-03-09T13:38:24.126+0000] {processor.py:914} INFO - Processing file /opt/airflow/dags/driver/client-v2-0.7.2-javadoc.jar for tasks to queue
[2025-03-09T13:38:24.130+0000] {logging_mixin.py:190} INFO - [2025-03-09T13:38:24.129+0000] {dagbag.py:588} INFO - Filling up the DagBag from /opt/airflow/dags/driver/client-v2-0.7.2-javadoc.jar
[2025-03-09T13:38:24.145+0000] {processor.py:927} WARNING - No viable dags retrieved from /opt/airflow/dags/driver/client-v2-0.7.2-javadoc.jar
[2025-03-09T13:38:24.162+0000] {processor.py:208} INFO - Processing /opt/airflow/dags/driver/client-v2-0.7.2-javadoc.jar took 0.047 seconds
[2025-03-09T13:38:55.192+0000] {processor.py:186} INFO - Started process (PID=23) to work on /opt/airflow/dags/driver/client-v2-0.7.2-javadoc.jar
[2025-03-09T13:38:55.193+0000] {processor.py:914} INFO - Processing file /opt/airflow/dags/driver/client-v2-0.7.2-javadoc.jar for tasks to queue
[2025-03-09T13:38:55.199+0000] {logging_mixin.py:190} INFO - [2025-03-09T13:38:55.199+0000] {dagbag.py:588} INFO - Filling up the DagBag from /opt/airflow/dags/driver/client-v2-0.7.2-javadoc.jar
[2025-03-09T13:38:55.206+0000] {processor.py:927} WARNING - No viable dags retrieved from /opt/airflow/dags/driver/client-v2-0.7.2-javadoc.jar
[2025-03-09T13:38:55.235+0000] {processor.py:208} INFO - Processing /opt/airflow/dags/driver/client-v2-0.7.2-javadoc.jar took 0.047 seconds
[2025-03-09T13:39:25.376+0000] {processor.py:186} INFO - Started process (PID=30) to work on /opt/airflow/dags/driver/client-v2-0.7.2-javadoc.jar
[2025-03-09T13:39:25.377+0000] {processor.py:914} INFO - Processing file /opt/airflow/dags/driver/client-v2-0.7.2-javadoc.jar for tasks to queue
[2025-03-09T13:39:25.379+0000] {logging_mixin.py:190} INFO - [2025-03-09T13:39:25.379+0000] {dagbag.py:588} INFO - Filling up the DagBag from /opt/airflow/dags/driver/client-v2-0.7.2-javadoc.jar
[2025-03-09T13:39:25.383+0000] {processor.py:927} WARNING - No viable dags retrieved from /opt/airflow/dags/driver/client-v2-0.7.2-javadoc.jar
[2025-03-09T13:39:25.398+0000] {processor.py:208} INFO - Processing /opt/airflow/dags/driver/client-v2-0.7.2-javadoc.jar took 0.027 seconds
[2025-03-09T13:39:55.638+0000] {processor.py:186} INFO - Started process (PID=37) to work on /opt/airflow/dags/driver/client-v2-0.7.2-javadoc.jar
[2025-03-09T13:39:55.639+0000] {processor.py:914} INFO - Processing file /opt/airflow/dags/driver/client-v2-0.7.2-javadoc.jar for tasks to queue
[2025-03-09T13:39:55.642+0000] {logging_mixin.py:190} INFO - [2025-03-09T13:39:55.641+0000] {dagbag.py:588} INFO - Filling up the DagBag from /opt/airflow/dags/driver/client-v2-0.7.2-javadoc.jar
[2025-03-09T13:39:55.648+0000] {processor.py:927} WARNING - No viable dags retrieved from /opt/airflow/dags/driver/client-v2-0.7.2-javadoc.jar
[2025-03-09T13:39:55.660+0000] {processor.py:208} INFO - Processing /opt/airflow/dags/driver/client-v2-0.7.2-javadoc.jar took 0.026 seconds
[2025-03-09T13:40:26.289+0000] {processor.py:186} INFO - Started process (PID=44) to work on /opt/airflow/dags/driver/client-v2-0.7.2-javadoc.jar
[2025-03-09T13:40:26.290+0000] {processor.py:914} INFO - Processing file /opt/airflow/dags/driver/client-v2-0.7.2-javadoc.jar for tasks to queue
[2025-03-09T13:40:26.292+0000] {logging_mixin.py:190} INFO - [2025-03-09T13:40:26.292+0000] {dagbag.py:588} INFO - Filling up the DagBag from /opt/airflow/dags/driver/client-v2-0.7.2-javadoc.jar
[2025-03-09T13:40:26.296+0000] {processor.py:927} WARNING - No viable dags retrieved from /opt/airflow/dags/driver/client-v2-0.7.2-javadoc.jar
[2025-03-09T13:40:26.307+0000] {processor.py:208} INFO - Processing /opt/airflow/dags/driver/client-v2-0.7.2-javadoc.jar took 0.025 seconds
[2025-03-09T13:40:56.438+0000] {processor.py:186} INFO - Started process (PID=51) to work on /opt/airflow/dags/driver/client-v2-0.7.2-javadoc.jar
[2025-03-09T13:40:56.439+0000] {processor.py:914} INFO - Processing file /opt/airflow/dags/driver/client-v2-0.7.2-javadoc.jar for tasks to queue
[2025-03-09T13:40:56.441+0000] {logging_mixin.py:190} INFO - [2025-03-09T13:40:56.441+0000] {dagbag.py:588} INFO - Filling up the DagBag from /opt/airflow/dags/driver/client-v2-0.7.2-javadoc.jar
[2025-03-09T13:40:56.444+0000] {processor.py:927} WARNING - No viable dags retrieved from /opt/airflow/dags/driver/client-v2-0.7.2-javadoc.jar
[2025-03-09T13:40:56.453+0000] {processor.py:208} INFO - Processing /opt/airflow/dags/driver/client-v2-0.7.2-javadoc.jar took 0.020 seconds
[2025-03-09T13:41:26.583+0000] {processor.py:186} INFO - Started process (PID=57) to work on /opt/airflow/dags/driver/client-v2-0.7.2-javadoc.jar
[2025-03-09T13:41:26.584+0000] {processor.py:914} INFO - Processing file /opt/airflow/dags/driver/client-v2-0.7.2-javadoc.jar for tasks to queue
[2025-03-09T13:41:26.587+0000] {logging_mixin.py:190} INFO - [2025-03-09T13:41:26.586+0000] {dagbag.py:588} INFO - Filling up the DagBag from /opt/airflow/dags/driver/client-v2-0.7.2-javadoc.jar
[2025-03-09T13:41:26.591+0000] {processor.py:927} WARNING - No viable dags retrieved from /opt/airflow/dags/driver/client-v2-0.7.2-javadoc.jar
[2025-03-09T13:41:26.613+0000] {processor.py:208} INFO - Processing /opt/airflow/dags/driver/client-v2-0.7.2-javadoc.jar took 0.048 seconds
[2025-03-09T13:41:57.086+0000] {processor.py:186} INFO - Started process (PID=65) to work on /opt/airflow/dags/driver/client-v2-0.7.2-javadoc.jar
[2025-03-09T13:41:57.087+0000] {processor.py:914} INFO - Processing file /opt/airflow/dags/driver/client-v2-0.7.2-javadoc.jar for tasks to queue
[2025-03-09T13:41:57.089+0000] {logging_mixin.py:190} INFO - [2025-03-09T13:41:57.088+0000] {dagbag.py:588} INFO - Filling up the DagBag from /opt/airflow/dags/driver/client-v2-0.7.2-javadoc.jar
[2025-03-09T13:41:57.092+0000] {processor.py:927} WARNING - No viable dags retrieved from /opt/airflow/dags/driver/client-v2-0.7.2-javadoc.jar
[2025-03-09T13:41:57.102+0000] {processor.py:208} INFO - Processing /opt/airflow/dags/driver/client-v2-0.7.2-javadoc.jar took 0.023 seconds
[2025-03-09T13:42:27.325+0000] {processor.py:186} INFO - Started process (PID=73) to work on /opt/airflow/dags/driver/client-v2-0.7.2-javadoc.jar
[2025-03-09T13:42:27.326+0000] {processor.py:914} INFO - Processing file /opt/airflow/dags/driver/client-v2-0.7.2-javadoc.jar for tasks to queue
[2025-03-09T13:42:27.328+0000] {logging_mixin.py:190} INFO - [2025-03-09T13:42:27.328+0000] {dagbag.py:588} INFO - Filling up the DagBag from /opt/airflow/dags/driver/client-v2-0.7.2-javadoc.jar
[2025-03-09T13:42:27.334+0000] {processor.py:927} WARNING - No viable dags retrieved from /opt/airflow/dags/driver/client-v2-0.7.2-javadoc.jar
[2025-03-09T13:42:27.349+0000] {processor.py:208} INFO - Processing /opt/airflow/dags/driver/client-v2-0.7.2-javadoc.jar took 0.033 seconds
